#! /c/Source/iverilog-install/bin/vvp
:ivl_version "12.0 (devel)" "(s20150603-1110-g18392a46)";
:ivl_delay_selection "TYPICAL";
:vpi_time_precision - 12;
:vpi_module "C:\iverilog\lib\ivl\system.vpi";
:vpi_module "C:\iverilog\lib\ivl\vhdl_sys.vpi";
:vpi_module "C:\iverilog\lib\ivl\vhdl_textio.vpi";
:vpi_module "C:\iverilog\lib\ivl\v2005_math.vpi";
:vpi_module "C:\iverilog\lib\ivl\va_math.vpi";
S_0000016c045ebe60 .scope module, "FLOAT_ADD_tb" "FLOAT_ADD_tb" 2 5;
 .timescale -9 -12;
P_0000016c045ebff0 .param/l "BIAS" 1 2 7, +C4<00000000000000000000001111111111>;
P_0000016c045ec028 .param/l "BIT" 1 2 6, +C4<00000000000000000000000001000000>;
P_0000016c045ec060 .param/l "EXPONENT_LEN" 1 2 8, +C4<00000000000000000000000000001011>;
P_0000016c045ec098 .param/l "MANTISSA_LEN" 1 2 9, +C4<00000000000000000000000000110100>;
P_0000016c045ec0d0 .param/l "N" 1 2 10, +C4<00000000000000000000001111101000>;
P_0000016c045ec108 .param/l "PERIOD" 1 2 11, +C4<00000000000000000000000000000010>;
v0000016c0460cdd0_0 .var "clk", 0 0;
v0000016c0460c510_0 .var/i "errors", 31 0;
v0000016c0460daf0_0 .var/i "fd", 31 0;
v0000016c0460cc90 .array "golden_result", 999 0, 63 0;
v0000016c0460c330_0 .var/i "i", 31 0;
v0000016c0460d2d0_0 .var/i "j", 31 0;
v0000016c0460db90_0 .var/i "k", 31 0;
v0000016c0460cd30_0 .var "num1", 63 0;
v0000016c0460d370 .array "num1_mem", 999 0, 63 0;
v0000016c0460c470_0 .var "num2", 63 0;
v0000016c0460cbf0 .array "num2_mem", 999 0, 63 0;
v0000016c0460d410_0 .var/i "r", 31 0;
v0000016c0460da50_0 .net "ready", 0 0, L_0000016c045c6580;  1 drivers
v0000016c0460d190_0 .net "result", 63 0, L_0000016c049e3340;  1 drivers
v0000016c0460dd70_0 .var "rstn", 0 0;
v0000016c0460c5b0_0 .var "t1", 63 0;
v0000016c0460cab0_0 .var "t2", 63 0;
v0000016c0460c650_0 .var "t3", 63 0;
v0000016c0460c8d0_0 .var/i "timeout", 31 0;
v0000016c0460d550_0 .var "valid", 0 0;
E_0000016c045e48f0 .event posedge, v0000016c045c0970_0;
E_0000016c045e3f70 .event anyedge, v0000016c0460c1f0_0;
E_0000016c045e4130 .event negedge, v0000016c045c0970_0;
S_0000016c045a9d10 .scope module, "uut" "FLOAT_ADD" 2 25, 3 6 0, S_0000016c045ebe60;
 .timescale -9 -12;
    .port_info 0 /INPUT 64 "num1";
    .port_info 1 /INPUT 64 "num2";
    .port_info 2 /INPUT 1 "clk";
    .port_info 3 /INPUT 1 "rstn";
    .port_info 4 /INPUT 1 "valid";
    .port_info 5 /OUTPUT 64 "result";
    .port_info 6 /OUTPUT 1 "ready";
P_0000016c045a9ea0 .param/l "BIAS" 1 3 16, +C4<00000000000000000000001111111111>;
P_0000016c045a9ed8 .param/l "BIT" 1 3 15, +C4<00000000000000000000000001000000>;
P_0000016c045a9f10 .param/l "EXPONENT_LEN" 1 3 17, +C4<00000000000000000000000000001011>;
P_0000016c045a9f48 .param/l "MANTISSA_LEN" 1 3 18, +C4<00000000000000000000000000110100>;
L_0000016c045c7000 .functor NOT 1, L_0000016c0460cf10, C4<0>, C4<0>, C4<0>;
L_0000016c045c69e0 .functor NOT 1, L_0000016c0460d4b0, C4<0>, C4<0>, C4<0>;
L_0000016c045c71c0 .functor OR 1, L_0000016c0460d050, L_0000016c0460d0f0, C4<0>, C4<0>;
L_0000016c045c6f20 .functor OR 1, L_0000016c045c71c0, L_0000016c0460d690, C4<0>, C4<0>;
L_0000016c045c6ba0 .functor AND 1, L_0000016c0460cfb0, L_0000016c045c6f20, C4<1>, C4<1>;
L_0000016c045c6900 .functor OR 1, L_0000016c0460d9b0, L_0000016c0460de10, C4<0>, C4<0>;
L_0000016c045c7230 .functor OR 1, L_0000016c045c6900, L_0000016c0460d870, C4<0>, C4<0>;
L_0000016c045c7380 .functor AND 1, L_0000016c0460d910, L_0000016c045c7230, C4<1>, C4<1>;
L_0000016c045c6580 .functor BUFZ 1, v0000016c0460c0b0_0, C4<0>, C4<0>, C4<0>;
v0000016c045bfe30_0 .net "Guard_1", 0 0, L_0000016c0460cfb0;  1 drivers
v0000016c045c0010_0 .net "Guard_2", 0 0, L_0000016c0460d910;  1 drivers
v0000016c045c1870_0 .net "LSB_1", 0 0, L_0000016c0460d690;  1 drivers
v0000016c045c1910_0 .net "LSB_2", 0 0, L_0000016c0460d870;  1 drivers
v0000016c045c0790_0 .net "Round_1", 0 0, L_0000016c0460d050;  1 drivers
v0000016c045c1a50_0 .net "Round_2", 0 0, L_0000016c0460d9b0;  1 drivers
v0000016c045c0b50_0 .net "Sticky_1", 0 0, L_0000016c0460d0f0;  1 drivers
v0000016c045c0330_0 .net "Sticky_2", 0 0, L_0000016c0460de10;  1 drivers
v0000016c045c1af0_0 .net *"_ivl_1", 0 0, L_0000016c0460cf10;  1 drivers
L_0000016c0498a100 .functor BUFT 1, C4<0000000000000000000000000000000000000000000000000000>, C4<0>, C4<0>, C4<0>;
v0000016c045c0dd0_0 .net/2u *"_ivl_12", 51 0, L_0000016c0498a100;  1 drivers
L_0000016c0498a148 .functor BUFT 1, C4<000000000000>, C4<0>, C4<0>, C4<0>;
v0000016c045c0290_0 .net *"_ivl_16", 11 0, L_0000016c0498a148;  1 drivers
v0000016c045c10f0_0 .net *"_ivl_19", 11 0, L_0000016c0460c790;  1 drivers
v0000016c045c03d0_0 .net *"_ivl_35", 49 0, L_0000016c0460d230;  1 drivers
v0000016c045c1370_0 .net *"_ivl_45", 49 0, L_0000016c0460dc30;  1 drivers
v0000016c045c0e70_0 .net *"_ivl_48", 0 0, L_0000016c045c71c0;  1 drivers
v0000016c045c1050_0 .net *"_ivl_5", 0 0, L_0000016c0460d4b0;  1 drivers
v0000016c045c08d0_0 .net *"_ivl_50", 0 0, L_0000016c045c6f20;  1 drivers
v0000016c045c0510_0 .net *"_ivl_54", 0 0, L_0000016c045c6900;  1 drivers
v0000016c045c0f10_0 .net *"_ivl_56", 0 0, L_0000016c045c7230;  1 drivers
L_0000016c0498a190 .functor BUFT 1, C4<0>, C4<0>, C4<0>, C4<0>;
v0000016c045c15f0_0 .net/2u *"_ivl_62", 0 0, L_0000016c0498a190;  1 drivers
L_0000016c0498a1d8 .functor BUFT 1, C4<00000000000>, C4<0>, C4<0>, C4<0>;
v0000016c045bfed0_0 .net/2u *"_ivl_64", 10 0, L_0000016c0498a1d8;  1 drivers
v0000016c045c12d0_0 .net *"_ivl_67", 51 0, L_0000016c049e32a0;  1 drivers
L_0000016c0498a0b8 .functor BUFT 1, C4<0000000000000000000000000000000000000000000000000000>, C4<0>, C4<0>, C4<0>;
v0000016c045c1690_0 .net/2u *"_ivl_8", 51 0, L_0000016c0498a0b8;  1 drivers
v0000016c045c0fb0_0 .net "check_denor1", 0 0, L_0000016c045c7000;  1 drivers
v0000016c045c0650_0 .net "check_denor2", 0 0, L_0000016c045c69e0;  1 drivers
v0000016c045c0970_0 .net "clk", 0 0, v0000016c0460cdd0_0;  1 drivers
v0000016c045c05b0_0 .var "lod_pos", 5 0;
v0000016c045bfc50_0 .net "num1", 63 0, v0000016c0460cd30_0;  1 drivers
v0000016c045c0830_0 .net "num2", 63 0, v0000016c0460c470_0;  1 drivers
v0000016c045c00b0_0 .var "pip1_exponent1", 10 0;
v0000016c045c1230_0 .var "pip1_exponent2", 10 0;
v0000016c045c0a10_0 .var "pip1_mantissa1", 51 0;
v0000016c045c0c90_0 .var "pip1_mantissa2", 51 0;
v0000016c045c0d30_0 .var "pip1_sign1", 0 0;
v0000016c045c1190_0 .var "pip1_sign2", 0 0;
v0000016c045c1410_0 .var "pip1_valid", 0 0;
v0000016c045c14b0_0 .var "pip2_exponent1", 10 0;
v0000016c049899f0_0 .var "pip2_exponent2", 10 0;
v0000016c049889b0_0 .var/s "pip2_exponent_diff", 11 0;
v0000016c04989bd0_0 .var "pip2_mantissa1", 52 0;
v0000016c04988230_0 .net "pip2_mantissa1_shift", 104 0, L_0000016c0460c970;  1 drivers
v0000016c049896d0_0 .net "pip2_mantissa1_shifted", 104 0, L_0000016c0460c830;  1 drivers
v0000016c04989a90_0 .var "pip2_mantissa2", 52 0;
v0000016c049880f0_0 .net "pip2_mantissa2_shift", 104 0, L_0000016c0460deb0;  1 drivers
v0000016c049885f0_0 .net "pip2_mantissa2_shifted", 104 0, L_0000016c0460d7d0;  1 drivers
v0000016c04988190_0 .var "pip2_sign1", 0 0;
v0000016c04988eb0_0 .var "pip2_sign2", 0 0;
v0000016c04988730_0 .var "pip2_valid", 0 0;
v0000016c04988ff0_0 .var "pip3_exponent1", 10 0;
v0000016c04988f50_0 .var "pip3_exponent2", 10 0;
v0000016c04988af0_0 .var "pip3_mantissa1", 52 0;
v0000016c04989270_0 .var "pip3_mantissa1_next", 52 0;
v0000016c04988a50_0 .net "pip3_mantissa1_tmp", 52 0, L_0000016c0460d730;  1 drivers
v0000016c04989b30_0 .var "pip3_mantissa2", 52 0;
v0000016c04989d10_0 .var "pip3_mantissa2_next", 52 0;
v0000016c04989c70_0 .net "pip3_mantissa2_tmp", 52 0, L_0000016c0460ca10;  1 drivers
v0000016c04988b90_0 .var "pip3_sign1", 0 0;
v0000016c04989db0_0 .var "pip3_sign2", 0 0;
v0000016c04989810_0 .var "pip3_valid", 0 0;
v0000016c04988410_0 .var "pip4_compare", 0 0;
v0000016c04989090_0 .var "pip4_exponent1", 10 0;
v0000016c04988e10_0 .var "pip4_exponent2", 10 0;
v0000016c04988c30_0 .var "pip4_mantissaA", 52 0;
v0000016c04989590_0 .var "pip4_mantissaB", 52 0;
v0000016c04988cd0_0 .var "pip4_sign1", 0 0;
v0000016c04989130_0 .var "pip4_sign2", 0 0;
v0000016c049891d0_0 .var "pip4_valid", 0 0;
v0000016c04989310_0 .var/s "pip5_add", 53 0;
v0000016c04989e50_0 .var "pip5_complement", 0 0;
v0000016c049884b0_0 .var "pip5_complement_tmp", 0 0;
v0000016c04988d70_0 .var "pip5_exponent", 10 0;
v0000016c049893b0_0 .var/s "pip5_mantissa", 53 0;
v0000016c04989450_0 .var "pip5_sign", 0 0;
v0000016c049894f0_0 .var "pip5_sign_tmp", 0 0;
v0000016c049882d0_0 .var/s "pip5_sub", 53 0;
v0000016c04989630_0 .var "pip5_valid", 0 0;
v0000016c04989950_0 .var "pip6_exponent", 10 0;
v0000016c04988690_0 .var "pip6_mantissa", 53 0;
v0000016c04989770_0 .var "pip6_sign", 0 0;
v0000016c049898b0_0 .var "pip6_valid", 0 0;
v0000016c04989ef0_0 .var "pip7_exponent", 10 0;
v0000016c04989f90_0 .var "pip7_mantissa", 53 0;
v0000016c049887d0_0 .net "pip7_result", 63 0, L_0000016c049e28a0;  1 drivers
v0000016c04988370_0 .var "pip7_sign", 0 0;
v0000016c04988550_0 .var "pip7_valid", 0 0;
v0000016c04988870_0 .var "pip8_exponent", 10 0;
v0000016c04988910_0 .var "pip8_mantissa", 51 0;
v0000016c0460c6f0_0 .var "pip8_mantissa_shift", 53 0;
v0000016c0460c150_0 .var "pip8_sign", 0 0;
v0000016c0460c0b0_0 .var "pip8_valid", 0 0;
v0000016c0460c3d0_0 .net "ready", 0 0, L_0000016c045c6580;  alias, 1 drivers
v0000016c0460ce70_0 .net "result", 63 0, L_0000016c049e3340;  alias, 1 drivers
v0000016c0460cb50_0 .net "round_up1", 0 0, L_0000016c045c6ba0;  1 drivers
v0000016c0460df50_0 .net "round_up2", 0 0, L_0000016c045c7380;  1 drivers
v0000016c0460c1f0_0 .net "rstn", 0 0, v0000016c0460dd70_0;  1 drivers
v0000016c0460c290_0 .var/s "shift", 5 0;
v0000016c0460d5f0_0 .net "valid", 0 0, v0000016c0460d550_0;  1 drivers
E_0000016c045e46f0 .event anyedge, v0000016c049887d0_0, v0000016c045c05b0_0, v0000016c04989f90_0, v0000016c0460c290_0;
E_0000016c045e45b0/0 .event negedge, v0000016c0460c1f0_0;
E_0000016c045e45b0/1 .event posedge, v0000016c045c0970_0;
E_0000016c045e45b0 .event/or E_0000016c045e45b0/0, E_0000016c045e45b0/1;
E_0000016c045e4b30/0 .event anyedge, v0000016c04988c30_0, v0000016c04989590_0, v0000016c04988410_0, v0000016c04988cd0_0;
E_0000016c045e4b30/1 .event anyedge, v0000016c04989130_0;
E_0000016c045e4b30 .event/or E_0000016c045e4b30/0, E_0000016c045e4b30/1;
E_0000016c045e3fb0 .event anyedge, v0000016c0460cb50_0, v0000016c04988a50_0, v0000016c0460df50_0, v0000016c04989c70_0;
L_0000016c0460cf10 .reduce/or v0000016c045c00b0_0;
L_0000016c0460d4b0 .reduce/or v0000016c045c1230_0;
L_0000016c0460c970 .concat [ 52 53 0 0], L_0000016c0498a0b8, v0000016c04989bd0_0;
L_0000016c0460deb0 .concat [ 52 53 0 0], L_0000016c0498a100, v0000016c04989a90_0;
L_0000016c0460c790 .arith/sub 12, L_0000016c0498a148, v0000016c049889b0_0;
L_0000016c0460c830 .shift/r 105, L_0000016c0460c970, L_0000016c0460c790;
L_0000016c0460d7d0 .shift/r 105, L_0000016c0460deb0, v0000016c049889b0_0;
L_0000016c0460d730 .part L_0000016c0460c830, 52, 53;
L_0000016c0460ca10 .part L_0000016c0460d7d0, 52, 53;
L_0000016c0460d690 .part L_0000016c0460c830, 52, 1;
L_0000016c0460cfb0 .part L_0000016c0460c830, 51, 1;
L_0000016c0460d050 .part L_0000016c0460c830, 50, 1;
L_0000016c0460d230 .part L_0000016c0460c830, 0, 50;
L_0000016c0460d0f0 .reduce/or L_0000016c0460d230;
L_0000016c0460d870 .part L_0000016c0460d7d0, 52, 1;
L_0000016c0460d910 .part L_0000016c0460d7d0, 51, 1;
L_0000016c0460d9b0 .part L_0000016c0460d7d0, 50, 1;
L_0000016c0460dc30 .part L_0000016c0460d7d0, 0, 50;
L_0000016c0460de10 .reduce/or L_0000016c0460dc30;
L_0000016c049e32a0 .part v0000016c04989f90_0, 0, 52;
L_0000016c049e28a0 .concat [ 52 11 1 0], L_0000016c049e32a0, L_0000016c0498a1d8, L_0000016c0498a190;
L_0000016c049e3340 .concat [ 52 11 1 0], v0000016c04988910_0, v0000016c04988870_0, v0000016c0460c150_0;
    .scope S_0000016c045a9d10;
T_0 ;
    %wait E_0000016c045e45b0;
    %load/vec4 v0000016c0460c1f0_0;
    %nor/r;
    %flag_set/vec4 8;
    %jmp/0xz  T_0.0, 8;
    %pushi/vec4 0, 0, 1;
    %assign/vec4 v0000016c045c0d30_0, 0;
    %pushi/vec4 0, 0, 1;
    %assign/vec4 v0000016c045c1190_0, 0;
    %pushi/vec4 0, 0, 11;
    %assign/vec4 v0000016c045c00b0_0, 0;
    %pushi/vec4 0, 0, 11;
    %assign/vec4 v0000016c045c1230_0, 0;
    %pushi/vec4 0, 0, 52;
    %assign/vec4 v0000016c045c0a10_0, 0;
    %pushi/vec4 0, 0, 52;
    %assign/vec4 v0000016c045c0c90_0, 0;
    %pushi/vec4 0, 0, 1;
    %assign/vec4 v0000016c045c1410_0, 0;
    %jmp T_0.1;
T_0.0 ;
    %load/vec4 v0000016c045bfc50_0;
    %parti/s 1, 63, 7;
    %assign/vec4 v0000016c045c0d30_0, 0;
    %load/vec4 v0000016c045c0830_0;
    %parti/s 1, 63, 7;
    %assign/vec4 v0000016c045c1190_0, 0;
    %load/vec4 v0000016c045bfc50_0;
    %parti/s 11, 52, 7;
    %assign/vec4 v0000016c045c00b0_0, 0;
    %load/vec4 v0000016c045c0830_0;
    %parti/s 11, 52, 7;
    %assign/vec4 v0000016c045c1230_0, 0;
    %load/vec4 v0000016c045bfc50_0;
    %parti/s 52, 0, 2;
    %assign/vec4 v0000016c045c0a10_0, 0;
    %load/vec4 v0000016c045c0830_0;
    %parti/s 52, 0, 2;
    %assign/vec4 v0000016c045c0c90_0, 0;
    %load/vec4 v0000016c0460d5f0_0;
    %assign/vec4 v0000016c045c1410_0, 0;
T_0.1 ;
    %jmp T_0;
    .thread T_0;
    .scope S_0000016c045a9d10;
T_1 ;
    %wait E_0000016c045e45b0;
    %load/vec4 v0000016c0460c1f0_0;
    %nor/r;
    %flag_set/vec4 8;
    %jmp/0xz  T_1.0, 8;
    %pushi/vec4 0, 0, 1;
    %assign/vec4 v0000016c04988190_0, 0;
    %pushi/vec4 0, 0, 1;
    %assign/vec4 v0000016c04988eb0_0, 0;
    %pushi/vec4 0, 0, 1;
    %assign/vec4 v0000016c04988730_0, 0;
    %pushi/vec4 0, 0, 11;
    %assign/vec4 v0000016c045c14b0_0, 0;
    %pushi/vec4 0, 0, 11;
    %assign/vec4 v0000016c049899f0_0, 0;
    %pushi/vec4 0, 0, 53;
    %assign/vec4 v0000016c04989bd0_0, 0;
    %pushi/vec4 0, 0, 53;
    %assign/vec4 v0000016c04989a90_0, 0;
    %pushi/vec4 0, 0, 12;
    %assign/vec4 v0000016c049889b0_0, 0;
    %jmp T_1.1;
T_1.0 ;
    %load/vec4 v0000016c045c0d30_0;
    %assign/vec4 v0000016c04988190_0, 0;
    %load/vec4 v0000016c045c1190_0;
    %assign/vec4 v0000016c04988eb0_0, 0;
    %load/vec4 v0000016c045c1410_0;
    %assign/vec4 v0000016c04988730_0, 0;
    %load/vec4 v0000016c045c00b0_0;
    %assign/vec4 v0000016c045c14b0_0, 0;
    %load/vec4 v0000016c045c1230_0;
    %assign/vec4 v0000016c049899f0_0, 0;
    %load/vec4 v0000016c045c00b0_0;
    %pad/u 12;
    %load/vec4 v0000016c045c1230_0;
    %pad/u 12;
    %sub;
    %assign/vec4 v0000016c049889b0_0, 0;
    %load/vec4 v0000016c045c0fb0_0;
    %flag_set/vec4 8;
    %jmp/0xz  T_1.2, 8;
    %pushi/vec4 0, 0, 1;
    %load/vec4 v0000016c045c0a10_0;
    %concat/vec4; draw_concat_vec4
    %assign/vec4 v0000016c04989bd0_0, 0;
    %jmp T_1.3;
T_1.2 ;
    %pushi/vec4 1, 0, 1;
    %load/vec4 v0000016c045c0a10_0;
    %concat/vec4; draw_concat_vec4
    %assign/vec4 v0000016c04989bd0_0, 0;
T_1.3 ;
    %load/vec4 v0000016c045c0650_0;
    %flag_set/vec4 8;
    %jmp/0xz  T_1.4, 8;
    %pushi/vec4 0, 0, 1;
    %load/vec4 v0000016c045c0c90_0;
    %concat/vec4; draw_concat_vec4
    %assign/vec4 v0000016c04989a90_0, 0;
    %jmp T_1.5;
T_1.4 ;
    %pushi/vec4 1, 0, 1;
    %load/vec4 v0000016c045c0c90_0;
    %concat/vec4; draw_concat_vec4
    %assign/vec4 v0000016c04989a90_0, 0;
T_1.5 ;
T_1.1 ;
    %jmp T_1;
    .thread T_1;
    .scope S_0000016c045a9d10;
T_2 ;
    %wait E_0000016c045e45b0;
    %load/vec4 v0000016c0460c1f0_0;
    %nor/r;
    %flag_set/vec4 8;
    %jmp/0xz  T_2.0, 8;
    %pushi/vec4 0, 0, 1;
    %assign/vec4 v0000016c04988b90_0, 0;
    %pushi/vec4 0, 0, 1;
    %assign/vec4 v0000016c04989db0_0, 0;
    %pushi/vec4 0, 0, 11;
    %assign/vec4 v0000016c04988ff0_0, 0;
    %pushi/vec4 0, 0, 11;
    %assign/vec4 v0000016c04988f50_0, 0;
    %pushi/vec4 0, 0, 53;
    %assign/vec4 v0000016c04988af0_0, 0;
    %pushi/vec4 0, 0, 53;
    %assign/vec4 v0000016c04989b30_0, 0;
    %pushi/vec4 0, 0, 1;
    %assign/vec4 v0000016c04989810_0, 0;
    %jmp T_2.1;
T_2.0 ;
    %load/vec4 v0000016c04988190_0;
    %assign/vec4 v0000016c04988b90_0, 0;
    %load/vec4 v0000016c04988eb0_0;
    %assign/vec4 v0000016c04989db0_0, 0;
    %load/vec4 v0000016c04988730_0;
    %assign/vec4 v0000016c04989810_0, 0;
    %load/vec4 v0000016c049889b0_0;
    %pad/s 32;
    %cmpi/s 0, 0, 32;
    %flag_inv 5; GE is !LT
    %jmp/0xz  T_2.2, 5;
    %load/vec4 v0000016c045c14b0_0;
    %assign/vec4 v0000016c04988ff0_0, 0;
    %load/vec4 v0000016c045c14b0_0;
    %assign/vec4 v0000016c04988f50_0, 0;
    %load/vec4 v0000016c04989bd0_0;
    %assign/vec4 v0000016c04988af0_0, 0;
    %load/vec4 v0000016c04989d10_0;
    %assign/vec4 v0000016c04989b30_0, 0;
    %jmp T_2.3;
T_2.2 ;
    %load/vec4 v0000016c049899f0_0;
    %assign/vec4 v0000016c04988ff0_0, 0;
    %load/vec4 v0000016c049899f0_0;
    %assign/vec4 v0000016c04988f50_0, 0;
    %load/vec4 v0000016c04989270_0;
    %assign/vec4 v0000016c04988af0_0, 0;
    %load/vec4 v0000016c04989a90_0;
    %assign/vec4 v0000016c04989b30_0, 0;
T_2.3 ;
T_2.1 ;
    %jmp T_2;
    .thread T_2;
    .scope S_0000016c045a9d10;
T_3 ;
    %wait E_0000016c045e3fb0;
    %load/vec4 v0000016c0460cb50_0;
    %flag_set/vec4 8;
    %jmp/0xz  T_3.0, 8;
    %load/vec4 v0000016c04988a50_0;
    %addi 1, 0, 53;
    %store/vec4 v0000016c04989270_0, 0, 53;
    %jmp T_3.1;
T_3.0 ;
    %load/vec4 v0000016c04988a50_0;
    %store/vec4 v0000016c04989270_0, 0, 53;
T_3.1 ;
    %load/vec4 v0000016c0460df50_0;
    %flag_set/vec4 8;
    %jmp/0xz  T_3.2, 8;
    %load/vec4 v0000016c04989c70_0;
    %addi 1, 0, 53;
    %store/vec4 v0000016c04989d10_0, 0, 53;
    %jmp T_3.3;
T_3.2 ;
    %load/vec4 v0000016c04989c70_0;
    %store/vec4 v0000016c04989d10_0, 0, 53;
T_3.3 ;
    %jmp T_3;
    .thread T_3, $push;
    .scope S_0000016c045a9d10;
T_4 ;
    %wait E_0000016c045e45b0;
    %load/vec4 v0000016c0460c1f0_0;
    %nor/r;
    %flag_set/vec4 8;
    %jmp/0xz  T_4.0, 8;
    %pushi/vec4 0, 0, 1;
    %assign/vec4 v0000016c04988cd0_0, 0;
    %pushi/vec4 0, 0, 1;
    %assign/vec4 v0000016c04989130_0, 0;
    %pushi/vec4 0, 0, 11;
    %assign/vec4 v0000016c04989090_0, 0;
    %pushi/vec4 0, 0, 11;
    %assign/vec4 v0000016c04988e10_0, 0;
    %pushi/vec4 0, 0, 53;
    %assign/vec4 v0000016c04988c30_0, 0;
    %pushi/vec4 0, 0, 53;
    %assign/vec4 v0000016c04989590_0, 0;
    %pushi/vec4 0, 0, 1;
    %assign/vec4 v0000016c04988410_0, 0;
    %pushi/vec4 0, 0, 1;
    %assign/vec4 v0000016c049891d0_0, 0;
    %jmp T_4.1;
T_4.0 ;
    %load/vec4 v0000016c04988b90_0;
    %assign/vec4 v0000016c04988cd0_0, 0;
    %load/vec4 v0000016c04989db0_0;
    %assign/vec4 v0000016c04989130_0, 0;
    %load/vec4 v0000016c04988ff0_0;
    %assign/vec4 v0000016c04989090_0, 0;
    %load/vec4 v0000016c04988f50_0;
    %assign/vec4 v0000016c04988e10_0, 0;
    %load/vec4 v0000016c04989810_0;
    %assign/vec4 v0000016c049891d0_0, 0;
    %load/vec4 v0000016c04988b90_0;
    %load/vec4 v0000016c04989db0_0;
    %concat/vec4; draw_concat_vec4
    %dup/vec4;
    %pushi/vec4 0, 0, 2;
    %cmp/u;
    %jmp/1 T_4.2, 6;
    %dup/vec4;
    %pushi/vec4 1, 0, 2;
    %cmp/u;
    %jmp/1 T_4.3, 6;
    %dup/vec4;
    %pushi/vec4 2, 0, 2;
    %cmp/u;
    %jmp/1 T_4.4, 6;
    %dup/vec4;
    %pushi/vec4 3, 0, 2;
    %cmp/u;
    %jmp/1 T_4.5, 6;
    %load/vec4 v0000016c04988af0_0;
    %assign/vec4 v0000016c04988c30_0, 0;
    %load/vec4 v0000016c04989b30_0;
    %assign/vec4 v0000016c04989590_0, 0;
    %jmp T_4.7;
T_4.2 ;
    %load/vec4 v0000016c04988af0_0;
    %assign/vec4 v0000016c04988c30_0, 0;
    %load/vec4 v0000016c04989b30_0;
    %assign/vec4 v0000016c04989590_0, 0;
    %jmp T_4.7;
T_4.3 ;
    %load/vec4 v0000016c04988af0_0;
    %assign/vec4 v0000016c04988c30_0, 0;
    %load/vec4 v0000016c04989b30_0;
    %assign/vec4 v0000016c04989590_0, 0;
    %jmp T_4.7;
T_4.4 ;
    %load/vec4 v0000016c04989b30_0;
    %assign/vec4 v0000016c04988c30_0, 0;
    %load/vec4 v0000016c04988af0_0;
    %assign/vec4 v0000016c04989590_0, 0;
    %jmp T_4.7;
T_4.5 ;
    %load/vec4 v0000016c04988af0_0;
    %assign/vec4 v0000016c04988c30_0, 0;
    %load/vec4 v0000016c04989b30_0;
    %assign/vec4 v0000016c04989590_0, 0;
    %jmp T_4.7;
T_4.7 ;
    %pop/vec4 1;
    %load/vec4 v0000016c04989b30_0;
    %load/vec4 v0000016c04988af0_0;
    %cmp/u;
    %flag_mov 8, 5;
    %jmp/0 T_4.8, 8;
    %pushi/vec4 1, 0, 2;
    %jmp/1 T_4.9, 8;
T_4.8 ; End of true expr.
    %pushi/vec4 0, 0, 2;
    %jmp/0 T_4.9, 8;
 ; End of false expr.
    %blend;
T_4.9;
    %pad/s 1;
    %assign/vec4 v0000016c04988410_0, 0;
T_4.1 ;
    %jmp T_4;
    .thread T_4;
    .scope S_0000016c045a9d10;
T_5 ;
    %wait E_0000016c045e45b0;
    %load/vec4 v0000016c0460c1f0_0;
    %nor/r;
    %flag_set/vec4 8;
    %jmp/0xz  T_5.0, 8;
    %pushi/vec4 0, 0, 1;
    %assign/vec4 v0000016c04989450_0, 0;
    %pushi/vec4 0, 0, 11;
    %assign/vec4 v0000016c04988d70_0, 0;
    %pushi/vec4 0, 0, 1;
    %assign/vec4 v0000016c04989e50_0, 0;
    %pushi/vec4 0, 0, 54;
    %assign/vec4 v0000016c049893b0_0, 0;
    %pushi/vec4 0, 0, 1;
    %assign/vec4 v0000016c04989630_0, 0;
    %jmp T_5.1;
T_5.0 ;
    %load/vec4 v0000016c049891d0_0;
    %assign/vec4 v0000016c04989630_0, 0;
    %load/vec4 v0000016c049882d0_0;
    %nor/r;
    %load/vec4 v0000016c04988cd0_0;
    %load/vec4 v0000016c04989130_0;
    %xor;
    %and;
    %flag_set/vec4 8;
    %jmp/0xz  T_5.2, 8;
    %pushi/vec4 0, 0, 1;
    %assign/vec4 v0000016c04989450_0, 0;
    %pushi/vec4 0, 0, 11;
    %assign/vec4 v0000016c04988d70_0, 0;
    %jmp T_5.3;
T_5.2 ;
    %load/vec4 v0000016c049894f0_0;
    %assign/vec4 v0000016c04989450_0, 0;
    %load/vec4 v0000016c04989090_0;
    %load/vec4 v0000016c04988e10_0;
    %and;
    %assign/vec4 v0000016c04988d70_0, 0;
T_5.3 ;
    %load/vec4 v0000016c049884b0_0;
    %assign/vec4 v0000016c04989e50_0, 0;
    %load/vec4 v0000016c04988cd0_0;
    %load/vec4 v0000016c04989130_0;
    %xor;
    %flag_set/vec4 8;
    %jmp/0xz  T_5.4, 8;
    %load/vec4 v0000016c049882d0_0;
    %assign/vec4 v0000016c049893b0_0, 0;
    %jmp T_5.5;
T_5.4 ;
    %load/vec4 v0000016c04989310_0;
    %assign/vec4 v0000016c049893b0_0, 0;
T_5.5 ;
T_5.1 ;
    %jmp T_5;
    .thread T_5;
    .scope S_0000016c045a9d10;
T_6 ;
    %wait E_0000016c045e4b30;
    %load/vec4 v0000016c04988c30_0;
    %pad/u 54;
    %load/vec4 v0000016c04989590_0;
    %pad/u 54;
    %add;
    %store/vec4 v0000016c04989310_0, 0, 54;
    %load/vec4 v0000016c04988c30_0;
    %pad/u 54;
    %load/vec4 v0000016c04989590_0;
    %pad/u 54;
    %sub;
    %store/vec4 v0000016c049882d0_0, 0, 54;
    %load/vec4 v0000016c04988410_0;
    %flag_set/vec4 8;
    %jmp/0xz  T_6.0, 8;
    %load/vec4 v0000016c04988cd0_0;
    %store/vec4 v0000016c049894f0_0, 0, 1;
    %jmp T_6.1;
T_6.0 ;
    %load/vec4 v0000016c04989130_0;
    %store/vec4 v0000016c049894f0_0, 0, 1;
T_6.1 ;
    %load/vec4 v0000016c04988cd0_0;
    %load/vec4 v0000016c04989130_0;
    %concat/vec4; draw_concat_vec4
    %dup/vec4;
    %pushi/vec4 0, 0, 2;
    %cmp/u;
    %jmp/1 T_6.2, 6;
    %dup/vec4;
    %pushi/vec4 1, 0, 2;
    %cmp/u;
    %jmp/1 T_6.3, 6;
    %dup/vec4;
    %pushi/vec4 2, 0, 2;
    %cmp/u;
    %jmp/1 T_6.4, 6;
    %dup/vec4;
    %pushi/vec4 3, 0, 2;
    %cmp/u;
    %jmp/1 T_6.5, 6;
    %jmp T_6.6;
T_6.2 ;
    %pushi/vec4 0, 0, 1;
    %store/vec4 v0000016c049884b0_0, 0, 1;
    %jmp T_6.6;
T_6.3 ;
    %load/vec4 v0000016c04988410_0;
    %inv;
    %flag_set/vec4 8;
    %jmp/0xz  T_6.7, 8;
    %pushi/vec4 1, 0, 1;
    %store/vec4 v0000016c049884b0_0, 0, 1;
    %jmp T_6.8;
T_6.7 ;
    %pushi/vec4 0, 0, 1;
    %store/vec4 v0000016c049884b0_0, 0, 1;
T_6.8 ;
    %jmp T_6.6;
T_6.4 ;
    %load/vec4 v0000016c04988410_0;
    %flag_set/vec4 8;
    %jmp/0xz  T_6.9, 8;
    %pushi/vec4 1, 0, 1;
    %store/vec4 v0000016c049884b0_0, 0, 1;
    %jmp T_6.10;
T_6.9 ;
    %pushi/vec4 0, 0, 1;
    %store/vec4 v0000016c049884b0_0, 0, 1;
T_6.10 ;
    %jmp T_6.6;
T_6.5 ;
    %pushi/vec4 0, 0, 1;
    %store/vec4 v0000016c049884b0_0, 0, 1;
    %jmp T_6.6;
T_6.6 ;
    %pop/vec4 1;
    %jmp T_6;
    .thread T_6, $push;
    .scope S_0000016c045a9d10;
T_7 ;
    %wait E_0000016c045e45b0;
    %load/vec4 v0000016c0460c1f0_0;
    %nor/r;
    %flag_set/vec4 8;
    %jmp/0xz  T_7.0, 8;
    %pushi/vec4 0, 0, 1;
    %assign/vec4 v0000016c04989770_0, 0;
    %pushi/vec4 0, 0, 11;
    %assign/vec4 v0000016c04989950_0, 0;
    %pushi/vec4 0, 0, 54;
    %assign/vec4 v0000016c04988690_0, 0;
    %pushi/vec4 0, 0, 1;
    %assign/vec4 v0000016c049898b0_0, 0;
    %jmp T_7.1;
T_7.0 ;
    %load/vec4 v0000016c04989630_0;
    %assign/vec4 v0000016c049898b0_0, 0;
    %load/vec4 v0000016c04989450_0;
    %assign/vec4 v0000016c04989770_0, 0;
    %load/vec4 v0000016c04988d70_0;
    %assign/vec4 v0000016c04989950_0, 0;
    %load/vec4 v0000016c04989e50_0;
    %flag_set/vec4 8;
    %jmp/0xz  T_7.2, 8;
    %load/vec4 v0000016c049893b0_0;
    %inv;
    %addi 1, 0, 54;
    %assign/vec4 v0000016c04988690_0, 0;
    %jmp T_7.3;
T_7.2 ;
    %load/vec4 v0000016c049893b0_0;
    %assign/vec4 v0000016c04988690_0, 0;
T_7.3 ;
T_7.1 ;
    %jmp T_7;
    .thread T_7;
    .scope S_0000016c045a9d10;
T_8 ;
    %wait E_0000016c045e45b0;
    %load/vec4 v0000016c0460c1f0_0;
    %nor/r;
    %flag_set/vec4 8;
    %jmp/0xz  T_8.0, 8;
    %pushi/vec4 0, 0, 1;
    %assign/vec4 v0000016c04988370_0, 0;
    %pushi/vec4 0, 0, 11;
    %assign/vec4 v0000016c04989ef0_0, 0;
    %pushi/vec4 0, 0, 54;
    %assign/vec4 v0000016c04989f90_0, 0;
    %pushi/vec4 0, 0, 1;
    %assign/vec4 v0000016c04988550_0, 0;
    %jmp T_8.1;
T_8.0 ;
    %load/vec4 v0000016c049898b0_0;
    %assign/vec4 v0000016c04988550_0, 0;
    %load/vec4 v0000016c04989770_0;
    %assign/vec4 v0000016c04988370_0, 0;
    %load/vec4 v0000016c04988690_0;
    %parti/s 1, 53, 7;
    %pad/u 32;
    %cmpi/e 1, 0, 32;
    %jmp/0xz  T_8.2, 4;
    %load/vec4 v0000016c04989950_0;
    %addi 1, 0, 11;
    %assign/vec4 v0000016c04989ef0_0, 0;
    %load/vec4 v0000016c04988690_0;
    %parti/s 1, 0, 2;
    %load/vec4 v0000016c04988690_0;
    %parti/s 1, 1, 2;
    %and;
    %flag_set/vec4 8;
    %jmp/0xz  T_8.4, 8;
    %pushi/vec4 0, 0, 1;
    %load/vec4 v0000016c04988690_0;
    %parti/s 53, 1, 2;
    %concat/vec4; draw_concat_vec4
    %addi 1, 0, 54;
    %assign/vec4 v0000016c04989f90_0, 0;
    %jmp T_8.5;
T_8.4 ;
    %pushi/vec4 0, 0, 1;
    %load/vec4 v0000016c04988690_0;
    %parti/s 53, 1, 2;
    %concat/vec4; draw_concat_vec4
    %assign/vec4 v0000016c04989f90_0, 0;
T_8.5 ;
    %jmp T_8.3;
T_8.2 ;
    %load/vec4 v0000016c04989950_0;
    %assign/vec4 v0000016c04989ef0_0, 0;
    %load/vec4 v0000016c04988690_0;
    %assign/vec4 v0000016c04989f90_0, 0;
T_8.3 ;
T_8.1 ;
    %jmp T_8;
    .thread T_8;
    .scope S_0000016c045a9d10;
T_9 ;
    %wait E_0000016c045e45b0;
    %load/vec4 v0000016c0460c1f0_0;
    %nor/r;
    %flag_set/vec4 8;
    %jmp/0xz  T_9.0, 8;
    %pushi/vec4 0, 0, 1;
    %assign/vec4 v0000016c0460c150_0, 0;
    %pushi/vec4 0, 0, 11;
    %assign/vec4 v0000016c04988870_0, 0;
    %pushi/vec4 0, 0, 52;
    %assign/vec4 v0000016c04988910_0, 0;
    %pushi/vec4 0, 0, 1;
    %assign/vec4 v0000016c0460c0b0_0, 0;
    %jmp T_9.1;
T_9.0 ;
    %load/vec4 v0000016c04988370_0;
    %assign/vec4 v0000016c0460c150_0, 0;
    %load/vec4 v0000016c04988550_0;
    %assign/vec4 v0000016c0460c0b0_0, 0;
    %load/vec4 v0000016c04989f90_0;
    %parti/s 1, 52, 7;
    %cmpi/e 1, 0, 1;
    %jmp/0xz  T_9.2, 4;
    %load/vec4 v0000016c04989ef0_0;
    %assign/vec4 v0000016c04988870_0, 0;
    %load/vec4 v0000016c04989f90_0;
    %pad/u 52;
    %assign/vec4 v0000016c04988910_0, 0;
    %jmp T_9.3;
T_9.2 ;
    %load/vec4 v0000016c04989ef0_0;
    %load/vec4 v0000016c0460c290_0;
    %pad/u 11;
    %sub;
    %assign/vec4 v0000016c04988870_0, 0;
    %load/vec4 v0000016c0460c6f0_0;
    %pad/u 52;
    %assign/vec4 v0000016c04988910_0, 0;
T_9.3 ;
T_9.1 ;
    %jmp T_9;
    .thread T_9;
    .scope S_0000016c045a9d10;
T_10 ;
    %wait E_0000016c045e46f0;
    %load/vec4 v0000016c049887d0_0;
    %parti/s 32, 32, 7;
    %or/r;
    %flag_set/vec4 8;
    %jmp/0xz  T_10.0, 8;
    %pushi/vec4 1, 0, 1;
    %ix/load 4, 5, 0;
    %flag_set/imm 4, 0;
    %store/vec4 v0000016c045c05b0_0, 4, 1;
    %load/vec4 v0000016c049887d0_0;
    %parti/s 16, 48, 7;
    %or/r;
    %flag_set/vec4 8;
    %jmp/0xz  T_10.2, 8;
    %pushi/vec4 1, 0, 1;
    %ix/load 4, 4, 0;
    %flag_set/imm 4, 0;
    %store/vec4 v0000016c045c05b0_0, 4, 1;
    %load/vec4 v0000016c049887d0_0;
    %parti/s 8, 56, 7;
    %or/r;
    %flag_set/vec4 8;
    %jmp/0xz  T_10.4, 8;
    %pushi/vec4 1, 0, 1;
    %ix/load 4, 3, 0;
    %flag_set/imm 4, 0;
    %store/vec4 v0000016c045c05b0_0, 4, 1;
    %load/vec4 v0000016c049887d0_0;
    %parti/s 4, 60, 7;
    %or/r;
    %flag_set/vec4 8;
    %jmp/0xz  T_10.6, 8;
    %pushi/vec4 1, 0, 1;
    %ix/load 4, 2, 0;
    %flag_set/imm 4, 0;
    %store/vec4 v0000016c045c05b0_0, 4, 1;
    %load/vec4 v0000016c049887d0_0;
    %parti/s 1, 63, 7;
    %flag_set/vec4 8;
    %jmp/0 T_10.8, 8;
    %pushi/vec4 3, 0, 2;
    %jmp/1 T_10.9, 8;
T_10.8 ; End of true expr.
    %load/vec4 v0000016c049887d0_0;
    %parti/s 1, 62, 7;
    %flag_set/vec4 9;
    %jmp/0 T_10.10, 9;
    %pushi/vec4 2, 0, 2;
    %jmp/1 T_10.11, 9;
T_10.10 ; End of true expr.
    %load/vec4 v0000016c049887d0_0;
    %parti/s 1, 61, 7;
    %flag_set/vec4 10;
    %jmp/0 T_10.12, 10;
    %pushi/vec4 1, 0, 2;
    %jmp/1 T_10.13, 10;
T_10.12 ; End of true expr.
    %pushi/vec4 0, 0, 2;
    %jmp/0 T_10.13, 10;
 ; End of false expr.
    %blend;
T_10.13;
    %jmp/0 T_10.11, 9;
 ; End of false expr.
    %blend;
T_10.11;
    %jmp/0 T_10.9, 8;
 ; End of false expr.
    %blend;
T_10.9;
    %ix/load 4, 0, 0;
    %flag_set/imm 4, 0;
    %store/vec4 v0000016c045c05b0_0, 4, 2;
    %jmp T_10.7;
T_10.6 ;
    %pushi/vec4 0, 0, 1;
    %ix/load 4, 2, 0;
    %flag_set/imm 4, 0;
    %store/vec4 v0000016c045c05b0_0, 4, 1;
    %load/vec4 v0000016c049887d0_0;
    %parti/s 1, 59, 7;
    %flag_set/vec4 8;
    %jmp/0 T_10.14, 8;
    %pushi/vec4 3, 0, 2;
    %jmp/1 T_10.15, 8;
T_10.14 ; End of true expr.
    %load/vec4 v0000016c049887d0_0;
    %parti/s 1, 58, 7;
    %flag_set/vec4 9;
    %jmp/0 T_10.16, 9;
    %pushi/vec4 2, 0, 2;
    %jmp/1 T_10.17, 9;
T_10.16 ; End of true expr.
    %load/vec4 v0000016c049887d0_0;
    %parti/s 1, 57, 7;
    %flag_set/vec4 10;
    %jmp/0 T_10.18, 10;
    %pushi/vec4 1, 0, 2;
    %jmp/1 T_10.19, 10;
T_10.18 ; End of true expr.
    %pushi/vec4 0, 0, 2;
    %jmp/0 T_10.19, 10;
 ; End of false expr.
    %blend;
T_10.19;
    %jmp/0 T_10.17, 9;
 ; End of false expr.
    %blend;
T_10.17;
    %jmp/0 T_10.15, 8;
 ; End of false expr.
    %blend;
T_10.15;
    %ix/load 4, 0, 0;
    %flag_set/imm 4, 0;
    %store/vec4 v0000016c045c05b0_0, 4, 2;
T_10.7 ;
    %jmp T_10.5;
T_10.4 ;
    %pushi/vec4 0, 0, 1;
    %ix/load 4, 3, 0;
    %flag_set/imm 4, 0;
    %store/vec4 v0000016c045c05b0_0, 4, 1;
    %load/vec4 v0000016c049887d0_0;
    %parti/s 4, 52, 7;
    %or/r;
    %flag_set/vec4 8;
    %jmp/0xz  T_10.20, 8;
    %pushi/vec4 1, 0, 1;
    %ix/load 4, 2, 0;
    %flag_set/imm 4, 0;
    %store/vec4 v0000016c045c05b0_0, 4, 1;
    %load/vec4 v0000016c049887d0_0;
    %parti/s 1, 55, 7;
    %flag_set/vec4 8;
    %jmp/0 T_10.22, 8;
    %pushi/vec4 3, 0, 2;
    %jmp/1 T_10.23, 8;
T_10.22 ; End of true expr.
    %load/vec4 v0000016c049887d0_0;
    %parti/s 1, 54, 7;
    %flag_set/vec4 9;
    %jmp/0 T_10.24, 9;
    %pushi/vec4 2, 0, 2;
    %jmp/1 T_10.25, 9;
T_10.24 ; End of true expr.
    %load/vec4 v0000016c049887d0_0;
    %parti/s 1, 53, 7;
    %flag_set/vec4 10;
    %jmp/0 T_10.26, 10;
    %pushi/vec4 1, 0, 2;
    %jmp/1 T_10.27, 10;
T_10.26 ; End of true expr.
    %pushi/vec4 0, 0, 2;
    %jmp/0 T_10.27, 10;
 ; End of false expr.
    %blend;
T_10.27;
    %jmp/0 T_10.25, 9;
 ; End of false expr.
    %blend;
T_10.25;
    %jmp/0 T_10.23, 8;
 ; End of false expr.
    %blend;
T_10.23;
    %ix/load 4, 0, 0;
    %flag_set/imm 4, 0;
    %store/vec4 v0000016c045c05b0_0, 4, 2;
    %jmp T_10.21;
T_10.20 ;
    %pushi/vec4 0, 0, 1;
    %ix/load 4, 2, 0;
    %flag_set/imm 4, 0;
    %store/vec4 v0000016c045c05b0_0, 4, 1;
    %load/vec4 v0000016c049887d0_0;
    %parti/s 1, 51, 7;
    %flag_set/vec4 8;
    %jmp/0 T_10.28, 8;
    %pushi/vec4 3, 0, 2;
    %jmp/1 T_10.29, 8;
T_10.28 ; End of true expr.
    %load/vec4 v0000016c049887d0_0;
    %parti/s 1, 50, 7;
    %flag_set/vec4 9;
    %jmp/0 T_10.30, 9;
    %pushi/vec4 2, 0, 2;
    %jmp/1 T_10.31, 9;
T_10.30 ; End of true expr.
    %load/vec4 v0000016c049887d0_0;
    %parti/s 1, 49, 7;
    %flag_set/vec4 10;
    %jmp/0 T_10.32, 10;
    %pushi/vec4 1, 0, 2;
    %jmp/1 T_10.33, 10;
T_10.32 ; End of true expr.
    %pushi/vec4 0, 0, 2;
    %jmp/0 T_10.33, 10;
 ; End of false expr.
    %blend;
T_10.33;
    %jmp/0 T_10.31, 9;
 ; End of false expr.
    %blend;
T_10.31;
    %jmp/0 T_10.29, 8;
 ; End of false expr.
    %blend;
T_10.29;
    %ix/load 4, 0, 0;
    %flag_set/imm 4, 0;
    %store/vec4 v0000016c045c05b0_0, 4, 2;
T_10.21 ;
T_10.5 ;
    %jmp T_10.3;
T_10.2 ;
    %pushi/vec4 0, 0, 1;
    %ix/load 4, 4, 0;
    %flag_set/imm 4, 0;
    %store/vec4 v0000016c045c05b0_0, 4, 1;
    %load/vec4 v0000016c049887d0_0;
    %parti/s 8, 40, 7;
    %or/r;
    %flag_set/vec4 8;
    %jmp/0xz  T_10.34, 8;
    %pushi/vec4 1, 0, 1;
    %ix/load 4, 3, 0;
    %flag_set/imm 4, 0;
    %store/vec4 v0000016c045c05b0_0, 4, 1;
    %load/vec4 v0000016c049887d0_0;
    %parti/s 4, 44, 7;
    %or/r;
    %flag_set/vec4 8;
    %jmp/0xz  T_10.36, 8;
    %pushi/vec4 1, 0, 1;
    %ix/load 4, 2, 0;
    %flag_set/imm 4, 0;
    %store/vec4 v0000016c045c05b0_0, 4, 1;
    %load/vec4 v0000016c049887d0_0;
    %parti/s 1, 47, 7;
    %flag_set/vec4 8;
    %jmp/0 T_10.38, 8;
    %pushi/vec4 3, 0, 2;
    %jmp/1 T_10.39, 8;
T_10.38 ; End of true expr.
    %load/vec4 v0000016c049887d0_0;
    %parti/s 1, 46, 7;
    %flag_set/vec4 9;
    %jmp/0 T_10.40, 9;
    %pushi/vec4 2, 0, 2;
    %jmp/1 T_10.41, 9;
T_10.40 ; End of true expr.
    %load/vec4 v0000016c049887d0_0;
    %parti/s 1, 45, 7;
    %flag_set/vec4 10;
    %jmp/0 T_10.42, 10;
    %pushi/vec4 1, 0, 2;
    %jmp/1 T_10.43, 10;
T_10.42 ; End of true expr.
    %pushi/vec4 0, 0, 2;
    %jmp/0 T_10.43, 10;
 ; End of false expr.
    %blend;
T_10.43;
    %jmp/0 T_10.41, 9;
 ; End of false expr.
    %blend;
T_10.41;
    %jmp/0 T_10.39, 8;
 ; End of false expr.
    %blend;
T_10.39;
    %ix/load 4, 0, 0;
    %flag_set/imm 4, 0;
    %store/vec4 v0000016c045c05b0_0, 4, 2;
    %jmp T_10.37;
T_10.36 ;
    %pushi/vec4 0, 0, 1;
    %ix/load 4, 2, 0;
    %flag_set/imm 4, 0;
    %store/vec4 v0000016c045c05b0_0, 4, 1;
    %load/vec4 v0000016c049887d0_0;
    %parti/s 1, 43, 7;
    %flag_set/vec4 8;
    %jmp/0 T_10.44, 8;
    %pushi/vec4 3, 0, 2;
    %jmp/1 T_10.45, 8;
T_10.44 ; End of true expr.
    %load/vec4 v0000016c049887d0_0;
    %parti/s 1, 42, 7;
    %flag_set/vec4 9;
    %jmp/0 T_10.46, 9;
    %pushi/vec4 2, 0, 2;
    %jmp/1 T_10.47, 9;
T_10.46 ; End of true expr.
    %load/vec4 v0000016c049887d0_0;
    %parti/s 1, 41, 7;
    %flag_set/vec4 10;
    %jmp/0 T_10.48, 10;
    %pushi/vec4 1, 0, 2;
    %jmp/1 T_10.49, 10;
T_10.48 ; End of true expr.
    %pushi/vec4 0, 0, 2;
    %jmp/0 T_10.49, 10;
 ; End of false expr.
    %blend;
T_10.49;
    %jmp/0 T_10.47, 9;
 ; End of false expr.
    %blend;
T_10.47;
    %jmp/0 T_10.45, 8;
 ; End of false expr.
    %blend;
T_10.45;
    %ix/load 4, 0, 0;
    %flag_set/imm 4, 0;
    %store/vec4 v0000016c045c05b0_0, 4, 2;
T_10.37 ;
    %jmp T_10.35;
T_10.34 ;
    %pushi/vec4 0, 0, 1;
    %ix/load 4, 3, 0;
    %flag_set/imm 4, 0;
    %store/vec4 v0000016c045c05b0_0, 4, 1;
    %load/vec4 v0000016c049887d0_0;
    %parti/s 4, 36, 7;
    %or/r;
    %flag_set/vec4 8;
    %jmp/0xz  T_10.50, 8;
    %pushi/vec4 1, 0, 1;
    %ix/load 4, 2, 0;
    %flag_set/imm 4, 0;
    %store/vec4 v0000016c045c05b0_0, 4, 1;
    %load/vec4 v0000016c049887d0_0;
    %parti/s 1, 39, 7;
    %flag_set/vec4 8;
    %jmp/0 T_10.52, 8;
    %pushi/vec4 3, 0, 2;
    %jmp/1 T_10.53, 8;
T_10.52 ; End of true expr.
    %load/vec4 v0000016c049887d0_0;
    %parti/s 1, 38, 7;
    %flag_set/vec4 9;
    %jmp/0 T_10.54, 9;
    %pushi/vec4 2, 0, 2;
    %jmp/1 T_10.55, 9;
T_10.54 ; End of true expr.
    %load/vec4 v0000016c049887d0_0;
    %parti/s 1, 37, 7;
    %flag_set/vec4 10;
    %jmp/0 T_10.56, 10;
    %pushi/vec4 1, 0, 2;
    %jmp/1 T_10.57, 10;
T_10.56 ; End of true expr.
    %pushi/vec4 0, 0, 2;
    %jmp/0 T_10.57, 10;
 ; End of false expr.
    %blend;
T_10.57;
    %jmp/0 T_10.55, 9;
 ; End of false expr.
    %blend;
T_10.55;
    %jmp/0 T_10.53, 8;
 ; End of false expr.
    %blend;
T_10.53;
    %ix/load 4, 0, 0;
    %flag_set/imm 4, 0;
    %store/vec4 v0000016c045c05b0_0, 4, 2;
    %jmp T_10.51;
T_10.50 ;
    %pushi/vec4 0, 0, 1;
    %ix/load 4, 2, 0;
    %flag_set/imm 4, 0;
    %store/vec4 v0000016c045c05b0_0, 4, 1;
    %load/vec4 v0000016c049887d0_0;
    %parti/s 1, 35, 7;
    %flag_set/vec4 8;
    %jmp/0 T_10.58, 8;
    %pushi/vec4 3, 0, 2;
    %jmp/1 T_10.59, 8;
T_10.58 ; End of true expr.
    %load/vec4 v0000016c049887d0_0;
    %parti/s 1, 34, 7;
    %flag_set/vec4 9;
    %jmp/0 T_10.60, 9;
    %pushi/vec4 2, 0, 2;
    %jmp/1 T_10.61, 9;
T_10.60 ; End of true expr.
    %load/vec4 v0000016c049887d0_0;
    %parti/s 1, 33, 7;
    %flag_set/vec4 10;
    %jmp/0 T_10.62, 10;
    %pushi/vec4 1, 0, 2;
    %jmp/1 T_10.63, 10;
T_10.62 ; End of true expr.
    %pushi/vec4 0, 0, 2;
    %jmp/0 T_10.63, 10;
 ; End of false expr.
    %blend;
T_10.63;
    %jmp/0 T_10.61, 9;
 ; End of false expr.
    %blend;
T_10.61;
    %jmp/0 T_10.59, 8;
 ; End of false expr.
    %blend;
T_10.59;
    %ix/load 4, 0, 0;
    %flag_set/imm 4, 0;
    %store/vec4 v0000016c045c05b0_0, 4, 2;
T_10.51 ;
T_10.35 ;
T_10.3 ;
    %jmp T_10.1;
T_10.0 ;
    %pushi/vec4 0, 0, 1;
    %ix/load 4, 5, 0;
    %flag_set/imm 4, 0;
    %store/vec4 v0000016c045c05b0_0, 4, 1;
    %load/vec4 v0000016c049887d0_0;
    %parti/s 16, 16, 6;
    %or/r;
    %flag_set/vec4 8;
    %jmp/0xz  T_10.64, 8;
    %pushi/vec4 1, 0, 1;
    %ix/load 4, 4, 0;
    %flag_set/imm 4, 0;
    %store/vec4 v0000016c045c05b0_0, 4, 1;
    %load/vec4 v0000016c049887d0_0;
    %parti/s 8, 24, 6;
    %or/r;
    %flag_set/vec4 8;
    %jmp/0xz  T_10.66, 8;
    %pushi/vec4 1, 0, 1;
    %ix/load 4, 3, 0;
    %flag_set/imm 4, 0;
    %store/vec4 v0000016c045c05b0_0, 4, 1;
    %load/vec4 v0000016c049887d0_0;
    %parti/s 4, 28, 6;
    %or/r;
    %flag_set/vec4 8;
    %jmp/0xz  T_10.68, 8;
    %pushi/vec4 1, 0, 1;
    %ix/load 4, 2, 0;
    %flag_set/imm 4, 0;
    %store/vec4 v0000016c045c05b0_0, 4, 1;
    %load/vec4 v0000016c049887d0_0;
    %parti/s 1, 31, 6;
    %flag_set/vec4 8;
    %jmp/0 T_10.70, 8;
    %pushi/vec4 3, 0, 2;
    %jmp/1 T_10.71, 8;
T_10.70 ; End of true expr.
    %load/vec4 v0000016c049887d0_0;
    %parti/s 1, 30, 6;
    %flag_set/vec4 9;
    %jmp/0 T_10.72, 9;
    %pushi/vec4 2, 0, 2;
    %jmp/1 T_10.73, 9;
T_10.72 ; End of true expr.
    %load/vec4 v0000016c049887d0_0;
    %parti/s 1, 29, 6;
    %flag_set/vec4 10;
    %jmp/0 T_10.74, 10;
    %pushi/vec4 1, 0, 2;
    %jmp/1 T_10.75, 10;
T_10.74 ; End of true expr.
    %pushi/vec4 0, 0, 2;
    %jmp/0 T_10.75, 10;
 ; End of false expr.
    %blend;
T_10.75;
    %jmp/0 T_10.73, 9;
 ; End of false expr.
    %blend;
T_10.73;
    %jmp/0 T_10.71, 8;
 ; End of false expr.
    %blend;
T_10.71;
    %ix/load 4, 0, 0;
    %flag_set/imm 4, 0;
    %store/vec4 v0000016c045c05b0_0, 4, 2;
    %jmp T_10.69;
T_10.68 ;
    %pushi/vec4 0, 0, 1;
    %ix/load 4, 2, 0;
    %flag_set/imm 4, 0;
    %store/vec4 v0000016c045c05b0_0, 4, 1;
    %load/vec4 v0000016c049887d0_0;
    %parti/s 1, 27, 6;
    %flag_set/vec4 8;
    %jmp/0 T_10.76, 8;
    %pushi/vec4 3, 0, 2;
    %jmp/1 T_10.77, 8;
T_10.76 ; End of true expr.
    %load/vec4 v0000016c049887d0_0;
    %parti/s 1, 26, 6;
    %flag_set/vec4 9;
    %jmp/0 T_10.78, 9;
    %pushi/vec4 2, 0, 2;
    %jmp/1 T_10.79, 9;
T_10.78 ; End of true expr.
    %load/vec4 v0000016c049887d0_0;
    %parti/s 1, 25, 6;
    %flag_set/vec4 10;
    %jmp/0 T_10.80, 10;
    %pushi/vec4 1, 0, 2;
    %jmp/1 T_10.81, 10;
T_10.80 ; End of true expr.
    %pushi/vec4 0, 0, 2;
    %jmp/0 T_10.81, 10;
 ; End of false expr.
    %blend;
T_10.81;
    %jmp/0 T_10.79, 9;
 ; End of false expr.
    %blend;
T_10.79;
    %jmp/0 T_10.77, 8;
 ; End of false expr.
    %blend;
T_10.77;
    %ix/load 4, 0, 0;
    %flag_set/imm 4, 0;
    %store/vec4 v0000016c045c05b0_0, 4, 2;
T_10.69 ;
    %jmp T_10.67;
T_10.66 ;
    %pushi/vec4 0, 0, 1;
    %ix/load 4, 3, 0;
    %flag_set/imm 4, 0;
    %store/vec4 v0000016c045c05b0_0, 4, 1;
    %load/vec4 v0000016c049887d0_0;
    %parti/s 4, 20, 6;
    %or/r;
    %flag_set/vec4 8;
    %jmp/0xz  T_10.82, 8;
    %pushi/vec4 1, 0, 1;
    %ix/load 4, 2, 0;
    %flag_set/imm 4, 0;
    %store/vec4 v0000016c045c05b0_0, 4, 1;
    %load/vec4 v0000016c049887d0_0;
    %parti/s 1, 23, 6;
    %flag_set/vec4 8;
    %jmp/0 T_10.84, 8;
    %pushi/vec4 3, 0, 2;
    %jmp/1 T_10.85, 8;
T_10.84 ; End of true expr.
    %load/vec4 v0000016c049887d0_0;
    %parti/s 1, 22, 6;
    %flag_set/vec4 9;
    %jmp/0 T_10.86, 9;
    %pushi/vec4 2, 0, 2;
    %jmp/1 T_10.87, 9;
T_10.86 ; End of true expr.
    %load/vec4 v0000016c049887d0_0;
    %parti/s 1, 21, 6;
    %flag_set/vec4 10;
    %jmp/0 T_10.88, 10;
    %pushi/vec4 1, 0, 2;
    %jmp/1 T_10.89, 10;
T_10.88 ; End of true expr.
    %pushi/vec4 0, 0, 2;
    %jmp/0 T_10.89, 10;
 ; End of false expr.
    %blend;
T_10.89;
    %jmp/0 T_10.87, 9;
 ; End of false expr.
    %blend;
T_10.87;
    %jmp/0 T_10.85, 8;
 ; End of false expr.
    %blend;
T_10.85;
    %ix/load 4, 0, 0;
    %flag_set/imm 4, 0;
    %store/vec4 v0000016c045c05b0_0, 4, 2;
    %jmp T_10.83;
T_10.82 ;
    %pushi/vec4 0, 0, 1;
    %ix/load 4, 2, 0;
    %flag_set/imm 4, 0;
    %store/vec4 v0000016c045c05b0_0, 4, 1;
    %load/vec4 v0000016c049887d0_0;
    %parti/s 1, 19, 6;
    %flag_set/vec4 8;
    %jmp/0 T_10.90, 8;
    %pushi/vec4 3, 0, 2;
    %jmp/1 T_10.91, 8;
T_10.90 ; End of true expr.
    %load/vec4 v0000016c049887d0_0;
    %parti/s 1, 18, 6;
    %flag_set/vec4 9;
    %jmp/0 T_10.92, 9;
    %pushi/vec4 2, 0, 2;
    %jmp/1 T_10.93, 9;
T_10.92 ; End of true expr.
    %load/vec4 v0000016c049887d0_0;
    %parti/s 1, 17, 6;
    %flag_set/vec4 10;
    %jmp/0 T_10.94, 10;
    %pushi/vec4 1, 0, 2;
    %jmp/1 T_10.95, 10;
T_10.94 ; End of true expr.
    %pushi/vec4 0, 0, 2;
    %jmp/0 T_10.95, 10;
 ; End of false expr.
    %blend;
T_10.95;
    %jmp/0 T_10.93, 9;
 ; End of false expr.
    %blend;
T_10.93;
    %jmp/0 T_10.91, 8;
 ; End of false expr.
    %blend;
T_10.91;
    %ix/load 4, 0, 0;
    %flag_set/imm 4, 0;
    %store/vec4 v0000016c045c05b0_0, 4, 2;
T_10.83 ;
T_10.67 ;
    %jmp T_10.65;
T_10.64 ;
    %pushi/vec4 0, 0, 1;
    %ix/load 4, 4, 0;
    %flag_set/imm 4, 0;
    %store/vec4 v0000016c045c05b0_0, 4, 1;
    %load/vec4 v0000016c049887d0_0;
    %parti/s 8, 8, 5;
    %or/r;
    %flag_set/vec4 8;
    %jmp/0xz  T_10.96, 8;
    %pushi/vec4 1, 0, 1;
    %ix/load 4, 3, 0;
    %flag_set/imm 4, 0;
    %store/vec4 v0000016c045c05b0_0, 4, 1;
    %load/vec4 v0000016c049887d0_0;
    %parti/s 4, 12, 5;
    %or/r;
    %flag_set/vec4 8;
    %jmp/0xz  T_10.98, 8;
    %pushi/vec4 1, 0, 1;
    %ix/load 4, 2, 0;
    %flag_set/imm 4, 0;
    %store/vec4 v0000016c045c05b0_0, 4, 1;
    %load/vec4 v0000016c049887d0_0;
    %parti/s 1, 15, 5;
    %flag_set/vec4 8;
    %jmp/0 T_10.100, 8;
    %pushi/vec4 3, 0, 2;
    %jmp/1 T_10.101, 8;
T_10.100 ; End of true expr.
    %load/vec4 v0000016c049887d0_0;
    %parti/s 1, 14, 5;
    %flag_set/vec4 9;
    %jmp/0 T_10.102, 9;
    %pushi/vec4 2, 0, 2;
    %jmp/1 T_10.103, 9;
T_10.102 ; End of true expr.
    %load/vec4 v0000016c049887d0_0;
    %parti/s 1, 13, 5;
    %flag_set/vec4 10;
    %jmp/0 T_10.104, 10;
    %pushi/vec4 1, 0, 2;
    %jmp/1 T_10.105, 10;
T_10.104 ; End of true expr.
    %pushi/vec4 0, 0, 2;
    %jmp/0 T_10.105, 10;
 ; End of false expr.
    %blend;
T_10.105;
    %jmp/0 T_10.103, 9;
 ; End of false expr.
    %blend;
T_10.103;
    %jmp/0 T_10.101, 8;
 ; End of false expr.
    %blend;
T_10.101;
    %ix/load 4, 0, 0;
    %flag_set/imm 4, 0;
    %store/vec4 v0000016c045c05b0_0, 4, 2;
    %jmp T_10.99;
T_10.98 ;
    %pushi/vec4 0, 0, 1;
    %ix/load 4, 2, 0;
    %flag_set/imm 4, 0;
    %store/vec4 v0000016c045c05b0_0, 4, 1;
    %load/vec4 v0000016c049887d0_0;
    %parti/s 1, 11, 5;
    %flag_set/vec4 8;
    %jmp/0 T_10.106, 8;
    %pushi/vec4 3, 0, 2;
    %jmp/1 T_10.107, 8;
T_10.106 ; End of true expr.
    %load/vec4 v0000016c049887d0_0;
    %parti/s 1, 10, 5;
    %flag_set/vec4 9;
    %jmp/0 T_10.108, 9;
    %pushi/vec4 2, 0, 2;
    %jmp/1 T_10.109, 9;
T_10.108 ; End of true expr.
    %load/vec4 v0000016c049887d0_0;
    %parti/s 1, 9, 5;
    %flag_set/vec4 10;
    %jmp/0 T_10.110, 10;
    %pushi/vec4 1, 0, 2;
    %jmp/1 T_10.111, 10;
T_10.110 ; End of true expr.
    %pushi/vec4 0, 0, 2;
    %jmp/0 T_10.111, 10;
 ; End of false expr.
    %blend;
T_10.111;
    %jmp/0 T_10.109, 9;
 ; End of false expr.
    %blend;
T_10.109;
    %jmp/0 T_10.107, 8;
 ; End of false expr.
    %blend;
T_10.107;
    %ix/load 4, 0, 0;
    %flag_set/imm 4, 0;
    %store/vec4 v0000016c045c05b0_0, 4, 2;
T_10.99 ;
    %jmp T_10.97;
T_10.96 ;
    %pushi/vec4 0, 0, 1;
    %ix/load 4, 3, 0;
    %flag_set/imm 4, 0;
    %store/vec4 v0000016c045c05b0_0, 4, 1;
    %load/vec4 v0000016c049887d0_0;
    %parti/s 4, 4, 4;
    %or/r;
    %flag_set/vec4 8;
    %jmp/0xz  T_10.112, 8;
    %pushi/vec4 1, 0, 1;
    %ix/load 4, 2, 0;
    %flag_set/imm 4, 0;
    %store/vec4 v0000016c045c05b0_0, 4, 1;
    %load/vec4 v0000016c049887d0_0;
    %parti/s 1, 7, 4;
    %flag_set/vec4 8;
    %jmp/0 T_10.114, 8;
    %pushi/vec4 3, 0, 2;
    %jmp/1 T_10.115, 8;
T_10.114 ; End of true expr.
    %load/vec4 v0000016c049887d0_0;
    %parti/s 1, 6, 4;
    %flag_set/vec4 9;
    %jmp/0 T_10.116, 9;
    %pushi/vec4 2, 0, 2;
    %jmp/1 T_10.117, 9;
T_10.116 ; End of true expr.
    %load/vec4 v0000016c049887d0_0;
    %parti/s 1, 5, 4;
    %flag_set/vec4 10;
    %jmp/0 T_10.118, 10;
    %pushi/vec4 1, 0, 2;
    %jmp/1 T_10.119, 10;
T_10.118 ; End of true expr.
    %pushi/vec4 0, 0, 2;
    %jmp/0 T_10.119, 10;
 ; End of false expr.
    %blend;
T_10.119;
    %jmp/0 T_10.117, 9;
 ; End of false expr.
    %blend;
T_10.117;
    %jmp/0 T_10.115, 8;
 ; End of false expr.
    %blend;
T_10.115;
    %ix/load 4, 0, 0;
    %flag_set/imm 4, 0;
    %store/vec4 v0000016c045c05b0_0, 4, 2;
    %jmp T_10.113;
T_10.112 ;
    %pushi/vec4 0, 0, 1;
    %ix/load 4, 2, 0;
    %flag_set/imm 4, 0;
    %store/vec4 v0000016c045c05b0_0, 4, 1;
    %load/vec4 v0000016c049887d0_0;
    %parti/s 1, 3, 3;
    %flag_set/vec4 8;
    %jmp/0 T_10.120, 8;
    %pushi/vec4 3, 0, 2;
    %jmp/1 T_10.121, 8;
T_10.120 ; End of true expr.
    %load/vec4 v0000016c049887d0_0;
    %parti/s 1, 2, 3;
    %flag_set/vec4 9;
    %jmp/0 T_10.122, 9;
    %pushi/vec4 2, 0, 2;
    %jmp/1 T_10.123, 9;
T_10.122 ; End of true expr.
    %load/vec4 v0000016c049887d0_0;
    %parti/s 1, 1, 2;
    %flag_set/vec4 10;
    %jmp/0 T_10.124, 10;
    %pushi/vec4 1, 0, 2;
    %jmp/1 T_10.125, 10;
T_10.124 ; End of true expr.
    %load/vec4 v0000016c049887d0_0;
    %parti/s 1, 0, 2;
    %flag_set/vec4 11;
    %jmp/0 T_10.126, 11;
    %pushi/vec4 0, 0, 2;
    %jmp/1 T_10.127, 11;
T_10.126 ; End of true expr.
    %pushi/vec4 0, 0, 2;
    %jmp/0 T_10.127, 11;
 ; End of false expr.
    %blend;
T_10.127;
    %jmp/0 T_10.125, 10;
 ; End of false expr.
    %blend;
T_10.125;
    %jmp/0 T_10.123, 9;
 ; End of false expr.
    %blend;
T_10.123;
    %jmp/0 T_10.121, 8;
 ; End of false expr.
    %blend;
T_10.121;
    %ix/load 4, 0, 0;
    %flag_set/imm 4, 0;
    %store/vec4 v0000016c045c05b0_0, 4, 2;
T_10.113 ;
T_10.97 ;
T_10.65 ;
T_10.1 ;
    %pushi/vec4 52, 0, 32;
    %load/vec4 v0000016c045c05b0_0;
    %pad/u 32;
    %sub;
    %pad/u 6;
    %store/vec4 v0000016c0460c290_0, 0, 6;
    %load/vec4 v0000016c04989f90_0;
    %load/vec4 v0000016c0460c290_0;
    %ix/vec4 4;
    %shiftl 4;
    %store/vec4 v0000016c0460c6f0_0, 0, 54;
    %jmp T_10;
    .thread T_10, $push;
    .scope S_0000016c045ebe60;
T_11 ;
    %pushi/vec4 0, 0, 32;
    %store/vec4 v0000016c0460c330_0, 0, 32;
    %pushi/vec4 100000, 0, 32;
    %store/vec4 v0000016c0460c8d0_0, 0, 32;
    %pushi/vec4 0, 0, 32;
    %store/vec4 v0000016c0460db90_0, 0, 32;
    %pushi/vec4 0, 0, 32;
    %store/vec4 v0000016c0460c510_0, 0, 32;
    %end;
    .thread T_11;
    .scope S_0000016c045ebe60;
T_12 ;
    %pushi/vec4 0, 0, 1;
    %store/vec4 v0000016c0460cdd0_0, 0, 1;
T_12.0 ;
    %delay 1000, 0;
    %load/vec4 v0000016c0460cdd0_0;
    %inv;
    %store/vec4 v0000016c0460cdd0_0, 0, 1;
    %jmp T_12.0;
    %end;
    .thread T_12;
    .scope S_0000016c045ebe60;
T_13 ;
    %pushi/vec4 0, 0, 1;
    %store/vec4 v0000016c0460dd70_0, 0, 1;
    %pushi/vec4 2, 0, 32;
T_13.0 %dup/vec4;
    %pushi/vec4 0, 0, 32;
    %cmp/s;
    %jmp/1xz T_13.1, 5;
    %jmp/1 T_13.1, 4;
    %pushi/vec4 1, 0, 32;
    %sub;
    %wait E_0000016c045e48f0;
    %jmp T_13.0;
T_13.1 ;
    %pop/vec4 1;
    %pushi/vec4 1, 0, 1;
    %store/vec4 v0000016c0460dd70_0, 0, 1;
    %end;
    .thread T_13;
    .scope S_0000016c045ebe60;
T_14 ;
    %vpi_func 2 58 "$fopen" 32, "./py/golden.dat", "r" {0 0 0};
    %store/vec4 v0000016c0460daf0_0, 0, 32;
    %load/vec4 v0000016c0460daf0_0;
    %nor/r;
    %flag_set/vec4 8;
    %jmp/0xz  T_14.0, 8;
    %vpi_call 2 60 "$display", "\342\235\214 Error: Cannot open golden.dat" {0 0 0};
    %vpi_call 2 61 "$finish" {0 0 0};
T_14.0 ;
T_14.2 ;
    %vpi_func 2 65 "$feof" 32, v0000016c0460daf0_0 {0 0 0};
    %nor/r;
    %flag_set/vec4 8;
    %jmp/0xz T_14.3, 8;
    %vpi_func 2 66 "$fscanf" 32, v0000016c0460daf0_0, "%h %h %h\012", v0000016c0460c5b0_0, v0000016c0460cab0_0, v0000016c0460c650_0 {0 0 0};
    %store/vec4 v0000016c0460d410_0, 0, 32;
    %load/vec4 v0000016c0460d410_0;
    %cmpi/e 3, 0, 32;
    %jmp/0xz  T_14.4, 4;
    %load/vec4 v0000016c0460c5b0_0;
    %ix/getv/s 4, v0000016c0460c330_0;
    %store/vec4a v0000016c0460d370, 4, 0;
    %load/vec4 v0000016c0460cab0_0;
    %ix/getv/s 4, v0000016c0460c330_0;
    %store/vec4a v0000016c0460cbf0, 4, 0;
    %load/vec4 v0000016c0460c650_0;
    %ix/getv/s 4, v0000016c0460c330_0;
    %store/vec4a v0000016c0460cc90, 4, 0;
    %load/vec4 v0000016c0460c330_0;
    %addi 1, 0, 32;
    %store/vec4 v0000016c0460c330_0, 0, 32;
    %jmp T_14.5;
T_14.4 ;
    %vpi_call 2 73 "$display", "\342\232\240\357\270\217 Warning: Invalid line format at index %0d", v0000016c0460c330_0 {0 0 0};
T_14.5 ;
    %jmp T_14.2;
T_14.3 ;
    %vpi_call 2 76 "$fclose", v0000016c0460daf0_0 {0 0 0};
    %vpi_call 2 77 "$display", "\342\234\205 Loaded %0d test patterns from golden.dat", v0000016c0460c330_0 {0 0 0};
    %end;
    .thread T_14;
    .scope S_0000016c045ebe60;
T_15 ;
    %pushi/vec4 0, 0, 1;
    %store/vec4 v0000016c0460d550_0, 0, 1;
T_15.0 ;
    %load/vec4 v0000016c0460dd70_0;
    %pad/u 32;
    %pushi/vec4 1, 0, 32;
    %cmp/e;
    %flag_get/vec4 4;
    %cmpi/ne 1, 0, 1;
    %jmp/0xz T_15.1, 6;
    %wait E_0000016c045e3f70;
    %jmp T_15.0;
T_15.1 ;
    %pushi/vec4 0, 0, 32;
    %store/vec4 v0000016c0460d2d0_0, 0, 32;
T_15.2 ;
    %load/vec4 v0000016c0460d2d0_0;
    %load/vec4 v0000016c0460c330_0;
    %cmp/s;
    %jmp/0xz T_15.3, 5;
    %wait E_0000016c045e4130;
    %pushi/vec4 1, 0, 1;
    %assign/vec4 v0000016c0460d550_0, 0;
    %ix/getv/s 4, v0000016c0460d2d0_0;
    %load/vec4a v0000016c0460d370, 4;
    %assign/vec4 v0000016c0460cd30_0, 0;
    %ix/getv/s 4, v0000016c0460d2d0_0;
    %load/vec4a v0000016c0460cbf0, 4;
    %assign/vec4 v0000016c0460c470_0, 0;
    %load/vec4 v0000016c0460d2d0_0;
    %addi 1, 0, 32;
    %store/vec4 v0000016c0460d2d0_0, 0, 32;
    %jmp T_15.2;
T_15.3 ;
    %wait E_0000016c045e4130;
    %pushi/vec4 0, 0, 1;
    %assign/vec4 v0000016c0460d550_0, 0;
    %pushi/vec4 0, 0, 64;
    %assign/vec4 v0000016c0460cd30_0, 0;
    %pushi/vec4 0, 0, 64;
    %assign/vec4 v0000016c0460c470_0, 0;
    %end;
    .thread T_15;
    .scope S_0000016c045ebe60;
T_16 ;
T_16.0 ;
    %load/vec4 v0000016c0460c8d0_0;
    %cmpi/s 0, 0, 32;
    %flag_or 5, 4; GT is !LE
    %flag_inv 5;
    %jmp/0xz T_16.1, 5;
    %wait E_0000016c045e48f0;
    %load/vec4 v0000016c0460c8d0_0;
    %subi 1, 0, 32;
    %store/vec4 v0000016c0460c8d0_0, 0, 32;
    %jmp T_16.0;
T_16.1 ;
    %vpi_call 2 105 "$display", $time, "Simualtion Hang ...." {0 0 0};
    %vpi_call 2 106 "$finish" {0 0 0};
    %end;
    .thread T_16;
    .scope S_0000016c045ebe60;
T_17 ;
T_17.0 ;
    %load/vec4 v0000016c0460dd70_0;
    %pad/u 32;
    %pushi/vec4 1, 0, 32;
    %cmp/e;
    %flag_get/vec4 4;
    %cmpi/ne 1, 0, 1;
    %jmp/0xz T_17.1, 6;
    %wait E_0000016c045e3f70;
    %jmp T_17.0;
T_17.1 ;
    %pushi/vec4 8, 0, 32;
T_17.2 %dup/vec4;
    %pushi/vec4 0, 0, 32;
    %cmp/s;
    %jmp/1xz T_17.3, 5;
    %jmp/1 T_17.3, 4;
    %pushi/vec4 1, 0, 32;
    %sub;
    %wait E_0000016c045e48f0;
    %jmp T_17.2;
T_17.3 ;
    %pop/vec4 1;
T_17.4 ;
    %load/vec4 v0000016c0460db90_0;
    %cmpi/s 1000, 0, 32;
    %jmp/0xz T_17.5, 5;
    %wait E_0000016c045e48f0;
    %load/vec4 v0000016c0460d190_0;
    %ix/getv/s 4, v0000016c0460db90_0;
    %load/vec4a v0000016c0460cc90, 4;
    %cmp/ne;
    %jmp/0xz  T_17.6, 4;
    %load/vec4 v0000016c0460db90_0;
    %addi 1, 0, 32;
    %vpi_call 2 119 "$display", "\342\235\214 [Mismatch] Pattern %0d: result = %h, expected = %h", S<0,vec4,s32>, v0000016c0460d190_0, &A<v0000016c0460cc90, v0000016c0460db90_0 > {1 0 0};
    %load/vec4 v0000016c0460c510_0;
    %addi 1, 0, 32;
    %store/vec4 v0000016c0460c510_0, 0, 32;
    %jmp T_17.7;
T_17.6 ;
    %load/vec4 v0000016c0460db90_0;
    %addi 1, 0, 32;
    %vpi_call 2 123 "$display", "\342\234\205 [Match] Pattern %0d: result = %h, expected = %h", S<0,vec4,s32>, v0000016c0460d190_0, &A<v0000016c0460cc90, v0000016c0460db90_0 > {1 0 0};
T_17.7 ;
    %load/vec4 v0000016c0460db90_0;
    %addi 1, 0, 32;
    %store/vec4 v0000016c0460db90_0, 0, 32;
    %jmp T_17.4;
T_17.5 ;
    %vpi_call 2 128 "$display", "\360\237\216\257 Test completed: %0d errors out of %0d patterns", v0000016c0460c510_0, v0000016c0460c330_0 {0 0 0};
    %load/vec4 v0000016c0460c510_0;
    %cmpi/e 0, 0, 32;
    %jmp/0xz  T_17.8, 4;
    %vpi_call 2 130 "$display", "\360\237\216\211 ALL PASS!" {0 0 0};
    %jmp T_17.9;
T_17.8 ;
    %vpi_call 2 132 "$display", "\342\232\240\357\270\217 Some mismatches found. Please check your design." {0 0 0};
T_17.9 ;
    %pushi/vec4 10, 0, 32;
T_17.10 %dup/vec4;
    %pushi/vec4 0, 0, 32;
    %cmp/s;
    %jmp/1xz T_17.11, 5;
    %jmp/1 T_17.11, 4;
    %pushi/vec4 1, 0, 32;
    %sub;
    %wait E_0000016c045e48f0;
    %jmp T_17.10;
T_17.11 ;
    %pop/vec4 1;
    %vpi_call 2 134 "$finish" {0 0 0};
    %end;
    .thread T_17;
    .scope S_0000016c045ebe60;
T_18 ;
    %vpi_call 2 138 "$dumpfile", "add.vcd" {0 0 0};
    %vpi_call 2 139 "$dumpvars" {0 0 0};
    %end;
    .thread T_18;
# The file index is used to find the file name in the following table.
:file_names 4;
    "N/A";
    "<interactive>";
    "FLOAT_ADD_tb.v";
    "./FLOAT_ADD.v";
