 
****************************************
check_design summary:
Version:     R-2020.09-SP5
Date:        Sat Mar  8 23:27:21 2025
****************************************

                   Name                                            Total
--------------------------------------------------------------------------------
Inputs/Outputs                                                     60
    Feedthrough (LINT-29)                                          32
    Shorted outputs (LINT-31)                                      16
    Constant outputs (LINT-52)                                     12

Cells                                                               5
    Cells do not drive (LINT-1)                                     5
--------------------------------------------------------------------------------

Warning: In design 'fir', cell 'B_41' does not drive any nets. (LINT-1)
Warning: In design 'fir', cell 'B_42' does not drive any nets. (LINT-1)
Warning: In design 'fir', cell 'B_43' does not drive any nets. (LINT-1)
Warning: In design 'fir', cell 'B_44' does not drive any nets. (LINT-1)
Warning: In design 'fir', cell 'B_45' does not drive any nets. (LINT-1)
Warning: In design 'fir', input port 'wdata[31]' is connected directly to output port 'tap_Di[31]'. (LINT-29)
Warning: In design 'fir', input port 'wdata[30]' is connected directly to output port 'tap_Di[30]'. (LINT-29)
Warning: In design 'fir', input port 'wdata[29]' is connected directly to output port 'tap_Di[29]'. (LINT-29)
Warning: In design 'fir', input port 'wdata[28]' is connected directly to output port 'tap_Di[28]'. (LINT-29)
Warning: In design 'fir', input port 'wdata[27]' is connected directly to output port 'tap_Di[27]'. (LINT-29)
Warning: In design 'fir', input port 'wdata[26]' is connected directly to output port 'tap_Di[26]'. (LINT-29)
Warning: In design 'fir', input port 'wdata[25]' is connected directly to output port 'tap_Di[25]'. (LINT-29)
Warning: In design 'fir', input port 'wdata[24]' is connected directly to output port 'tap_Di[24]'. (LINT-29)
Warning: In design 'fir', input port 'wdata[23]' is connected directly to output port 'tap_Di[23]'. (LINT-29)
Warning: In design 'fir', input port 'wdata[22]' is connected directly to output port 'tap_Di[22]'. (LINT-29)
Warning: In design 'fir', input port 'wdata[21]' is connected directly to output port 'tap_Di[21]'. (LINT-29)
Warning: In design 'fir', input port 'wdata[20]' is connected directly to output port 'tap_Di[20]'. (LINT-29)
Warning: In design 'fir', input port 'wdata[19]' is connected directly to output port 'tap_Di[19]'. (LINT-29)
Warning: In design 'fir', input port 'wdata[18]' is connected directly to output port 'tap_Di[18]'. (LINT-29)
Warning: In design 'fir', input port 'wdata[17]' is connected directly to output port 'tap_Di[17]'. (LINT-29)
Warning: In design 'fir', input port 'wdata[16]' is connected directly to output port 'tap_Di[16]'. (LINT-29)
Warning: In design 'fir', input port 'wdata[15]' is connected directly to output port 'tap_Di[15]'. (LINT-29)
Warning: In design 'fir', input port 'wdata[14]' is connected directly to output port 'tap_Di[14]'. (LINT-29)
Warning: In design 'fir', input port 'wdata[13]' is connected directly to output port 'tap_Di[13]'. (LINT-29)
Warning: In design 'fir', input port 'wdata[12]' is connected directly to output port 'tap_Di[12]'. (LINT-29)
Warning: In design 'fir', input port 'wdata[11]' is connected directly to output port 'tap_Di[11]'. (LINT-29)
Warning: In design 'fir', input port 'wdata[10]' is connected directly to output port 'tap_Di[10]'. (LINT-29)
Warning: In design 'fir', input port 'wdata[9]' is connected directly to output port 'tap_Di[9]'. (LINT-29)
Warning: In design 'fir', input port 'wdata[8]' is connected directly to output port 'tap_Di[8]'. (LINT-29)
Warning: In design 'fir', input port 'wdata[7]' is connected directly to output port 'tap_Di[7]'. (LINT-29)
Warning: In design 'fir', input port 'wdata[6]' is connected directly to output port 'tap_Di[6]'. (LINT-29)
Warning: In design 'fir', input port 'wdata[5]' is connected directly to output port 'tap_Di[5]'. (LINT-29)
Warning: In design 'fir', input port 'wdata[4]' is connected directly to output port 'tap_Di[4]'. (LINT-29)
Warning: In design 'fir', input port 'wdata[3]' is connected directly to output port 'tap_Di[3]'. (LINT-29)
Warning: In design 'fir', input port 'wdata[2]' is connected directly to output port 'tap_Di[2]'. (LINT-29)
Warning: In design 'fir', input port 'wdata[1]' is connected directly to output port 'tap_Di[1]'. (LINT-29)
Warning: In design 'fir', input port 'wdata[0]' is connected directly to output port 'tap_Di[0]'. (LINT-29)
Warning: In design 'fir', output port 'tap_WE[3]' is connected directly to output port 'tap_WE[0]'. (LINT-31)
Warning: In design 'fir', output port 'tap_WE[3]' is connected directly to output port 'tap_WE[1]'. (LINT-31)
Warning: In design 'fir', output port 'tap_WE[3]' is connected directly to output port 'tap_WE[2]'. (LINT-31)
Warning: In design 'fir', output port 'tap_EN' is connected directly to output port 'data_EN'. (LINT-31)
Warning: In design 'fir', output port 'tap_A[11]' is connected directly to output port 'data_A[7]'. (LINT-31)
Warning: In design 'fir', output port 'tap_A[11]' is connected directly to output port 'data_A[8]'. (LINT-31)
Warning: In design 'fir', output port 'tap_A[11]' is connected directly to output port 'data_A[9]'. (LINT-31)
Warning: In design 'fir', output port 'tap_A[11]' is connected directly to output port 'data_A[10]'. (LINT-31)
Warning: In design 'fir', output port 'tap_A[11]' is connected directly to output port 'data_A[11]'. (LINT-31)
Warning: In design 'fir', output port 'tap_A[11]' is connected directly to output port 'tap_A[7]'. (LINT-31)
Warning: In design 'fir', output port 'tap_A[11]' is connected directly to output port 'tap_A[8]'. (LINT-31)
Warning: In design 'fir', output port 'tap_A[11]' is connected directly to output port 'tap_A[9]'. (LINT-31)
Warning: In design 'fir', output port 'tap_A[11]' is connected directly to output port 'tap_A[10]'. (LINT-31)
Warning: In design 'fir', output port 'data_WE[3]' is connected directly to output port 'data_WE[0]'. (LINT-31)
Warning: In design 'fir', output port 'data_WE[3]' is connected directly to output port 'data_WE[1]'. (LINT-31)
Warning: In design 'fir', output port 'data_WE[3]' is connected directly to output port 'data_WE[2]'. (LINT-31)
Warning: In design 'fir', output port 'tap_EN' is connected directly to 'logic 1'. (LINT-52)
Warning: In design 'fir', output port 'tap_A[11]' is connected directly to 'logic 0'. (LINT-52)
Warning: In design 'fir', output port 'tap_A[10]' is connected directly to 'logic 0'. (LINT-52)
Warning: In design 'fir', output port 'tap_A[9]' is connected directly to 'logic 0'. (LINT-52)
Warning: In design 'fir', output port 'tap_A[8]' is connected directly to 'logic 0'. (LINT-52)
Warning: In design 'fir', output port 'tap_A[7]' is connected directly to 'logic 0'. (LINT-52)
Warning: In design 'fir', output port 'data_EN' is connected directly to 'logic 1'. (LINT-52)
Warning: In design 'fir', output port 'data_A[11]' is connected directly to 'logic 0'. (LINT-52)
Warning: In design 'fir', output port 'data_A[10]' is connected directly to 'logic 0'. (LINT-52)
Warning: In design 'fir', output port 'data_A[9]' is connected directly to 'logic 0'. (LINT-52)
Warning: In design 'fir', output port 'data_A[8]' is connected directly to 'logic 0'. (LINT-52)
Warning: In design 'fir', output port 'data_A[7]' is connected directly to 'logic 0'. (LINT-52)
1
