 
****************************************
Report : area
Design : fir
Version: R-2020.09-SP5
Date   : Sun Mar 16 23:54:31 2025
****************************************

Library(s) Used:

    slow (File: /usr/cadtool/ee5216/CBDK_TSMC90GUTM_Arm_f1.0/CIC/SynopsysDC/db/slow.db)

Number of ports:                          330
Number of nets:                          3362
Number of cells:                         2961
Number of combinational cells:           2625
Number of sequential cells:               323
Number of macros/black boxes:               0
Number of buf/inv:                        593
Number of references:                      81

Combinational area:              13529.174592
Buf/Inv area:                     2455.488041
Noncombinational area:            5160.052807
Macro/Black Box area:                0.000000
Net Interconnect area:      undefined  (No wire load specified)

Total cell area:                 18689.227399
Total area:                 undefined

Hierarchical area distribution
------------------------------

                                  Global cell area            Local cell area
                                  -------------------  ----------------------------- 
Hierarchical cell                 Absolute    Percent  Combi-      Noncombi-  Black-
                                  Total       Total    national    national   boxes   Design
--------------------------------  ----------  -------  ----------  ---------  ------  ---------
fir                               18689.2274    100.0  13529.1746  5160.0528  0.0000  fir
--------------------------------  ----------  -------  ----------  ---------  ------  ---------
Total                                                  13529.1746  5160.0528  0.0000

1
