#! /c/Source/iverilog-install/bin/vvp
:ivl_version "12.0 (devel)" "(s20150603-1110-g18392a46)";
:ivl_delay_selection "TYPICAL";
:vpi_time_precision + 0;
:vpi_module "C:\iverilog\lib\ivl\system.vpi";
:vpi_module "C:\iverilog\lib\ivl\vhdl_sys.vpi";
:vpi_module "C:\iverilog\lib\ivl\vhdl_textio.vpi";
:vpi_module "C:\iverilog\lib\ivl\v2005_math.vpi";
:vpi_module "C:\iverilog\lib\ivl\va_math.vpi";
S_000001904294eb10 .scope module, "fir" "fir" 2 5;
 .timescale 0 0;
    .port_info 0 /OUTPUT 1 "awready";
    .port_info 1 /OUTPUT 1 "wready";
    .port_info 2 /INPUT 1 "awvalid";
    .port_info 3 /INPUT 12 "awaddr";
    .port_info 4 /INPUT 1 "wvalid";
    .port_info 5 /INPUT 32 "wdata";
    .port_info 6 /OUTPUT 1 "arready";
    .port_info 7 /INPUT 1 "rready";
    .port_info 8 /INPUT 1 "arvalid";
    .port_info 9 /INPUT 12 "araddr";
    .port_info 10 /OUTPUT 1 "rvalid";
    .port_info 11 /OUTPUT 32 "rdata";
    .port_info 12 /INPUT 1 "ss_tvalid";
    .port_info 13 /INPUT 32 "ss_tdata";
    .port_info 14 /INPUT 1 "ss_tlast";
    .port_info 15 /OUTPUT 1 "ss_tready";
    .port_info 16 /INPUT 1 "sm_tready";
    .port_info 17 /OUTPUT 1 "sm_tvalid";
    .port_info 18 /OUTPUT 32 "sm_tdata";
    .port_info 19 /OUTPUT 1 "sm_tlast";
    .port_info 20 /OUTPUT 4 "tap_WE";
    .port_info 21 /OUTPUT 1 "tap_EN";
    .port_info 22 /OUTPUT 32 "tap_Di";
    .port_info 23 /OUTPUT 12 "tap_A";
    .port_info 24 /INPUT 32 "tap_Do";
    .port_info 25 /OUTPUT 4 "data_WE";
    .port_info 26 /OUTPUT 1 "data_EN";
    .port_info 27 /OUTPUT 32 "data_Di";
    .port_info 28 /OUTPUT 12 "data_A";
    .port_info 29 /INPUT 32 "data_Do";
    .port_info 30 /INPUT 1 "axis_clk";
    .port_info 31 /INPUT 1 "axis_rst_n";
P_0000019042cae160 .param/l "AP_DONE" 1 2 55, C4<10>;
P_0000019042cae198 .param/l "AP_FRESH" 1 2 56, C4<11>;
P_0000019042cae1d0 .param/l "AP_INIT" 1 2 53, C4<00>;
P_0000019042cae208 .param/l "AP_START" 1 2 54, C4<01>;
P_0000019042cae240 .param/l "AR_DONE" 1 2 77, C4<11>;
P_0000019042cae278 .param/l "AR_HOLD" 1 2 76, C4<10>;
P_0000019042cae2b0 .param/l "AR_IDLE" 1 2 74, C4<00>;
P_0000019042cae2e8 .param/l "AR_READY" 1 2 75, C4<01>;
P_0000019042cae320 .param/l "AW_DONE" 1 2 70, C4<11>;
P_0000019042cae358 .param/l "AW_HOLD" 1 2 69, C4<10>;
P_0000019042cae390 .param/l "AW_IDLE" 1 2 67, C4<00>;
P_0000019042cae3c8 .param/l "AW_READY" 1 2 68, C4<01>;
P_0000019042cae400 .param/l "R_DONE" 1 2 83, C4<10>;
P_0000019042cae438 .param/l "R_IDLE" 1 2 81, C4<00>;
P_0000019042cae470 .param/l "R_VALID" 1 2 82, C4<01>;
P_0000019042cae4a8 .param/l "SM_DONE" 1 2 104, C4<011>;
P_0000019042cae4e0 .param/l "SM_IDLE" 1 2 101, C4<000>;
P_0000019042cae518 .param/l "SM_LATCH" 1 2 105, C4<100>;
P_0000019042cae550 .param/l "SM_MODE" 1 2 110, C4<1>;
P_0000019042cae588 .param/l "SM_WAIT1" 1 2 102, C4<001>;
P_0000019042cae5c0 .param/l "SM_WAIT2" 1 2 103, C4<010>;
P_0000019042cae5f8 .param/l "SS_DONE" 1 2 88, C4<001>;
P_0000019042cae630 .param/l "SS_HOLD" 1 2 92, C4<101>;
P_0000019042cae668 .param/l "SS_IDLE" 1 2 87, C4<000>;
P_0000019042cae6a0 .param/l "SS_INIT" 1 2 96, C4<0>;
P_0000019042cae6d8 .param/l "SS_LAST" 1 2 97, C4<1>;
P_0000019042cae710 .param/l "SS_MODE" 1 2 109, C4<0>;
P_0000019042cae748 .param/l "SS_PROC" 1 2 91, C4<100>;
P_0000019042cae780 .param/l "SS_PROC1" 1 2 90, C4<011>;
P_0000019042cae7b8 .param/l "SS_WRITE" 1 2 89, C4<010>;
P_0000019042cae7f0 .param/l "Tape_Num" 0 2 8, +C4<00000000000000000000000000001011>;
P_0000019042cae828 .param/l "W_DONE" 1 2 63, C4<11>;
P_0000019042cae860 .param/l "W_HOLD" 1 2 62, C4<10>;
P_0000019042cae898 .param/l "W_IDLE" 1 2 60, C4<00>;
P_0000019042cae8d0 .param/l "W_READY" 1 2 61, C4<01>;
P_0000019042cae908 .param/l "pADDR_WIDTH" 0 2 6, +C4<00000000000000000000000000001100>;
P_0000019042cae940 .param/l "pDATA_WIDTH" 0 2 7, +C4<00000000000000000000000000100000>;
L_0000019042cac430 .functor AND 1, L_0000019042d0fd10, L_0000019042d0f3b0, C4<1>, C4<1>;
L_0000019042cac3c0 .functor AND 1, L_0000019042cac430, L_0000019042d0f130, C4<1>, C4<1>;
L_0000019042cacba0 .functor OR 1, L_0000019042cac3c0, L_0000019042d0ea50, C4<0>, C4<0>;
L_0000019042cac270 .functor AND 1, L_0000019042d0fb30, L_0000019042d10f30, C4<1>, C4<1>;
L_0000019042cac5f0 .functor AND 1, L_0000019042cac270, L_0000019042d0f770, C4<1>, C4<1>;
L_0000019042cacac0 .functor AND 1, L_0000019042d11070, L_0000019042d0e910, C4<1>, C4<1>;
L_0000019042cac4a0 .functor AND 1, L_0000019042cacac0, L_0000019042d10530, C4<1>, C4<1>;
L_0000019042cac2e0 .functor AND 1, L_0000019042d108f0, L_0000019042d0f950, C4<1>, C4<1>;
L_0000019042cacb30 .functor AND 1, L_0000019042cac2e0, L_0000019042d0ec30, C4<1>, C4<1>;
L_0000019042cacd60 .functor AND 1, L_0000019042d0fbd0, L_0000019042d10990, C4<1>, C4<1>;
L_0000019042caccf0 .functor AND 1, L_0000019042cacd60, L_0000019042d0eeb0, C4<1>, C4<1>;
o0000019042cb5b18 .functor BUFZ 1, C4<z>; HiZ drive
L_0000019042cac580 .functor AND 1, v0000019042d10b70_0, o0000019042cb5b18, C4<1>, C4<1>;
L_0000019042cac900 .functor OR 1, L_0000019042cac580, L_0000019042d6cad0, C4<0>, C4<0>;
L_0000019042d14bb0 .functor BUFT 1, C4<1>, C4<0>, C4<0>, C4<0>;
L_0000019042cac890 .functor XNOR 1, v0000019042d126f0_0, L_0000019042d14bb0, C4<0>, C4<0>;
L_0000019042cac820 .functor AND 1, L_0000019042cac890, L_0000019042d6cc10, C4<1>, C4<1>;
L_0000019042cac660 .functor OR 1, L_0000019042cac820, L_0000019042d6b9f0, C4<0>, C4<0>;
L_0000019042caceb0 .functor OR 1, L_0000019042cac660, L_0000019042d6c670, C4<0>, C4<0>;
L_0000019042cac510 .functor AND 1, L_0000019042d6d570, L_0000019042d6d070, C4<1>, C4<1>;
L_0000019042cacc10 .functor OR 1, L_0000019042caceb0, L_0000019042cac510, C4<0>, C4<0>;
L_0000019042d14da8 .functor BUFT 1, C4<1>, C4<0>, C4<0>, C4<0>;
L_0000019042cac6d0 .functor XNOR 1, v0000019042d126f0_0, L_0000019042d14da8, C4<0>, C4<0>;
L_0000019042cacf90 .functor AND 1, L_0000019042cac6d0, L_0000019042d6c710, C4<1>, C4<1>;
L_0000019042cac740 .functor OR 1, L_0000019042cacf90, L_0000019042d6ccb0, C4<0>, C4<0>;
L_0000019042cac7b0 .functor OR 1, L_0000019042cac740, L_0000019042d6d750, C4<0>, C4<0>;
L_0000019042cacdd0 .functor AND 1, L_0000019042d6cd50, L_0000019042d6da70, C4<1>, C4<1>;
L_0000019042cace40 .functor OR 1, L_0000019042cac7b0, L_0000019042cacdd0, C4<0>, C4<0>;
L_0000019042cad000 .functor OR 1, L_0000019042d6d2f0, L_0000019042d6dc50, C4<0>, C4<0>;
L_0000019042d15228 .functor BUFT 1, C4<0>, C4<0>, C4<0>, C4<0>;
L_0000019042cad070 .functor XNOR 1, v0000019042d126f0_0, L_0000019042d15228, C4<0>, C4<0>;
L_0000019042cac190 .functor AND 1, L_0000019042cad070, L_0000019042d6edd0, C4<1>, C4<1>;
L_0000019042d152b8 .functor BUFT 1, C4<1>, C4<0>, C4<0>, C4<0>;
L_000001904294c520 .functor XNOR 1, v0000019042d126f0_0, L_0000019042d152b8, C4<0>, C4<0>;
o0000019042cb5938 .functor BUFZ 1, C4<z>; HiZ drive
L_000001904294c7c0 .functor AND 1, L_0000019042d6c530, o0000019042cb5938, C4<1>, C4<1>;
L_000001904294c6e0 .functor AND 1, L_000001904294c520, L_000001904294c7c0, C4<1>, C4<1>;
L_000001904294c910 .functor OR 1, L_0000019042cac190, L_000001904294c6e0, C4<0>, C4<0>;
L_0000019042d138d8 .functor BUFT 1, C4<01>, C4<0>, C4<0>, C4<0>;
v0000019042caa9a0_0 .net/2u *"_ivl_0", 1 0, L_0000019042d138d8;  1 drivers
L_0000019042d13f08 .functor BUFT 1, C4<1111>, C4<0>, C4<0>, C4<0>;
v0000019042cab8a0_0 .net/2u *"_ivl_100", 3 0, L_0000019042d13f08;  1 drivers
L_0000019042d13f50 .functor BUFT 1, C4<0000>, C4<0>, C4<0>, C4<0>;
v0000019042cab3a0_0 .net/2u *"_ivl_102", 3 0, L_0000019042d13f50;  1 drivers
L_0000019042d13f98 .functor BUFT 1, C4<000000010000>, C4<0>, C4<0>, C4<0>;
v0000019042caba80_0 .net/2u *"_ivl_106", 11 0, L_0000019042d13f98;  1 drivers
v0000019042cab620_0 .net *"_ivl_108", 0 0, L_0000019042d11070;  1 drivers
L_0000019042d13fe0 .functor BUFT 1, C4<11>, C4<0>, C4<0>, C4<0>;
v0000019042cac020_0 .net/2u *"_ivl_110", 1 0, L_0000019042d13fe0;  1 drivers
v0000019042cabe40_0 .net *"_ivl_112", 0 0, L_0000019042d0e910;  1 drivers
v0000019042cabf80_0 .net *"_ivl_115", 0 0, L_0000019042cacac0;  1 drivers
L_0000019042d14028 .functor BUFT 1, C4<11>, C4<0>, C4<0>, C4<0>;
v0000019042cabb20_0 .net/2u *"_ivl_116", 1 0, L_0000019042d14028;  1 drivers
v0000019042cab440_0 .net *"_ivl_118", 0 0, L_0000019042d10530;  1 drivers
L_0000019042d139b0 .functor BUFT 1, C4<01>, C4<0>, C4<0>, C4<0>;
v0000019042caa180_0 .net/2u *"_ivl_12", 1 0, L_0000019042d139b0;  1 drivers
v0000019042cab080_0 .net *"_ivl_121", 0 0, L_0000019042cac4a0;  1 drivers
L_0000019042d14070 .functor BUFT 1, C4<000000010100>, C4<0>, C4<0>, C4<0>;
v0000019042caad60_0 .net/2u *"_ivl_124", 11 0, L_0000019042d14070;  1 drivers
v0000019042cab120_0 .net *"_ivl_126", 0 0, L_0000019042d108f0;  1 drivers
L_0000019042d140b8 .functor BUFT 1, C4<11>, C4<0>, C4<0>, C4<0>;
v0000019042caa220_0 .net/2u *"_ivl_128", 1 0, L_0000019042d140b8;  1 drivers
v0000019042cabee0_0 .net *"_ivl_130", 0 0, L_0000019042d0f950;  1 drivers
v0000019042cab6c0_0 .net *"_ivl_133", 0 0, L_0000019042cac2e0;  1 drivers
L_0000019042d14100 .functor BUFT 1, C4<11>, C4<0>, C4<0>, C4<0>;
v0000019042caa2c0_0 .net/2u *"_ivl_134", 1 0, L_0000019042d14100;  1 drivers
v0000019042cabbc0_0 .net *"_ivl_136", 0 0, L_0000019042d0ec30;  1 drivers
v0000019042caac20_0 .net *"_ivl_139", 0 0, L_0000019042cacb30;  1 drivers
v0000019042cab300_0 .net *"_ivl_14", 0 0, L_0000019042d100d0;  1 drivers
L_0000019042d14148 .functor BUFT 1, C4<000000000000>, C4<0>, C4<0>, C4<0>;
v0000019042cab940_0 .net/2u *"_ivl_142", 11 0, L_0000019042d14148;  1 drivers
v0000019042cab4e0_0 .net *"_ivl_144", 0 0, L_0000019042d0fbd0;  1 drivers
L_0000019042d14190 .functor BUFT 1, C4<11>, C4<0>, C4<0>, C4<0>;
v0000019042caa360_0 .net/2u *"_ivl_146", 1 0, L_0000019042d14190;  1 drivers
v0000019042caa540_0 .net *"_ivl_148", 0 0, L_0000019042d10990;  1 drivers
v0000019042cab260_0 .net *"_ivl_151", 0 0, L_0000019042cacd60;  1 drivers
L_0000019042d141d8 .functor BUFT 1, C4<11>, C4<0>, C4<0>, C4<0>;
v0000019042cab760_0 .net/2u *"_ivl_152", 1 0, L_0000019042d141d8;  1 drivers
v0000019042caaa40_0 .net *"_ivl_154", 0 0, L_0000019042d0eeb0;  1 drivers
v0000019042cab800_0 .net *"_ivl_157", 0 0, L_0000019042caccf0;  1 drivers
v0000019042caafe0_0 .net *"_ivl_158", 31 0, L_0000019042d10a30;  1 drivers
L_0000019042d139f8 .functor BUFT 1, C4<01>, C4<0>, C4<0>, C4<0>;
v0000019042caacc0_0 .net/2s *"_ivl_16", 1 0, L_0000019042d139f8;  1 drivers
L_0000019042d14220 .functor BUFT 1, C4<00000000000000000000000000000>, C4<0>, C4<0>, C4<0>;
v0000019042cab9e0_0 .net *"_ivl_161", 28 0, L_0000019042d14220;  1 drivers
v0000019042cabc60_0 .net *"_ivl_162", 31 0, L_0000019042d6c030;  1 drivers
L_0000019042d14268 .functor BUFT 1, C4<000000000100>, C4<0>, C4<0>, C4<0>;
v0000019042cabd00_0 .net/2u *"_ivl_166", 11 0, L_0000019042d14268;  1 drivers
v0000019042caa400_0 .net *"_ivl_171", 0 0, L_0000019042cac580;  1 drivers
L_0000019042d142b0 .functor BUFT 1, C4<100>, C4<0>, C4<0>, C4<0>;
v0000019042caa4a0_0 .net/2u *"_ivl_172", 2 0, L_0000019042d142b0;  1 drivers
v0000019042caa5e0_0 .net *"_ivl_174", 0 0, L_0000019042d6cad0;  1 drivers
v0000019042caa900_0 .net *"_ivl_176", 0 0, L_0000019042cac900;  1 drivers
L_0000019042d142f8 .functor BUFT 1, C4<1111>, C4<0>, C4<0>, C4<0>;
v0000019042caa680_0 .net/2u *"_ivl_178", 3 0, L_0000019042d142f8;  1 drivers
L_0000019042d13a40 .functor BUFT 1, C4<00>, C4<0>, C4<0>, C4<0>;
v0000019042caa720_0 .net/2s *"_ivl_18", 1 0, L_0000019042d13a40;  1 drivers
L_0000019042d14340 .functor BUFT 1, C4<0000>, C4<0>, C4<0>, C4<0>;
v0000019042caa7c0_0 .net/2u *"_ivl_180", 3 0, L_0000019042d14340;  1 drivers
L_0000019042d143d0 .functor BUFT 1, C4<100>, C4<0>, C4<0>, C4<0>;
v0000019042caae00_0 .net/2u *"_ivl_186", 2 0, L_0000019042d143d0;  1 drivers
v0000019042caaea0_0 .net *"_ivl_188", 0 0, L_0000019042d6c8f0;  1 drivers
L_0000019042d14418 .functor BUFT 1, C4<00000000000000000000000000000000>, C4<0>, C4<0>, C4<0>;
v0000019042caaf40_0 .net/2u *"_ivl_190", 31 0, L_0000019042d14418;  1 drivers
L_0000019042d14460 .functor BUFT 1, C4<100>, C4<0>, C4<0>, C4<0>;
v000001904294a7a0_0 .net/2u *"_ivl_194", 2 0, L_0000019042d14460;  1 drivers
v000001904294a840_0 .net *"_ivl_196", 0 0, L_0000019042d6db10;  1 drivers
v000001904294b7e0_0 .net *"_ivl_199", 6 0, L_0000019042d6d4d0;  1 drivers
v000001904294a3e0_0 .net *"_ivl_2", 0 0, L_0000019042d10030;  1 drivers
v000001904294bb00_0 .net *"_ivl_20", 1 0, L_0000019042d0eff0;  1 drivers
v000001904294a480_0 .net *"_ivl_200", 11 0, L_0000019042d6ca30;  1 drivers
L_0000019042d144a8 .functor BUFT 1, C4<00000>, C4<0>, C4<0>, C4<0>;
v000001904294a8e0_0 .net *"_ivl_203", 4 0, L_0000019042d144a8;  1 drivers
L_0000019042d144f0 .functor BUFT 1, C4<001>, C4<0>, C4<0>, C4<0>;
v000001904294bc40_0 .net/2u *"_ivl_204", 2 0, L_0000019042d144f0;  1 drivers
v000001904294ab60_0 .net *"_ivl_206", 0 0, L_0000019042d6c170;  1 drivers
v000001904294b9c0_0 .net *"_ivl_209", 6 0, L_0000019042d6e0b0;  1 drivers
v000001904294aac0_0 .net *"_ivl_210", 11 0, L_0000019042d6d390;  1 drivers
L_0000019042d14538 .functor BUFT 1, C4<00000>, C4<0>, C4<0>, C4<0>;
v000001904294a980_0 .net *"_ivl_213", 4 0, L_0000019042d14538;  1 drivers
v000001904294b4c0_0 .net *"_ivl_215", 6 0, L_0000019042d6d430;  1 drivers
v000001904294b560_0 .net *"_ivl_216", 11 0, L_0000019042d6c350;  1 drivers
L_0000019042d14580 .functor BUFT 1, C4<00000>, C4<0>, C4<0>, C4<0>;
v000001904294aa20_0 .net *"_ivl_219", 4 0, L_0000019042d14580;  1 drivers
v000001904294c0a0_0 .net *"_ivl_220", 11 0, L_0000019042d6cfd0;  1 drivers
L_0000019042d145c8 .functor BUFT 1, C4<00000000000000000000000000000001>, C4<0>, C4<0>, C4<0>;
v000001904294a340_0 .net/2u *"_ivl_224", 31 0, L_0000019042d145c8;  1 drivers
v000001904294bec0_0 .net *"_ivl_226", 31 0, L_0000019042d6ba90;  1 drivers
L_0000019042d14610 .functor BUFT 1, C4<00000000000000000000000000000100>, C4<0>, C4<0>, C4<0>;
v000001904294bf60_0 .net/2u *"_ivl_228", 31 0, L_0000019042d14610;  1 drivers
v000001904294ac00_0 .net *"_ivl_231", 31 0, L_0000019042d6c7b0;  1 drivers
L_0000019042d14658 .functor BUFT 1, C4<00000000000000000000000010000000>, C4<0>, C4<0>, C4<0>;
v000001904294b600_0 .net/2u *"_ivl_234", 31 0, L_0000019042d14658;  1 drivers
L_0000019042d146a0 .functor BUFT 1, C4<00000000000000000000000000000001>, C4<0>, C4<0>, C4<0>;
v000001904294b240_0 .net/2u *"_ivl_236", 31 0, L_0000019042d146a0;  1 drivers
v000001904294b6a0_0 .net *"_ivl_238", 31 0, L_0000019042d6dd90;  1 drivers
L_0000019042d13a88 .functor BUFT 1, C4<01>, C4<0>, C4<0>, C4<0>;
v000001904294ad40_0 .net/2u *"_ivl_24", 1 0, L_0000019042d13a88;  1 drivers
L_0000019042d146e8 .functor BUFT 1, C4<00000000000000000000000000000100>, C4<0>, C4<0>, C4<0>;
v000001904294ade0_0 .net/2u *"_ivl_240", 31 0, L_0000019042d146e8;  1 drivers
v000001904294af20_0 .net *"_ivl_243", 31 0, L_0000019042d6cb70;  1 drivers
v000001904294afc0_0 .net *"_ivl_244", 31 0, L_0000019042d6ce90;  1 drivers
v000001904294b060_0 .net *"_ivl_248", 0 0, L_0000019042d6c3f0;  1 drivers
L_0000019042d14730 .functor BUFT 1, C4<000000000100>, C4<0>, C4<0>, C4<0>;
v000001904294b100_0 .net/2u *"_ivl_250", 11 0, L_0000019042d14730;  1 drivers
v000001904294b2e0_0 .net *"_ivl_252", 11 0, L_0000019042d6dbb0;  1 drivers
L_0000019042d14778 .functor BUFT 1, C4<000010000000>, C4<0>, C4<0>, C4<0>;
v0000019042d08980_0 .net/2u *"_ivl_254", 11 0, L_0000019042d14778;  1 drivers
v0000019042d083e0_0 .net *"_ivl_258", 31 0, L_0000019042d6de30;  1 drivers
v0000019042d08700_0 .net *"_ivl_26", 0 0, L_0000019042d0eb90;  1 drivers
L_0000019042d147c0 .functor BUFT 1, C4<00000000000000000000>, C4<0>, C4<0>, C4<0>;
v0000019042d08480_0 .net *"_ivl_261", 19 0, L_0000019042d147c0;  1 drivers
L_0000019042d14808 .functor BUFT 1, C4<00000000000000000000000011111100>, C4<0>, C4<0>, C4<0>;
v0000019042d09740_0 .net/2u *"_ivl_262", 31 0, L_0000019042d14808;  1 drivers
v0000019042d09420_0 .net *"_ivl_264", 0 0, L_0000019042d6bdb0;  1 drivers
L_0000019042d14850 .functor BUFT 1, C4<01>, C4<0>, C4<0>, C4<0>;
v0000019042d08c00_0 .net/2s *"_ivl_266", 1 0, L_0000019042d14850;  1 drivers
L_0000019042d14898 .functor BUFT 1, C4<00>, C4<0>, C4<0>, C4<0>;
v0000019042d09d80_0 .net/2s *"_ivl_268", 1 0, L_0000019042d14898;  1 drivers
v0000019042d08a20_0 .net *"_ivl_270", 1 0, L_0000019042d6ded0;  1 drivers
v0000019042d08ac0_0 .net *"_ivl_274", 31 0, L_0000019042d6c990;  1 drivers
L_0000019042d148e0 .functor BUFT 1, C4<00000000000000000000>, C4<0>, C4<0>, C4<0>;
v0000019042d09e20_0 .net *"_ivl_277", 19 0, L_0000019042d148e0;  1 drivers
L_0000019042d14928 .functor BUFT 1, C4<00000000000000000000000011111100>, C4<0>, C4<0>, C4<0>;
v0000019042d08200_0 .net/2u *"_ivl_278", 31 0, L_0000019042d14928;  1 drivers
L_0000019042d13ad0 .functor BUFT 1, C4<01>, C4<0>, C4<0>, C4<0>;
v0000019042d08ca0_0 .net/2s *"_ivl_28", 1 0, L_0000019042d13ad0;  1 drivers
v0000019042d08520_0 .net *"_ivl_280", 0 0, L_0000019042d6df70;  1 drivers
L_0000019042d14970 .functor BUFT 1, C4<000000000100>, C4<0>, C4<0>, C4<0>;
v0000019042d09600_0 .net/2u *"_ivl_282", 11 0, L_0000019042d14970;  1 drivers
v0000019042d08de0_0 .net *"_ivl_284", 11 0, L_0000019042d6e010;  1 drivers
L_0000019042d149b8 .functor BUFT 1, C4<000010000000>, C4<0>, C4<0>, C4<0>;
v0000019042d09920_0 .net/2u *"_ivl_286", 11 0, L_0000019042d149b8;  1 drivers
L_0000019042d14a00 .functor BUFT 1, C4<000010000000>, C4<0>, C4<0>, C4<0>;
v0000019042d09880_0 .net/2u *"_ivl_290", 11 0, L_0000019042d14a00;  1 drivers
v0000019042d08160_0 .net *"_ivl_292", 0 0, L_0000019042d6bef0;  1 drivers
L_0000019042d14a48 .functor BUFT 1, C4<00000000000000000000000010000000>, C4<0>, C4<0>, C4<0>;
v0000019042d09f60_0 .net/2u *"_ivl_294", 31 0, L_0000019042d14a48;  1 drivers
L_0000019042d14a90 .functor BUFT 1, C4<00000000000000000000000000000001>, C4<0>, C4<0>, C4<0>;
v0000019042d09560_0 .net/2u *"_ivl_296", 31 0, L_0000019042d14a90;  1 drivers
v0000019042d082a0_0 .net *"_ivl_298", 31 0, L_0000019042d6b950;  1 drivers
L_0000019042d13b18 .functor BUFT 1, C4<00>, C4<0>, C4<0>, C4<0>;
v0000019042d096a0_0 .net/2s *"_ivl_30", 1 0, L_0000019042d13b18;  1 drivers
L_0000019042d14ad8 .functor BUFT 1, C4<00000000000000000000000000000100>, C4<0>, C4<0>, C4<0>;
v0000019042d08840_0 .net/2u *"_ivl_300", 31 0, L_0000019042d14ad8;  1 drivers
v0000019042d08660_0 .net *"_ivl_303", 31 0, L_0000019042d6d610;  1 drivers
v0000019042d09240_0 .net *"_ivl_304", 31 0, L_0000019042d6cf30;  1 drivers
v0000019042d09100_0 .net *"_ivl_306", 31 0, L_0000019042d6bf90;  1 drivers
L_0000019042d14b20 .functor BUFT 1, C4<00000000000000000000>, C4<0>, C4<0>, C4<0>;
v0000019042d08340_0 .net *"_ivl_309", 19 0, L_0000019042d14b20;  1 drivers
L_0000019042d14b68 .functor BUFT 1, C4<00000000000000000000000000000100>, C4<0>, C4<0>, C4<0>;
v0000019042d09ec0_0 .net/2u *"_ivl_310", 31 0, L_0000019042d14b68;  1 drivers
v0000019042d080c0_0 .net *"_ivl_312", 31 0, L_0000019042d6c5d0;  1 drivers
v0000019042d092e0_0 .net *"_ivl_314", 31 0, L_0000019042d6cdf0;  1 drivers
v0000019042d097e0_0 .net/2u *"_ivl_318", 0 0, L_0000019042d14bb0;  1 drivers
v0000019042d085c0_0 .net *"_ivl_32", 1 0, L_0000019042d0f450;  1 drivers
v0000019042d09060_0 .net *"_ivl_320", 0 0, L_0000019042cac890;  1 drivers
L_0000019042d14bf8 .functor BUFT 1, C4<001>, C4<0>, C4<0>, C4<0>;
v0000019042d087a0_0 .net/2u *"_ivl_322", 2 0, L_0000019042d14bf8;  1 drivers
v0000019042d088e0_0 .net *"_ivl_324", 0 0, L_0000019042d6cc10;  1 drivers
v0000019042d08fc0_0 .net *"_ivl_327", 0 0, L_0000019042cac820;  1 drivers
L_0000019042d14c40 .functor BUFT 1, C4<100>, C4<0>, C4<0>, C4<0>;
v0000019042d099c0_0 .net/2u *"_ivl_328", 2 0, L_0000019042d14c40;  1 drivers
v0000019042d08b60_0 .net *"_ivl_330", 0 0, L_0000019042d6b9f0;  1 drivers
v0000019042d08d40_0 .net *"_ivl_332", 0 0, L_0000019042cac660;  1 drivers
L_0000019042d14c88 .functor BUFT 1, C4<011>, C4<0>, C4<0>, C4<0>;
v0000019042d09a60_0 .net/2u *"_ivl_334", 2 0, L_0000019042d14c88;  1 drivers
v0000019042d09b00_0 .net *"_ivl_336", 0 0, L_0000019042d6c670;  1 drivers
v0000019042d08e80_0 .net *"_ivl_338", 0 0, L_0000019042caceb0;  1 drivers
L_0000019042d14cd0 .functor BUFT 1, C4<001>, C4<0>, C4<0>, C4<0>;
v0000019042d09ba0_0 .net/2u *"_ivl_340", 2 0, L_0000019042d14cd0;  1 drivers
v0000019042d08f20_0 .net *"_ivl_342", 0 0, L_0000019042d6d570;  1 drivers
L_0000019042d14d18 .functor BUFT 1, C4<001>, C4<0>, C4<0>, C4<0>;
v0000019042d09c40_0 .net/2u *"_ivl_344", 2 0, L_0000019042d14d18;  1 drivers
v0000019042d094c0_0 .net *"_ivl_346", 0 0, L_0000019042d6d070;  1 drivers
v0000019042d09ce0_0 .net *"_ivl_349", 0 0, L_0000019042cac510;  1 drivers
v0000019042d091a0_0 .net *"_ivl_350", 0 0, L_0000019042cacc10;  1 drivers
L_0000019042d14d60 .functor BUFT 1, C4<00000000000000000000000000000000>, C4<0>, C4<0>, C4<0>;
v0000019042d09380_0 .net/2u *"_ivl_352", 31 0, L_0000019042d14d60;  1 drivers
v0000019042d0ab70_0 .net/2u *"_ivl_356", 0 0, L_0000019042d14da8;  1 drivers
v0000019042d0b750_0 .net *"_ivl_358", 0 0, L_0000019042cac6d0;  1 drivers
L_0000019042d13b60 .functor BUFT 1, C4<01>, C4<0>, C4<0>, C4<0>;
v0000019042d0bd90_0 .net/2u *"_ivl_36", 1 0, L_0000019042d13b60;  1 drivers
L_0000019042d14df0 .functor BUFT 1, C4<001>, C4<0>, C4<0>, C4<0>;
v0000019042d0be30_0 .net/2u *"_ivl_360", 2 0, L_0000019042d14df0;  1 drivers
v0000019042d0ac10_0 .net *"_ivl_362", 0 0, L_0000019042d6c710;  1 drivers
v0000019042d0bed0_0 .net *"_ivl_365", 0 0, L_0000019042cacf90;  1 drivers
L_0000019042d14e38 .functor BUFT 1, C4<100>, C4<0>, C4<0>, C4<0>;
v0000019042d0b6b0_0 .net/2u *"_ivl_366", 2 0, L_0000019042d14e38;  1 drivers
v0000019042d0ae90_0 .net *"_ivl_368", 0 0, L_0000019042d6ccb0;  1 drivers
v0000019042d0af30_0 .net *"_ivl_370", 0 0, L_0000019042cac740;  1 drivers
L_0000019042d14e80 .functor BUFT 1, C4<011>, C4<0>, C4<0>, C4<0>;
v0000019042d0b250_0 .net/2u *"_ivl_372", 2 0, L_0000019042d14e80;  1 drivers
v0000019042d0a490_0 .net *"_ivl_374", 0 0, L_0000019042d6d750;  1 drivers
v0000019042d0b430_0 .net *"_ivl_376", 0 0, L_0000019042cac7b0;  1 drivers
L_0000019042d14ec8 .functor BUFT 1, C4<001>, C4<0>, C4<0>, C4<0>;
v0000019042d0aa30_0 .net/2u *"_ivl_378", 2 0, L_0000019042d14ec8;  1 drivers
v0000019042d0afd0_0 .net *"_ivl_38", 0 0, L_0000019042d0f6d0;  1 drivers
v0000019042d0bcf0_0 .net *"_ivl_380", 0 0, L_0000019042d6cd50;  1 drivers
L_0000019042d14f10 .functor BUFT 1, C4<001>, C4<0>, C4<0>, C4<0>;
v0000019042d0b7f0_0 .net/2u *"_ivl_382", 2 0, L_0000019042d14f10;  1 drivers
v0000019042d0b2f0_0 .net *"_ivl_384", 0 0, L_0000019042d6da70;  1 drivers
v0000019042d0acb0_0 .net *"_ivl_387", 0 0, L_0000019042cacdd0;  1 drivers
v0000019042d0ad50_0 .net *"_ivl_388", 0 0, L_0000019042cace40;  1 drivers
L_0000019042d14f58 .functor BUFT 1, C4<00000000000000000000000000000000>, C4<0>, C4<0>, C4<0>;
v0000019042d0b9d0_0 .net/2u *"_ivl_390", 31 0, L_0000019042d14f58;  1 drivers
v0000019042d0b4d0_0 .net *"_ivl_398", 0 0, L_0000019042d6d250;  1 drivers
L_0000019042d13920 .functor BUFT 1, C4<01>, C4<0>, C4<0>, C4<0>;
v0000019042d0aad0_0 .net/2s *"_ivl_4", 1 0, L_0000019042d13920;  1 drivers
L_0000019042d13ba8 .functor BUFT 1, C4<01>, C4<0>, C4<0>, C4<0>;
v0000019042d0adf0_0 .net/2s *"_ivl_40", 1 0, L_0000019042d13ba8;  1 drivers
L_0000019042d14fa0 .functor BUFT 1, C4<00000000000000000000000000000000>, C4<0>, C4<0>, C4<0>;
v0000019042d0bf70_0 .net/2u *"_ivl_400", 31 0, L_0000019042d14fa0;  1 drivers
L_0000019042d14fe8 .functor BUFT 1, C4<00000000000000000000000000000001>, C4<0>, C4<0>, C4<0>;
v0000019042d0ba70_0 .net/2u *"_ivl_402", 31 0, L_0000019042d14fe8;  1 drivers
v0000019042d0b390_0 .net *"_ivl_404", 31 0, L_0000019042d6c0d0;  1 drivers
L_0000019042d15030 .functor BUFT 1, C4<011>, C4<0>, C4<0>, C4<0>;
v0000019042d0b070_0 .net/2u *"_ivl_408", 2 0, L_0000019042d15030;  1 drivers
v0000019042d0a710_0 .net *"_ivl_410", 0 0, L_0000019042d6d2f0;  1 drivers
L_0000019042d15078 .functor BUFT 1, C4<100>, C4<0>, C4<0>, C4<0>;
v0000019042d0a5d0_0 .net/2u *"_ivl_412", 2 0, L_0000019042d15078;  1 drivers
v0000019042d0a670_0 .net *"_ivl_414", 0 0, L_0000019042d6dc50;  1 drivers
v0000019042d0b930_0 .net *"_ivl_416", 0 0, L_0000019042cad000;  1 drivers
L_0000019042d150c0 .functor BUFT 1, C4<01>, C4<0>, C4<0>, C4<0>;
v0000019042d0b890_0 .net/2s *"_ivl_418", 1 0, L_0000019042d150c0;  1 drivers
L_0000019042d13bf0 .functor BUFT 1, C4<00>, C4<0>, C4<0>, C4<0>;
v0000019042d0a0d0_0 .net/2s *"_ivl_42", 1 0, L_0000019042d13bf0;  1 drivers
L_0000019042d15108 .functor BUFT 1, C4<00>, C4<0>, C4<0>, C4<0>;
v0000019042d0bb10_0 .net/2s *"_ivl_420", 1 0, L_0000019042d15108;  1 drivers
v0000019042d0b110_0 .net *"_ivl_422", 1 0, L_0000019042d6c490;  1 drivers
L_0000019042d15150 .functor BUFT 1, C4<011>, C4<0>, C4<0>, C4<0>;
v0000019042d0b1b0_0 .net/2u *"_ivl_426", 2 0, L_0000019042d15150;  1 drivers
v0000019042d0a990_0 .net *"_ivl_428", 0 0, L_0000019042d6ebf0;  1 drivers
v0000019042d0b570_0 .net *"_ivl_432", 0 0, L_0000019042d6eb50;  1 drivers
L_0000019042d15198 .functor BUFT 1, C4<01>, C4<0>, C4<0>, C4<0>;
v0000019042d0a170_0 .net/2s *"_ivl_434", 1 0, L_0000019042d15198;  1 drivers
L_0000019042d151e0 .functor BUFT 1, C4<00>, C4<0>, C4<0>, C4<0>;
v0000019042d0a210_0 .net/2s *"_ivl_436", 1 0, L_0000019042d151e0;  1 drivers
v0000019042d0b610_0 .net *"_ivl_438", 1 0, L_0000019042d6efb0;  1 drivers
v0000019042d0a850_0 .net *"_ivl_44", 1 0, L_0000019042d10170;  1 drivers
v0000019042d0bbb0_0 .net/2u *"_ivl_442", 0 0, L_0000019042d15228;  1 drivers
v0000019042d0bc50_0 .net *"_ivl_444", 0 0, L_0000019042cad070;  1 drivers
L_0000019042d15270 .functor BUFT 1, C4<011>, C4<0>, C4<0>, C4<0>;
v0000019042d0a2b0_0 .net/2u *"_ivl_446", 2 0, L_0000019042d15270;  1 drivers
v0000019042d0a350_0 .net *"_ivl_448", 0 0, L_0000019042d6edd0;  1 drivers
v0000019042d0a3f0_0 .net *"_ivl_451", 0 0, L_0000019042cac190;  1 drivers
v0000019042d0a530_0 .net/2u *"_ivl_452", 0 0, L_0000019042d152b8;  1 drivers
v0000019042d0a7b0_0 .net *"_ivl_454", 0 0, L_000001904294c520;  1 drivers
v0000019042d0a8f0_0 .net *"_ivl_456", 0 0, L_000001904294c7c0;  1 drivers
v0000019042d0e150_0 .net *"_ivl_459", 0 0, L_000001904294c6e0;  1 drivers
v0000019042d0e470_0 .net *"_ivl_460", 0 0, L_000001904294c910;  1 drivers
L_0000019042d15300 .functor BUFT 1, C4<01>, C4<0>, C4<0>, C4<0>;
v0000019042d0cf30_0 .net/2s *"_ivl_462", 1 0, L_0000019042d15300;  1 drivers
L_0000019042d15348 .functor BUFT 1, C4<00>, C4<0>, C4<0>, C4<0>;
v0000019042d0cfd0_0 .net/2s *"_ivl_464", 1 0, L_0000019042d15348;  1 drivers
v0000019042d0e510_0 .net *"_ivl_466", 1 0, L_0000019042d6e510;  1 drivers
L_0000019042d13c38 .functor BUFT 1, C4<000000010000>, C4<0>, C4<0>, C4<0>;
v0000019042d0cd50_0 .net/2u *"_ivl_48", 11 0, L_0000019042d13c38;  1 drivers
v0000019042d0cad0_0 .net *"_ivl_50", 0 0, L_0000019042d0fd10;  1 drivers
L_0000019042d13c80 .functor BUFT 1, C4<000000010100>, C4<0>, C4<0>, C4<0>;
v0000019042d0e650_0 .net/2u *"_ivl_52", 11 0, L_0000019042d13c80;  1 drivers
v0000019042d0e5b0_0 .net *"_ivl_54", 0 0, L_0000019042d0f3b0;  1 drivers
v0000019042d0d250_0 .net *"_ivl_57", 0 0, L_0000019042cac430;  1 drivers
L_0000019042d13cc8 .functor BUFT 1, C4<000000000000>, C4<0>, C4<0>, C4<0>;
v0000019042d0ce90_0 .net/2u *"_ivl_58", 11 0, L_0000019042d13cc8;  1 drivers
L_0000019042d13968 .functor BUFT 1, C4<00>, C4<0>, C4<0>, C4<0>;
v0000019042d0e0b0_0 .net/2s *"_ivl_6", 1 0, L_0000019042d13968;  1 drivers
v0000019042d0d2f0_0 .net *"_ivl_60", 0 0, L_0000019042d0f130;  1 drivers
v0000019042d0ccb0_0 .net *"_ivl_63", 0 0, L_0000019042cac3c0;  1 drivers
v0000019042d0de30_0 .net *"_ivl_65", 0 0, L_0000019042d10d50;  1 drivers
v0000019042d0e3d0_0 .net *"_ivl_66", 31 0, L_0000019042d107b0;  1 drivers
L_0000019042d13d10 .functor BUFT 1, C4<0000000000000000000000000000000>, C4<0>, C4<0>, C4<0>;
v0000019042d0cdf0_0 .net *"_ivl_69", 30 0, L_0000019042d13d10;  1 drivers
L_0000019042d13d58 .functor BUFT 1, C4<00000000000000000000000000000001>, C4<0>, C4<0>, C4<0>;
v0000019042d0dcf0_0 .net/2u *"_ivl_70", 31 0, L_0000019042d13d58;  1 drivers
v0000019042d0dd90_0 .net *"_ivl_72", 0 0, L_0000019042d0ea50;  1 drivers
v0000019042d0d070_0 .net *"_ivl_74", 0 0, L_0000019042cacba0;  1 drivers
L_0000019042d13da0 .functor BUFT 1, C4<01>, C4<0>, C4<0>, C4<0>;
v0000019042d0d430_0 .net/2s *"_ivl_76", 1 0, L_0000019042d13da0;  1 drivers
L_0000019042d13de8 .functor BUFT 1, C4<00>, C4<0>, C4<0>, C4<0>;
v0000019042d0e6f0_0 .net/2s *"_ivl_78", 1 0, L_0000019042d13de8;  1 drivers
v0000019042d0e790_0 .net *"_ivl_8", 1 0, L_0000019042d0f630;  1 drivers
v0000019042d0d390_0 .net *"_ivl_80", 1 0, L_0000019042d0f8b0;  1 drivers
L_0000019042d13e30 .functor BUFT 1, C4<11>, C4<0>, C4<0>, C4<0>;
v0000019042d0da70_0 .net/2u *"_ivl_84", 1 0, L_0000019042d13e30;  1 drivers
v0000019042d0d4d0_0 .net *"_ivl_86", 0 0, L_0000019042d0fb30;  1 drivers
L_0000019042d13e78 .functor BUFT 1, C4<11>, C4<0>, C4<0>, C4<0>;
v0000019042d0e290_0 .net/2u *"_ivl_88", 1 0, L_0000019042d13e78;  1 drivers
v0000019042d0d570_0 .net *"_ivl_90", 0 0, L_0000019042d10f30;  1 drivers
v0000019042d0ded0_0 .net *"_ivl_93", 0 0, L_0000019042cac270;  1 drivers
L_0000019042d13ec0 .functor BUFT 1, C4<100>, C4<0>, C4<0>, C4<0>;
v0000019042d0d110_0 .net/2u *"_ivl_94", 2 0, L_0000019042d13ec0;  1 drivers
v0000019042d0cb70_0 .net *"_ivl_96", 0 0, L_0000019042d0f770;  1 drivers
v0000019042d0d610_0 .net *"_ivl_99", 0 0, L_0000019042cac5f0;  1 drivers
v0000019042d0e330_0 .net "addr_max", 11 0, L_0000019042d6d6b0;  1 drivers
v0000019042d0c8f0_0 .var "ap_ctrl", 2 0;
v0000019042d0db10_0 .var "ap_ctrl_fir", 2 0;
v0000019042d0d9d0_0 .net "ap_ctrl_next", 2 0, L_0000019042d6d110;  1 drivers
v0000019042d0d6b0_0 .var "ap_state", 1 0;
v0000019042d0c990_0 .var "ap_state_next", 1 0;
v0000019042d0df70_0 .var "ar_state", 1 0;
v0000019042d0ca30_0 .var "ar_state_next", 1 0;
o0000019042cb51b8 .functor BUFZ 12, C4<zzzzzzzzzzzz>; HiZ drive
v0000019042d0cc10_0 .net "araddr", 11 0, o0000019042cb51b8;  0 drivers
v0000019042d0d1b0_0 .net "arready", 0 0, L_0000019042d0ff90;  1 drivers
o0000019042cb5218 .functor BUFZ 1, C4<z>; HiZ drive
v0000019042d0d750_0 .net "arvalid", 0 0, o0000019042cb5218;  0 drivers
v0000019042d0d7f0_0 .var "aw_state", 1 0;
v0000019042d0d890_0 .var "aw_state_next", 1 0;
o0000019042cb52a8 .functor BUFZ 12, C4<zzzzzzzzzzzz>; HiZ drive
v0000019042d0d930_0 .net "awaddr", 11 0, o0000019042cb52a8;  0 drivers
v0000019042d0e1f0_0 .net "awready", 0 0, L_0000019042d10cb0;  1 drivers
o0000019042cb5308 .functor BUFZ 1, C4<z>; HiZ drive
v0000019042d0dbb0_0 .net "awvalid", 0 0, o0000019042cb5308;  0 drivers
o0000019042cb5338 .functor BUFZ 1, C4<z>; HiZ drive
v0000019042d0dc50_0 .net "axis_clk", 0 0, o0000019042cb5338;  0 drivers
o0000019042cb5368 .functor BUFZ 1, C4<z>; HiZ drive
v0000019042d0e010_0 .net "axis_rst_n", 0 0, o0000019042cb5368;  0 drivers
v0000019042d11930_0 .var "coef_length", 31 0;
v0000019042d11250_0 .net "coef_length_next", 31 0, L_0000019042d0ee10;  1 drivers
v0000019042d121f0_0 .net "data_A", 11 0, L_0000019042d6bb30;  1 drivers
v0000019042d11d90_0 .net "data_Di", 31 0, L_0000019042d6c210;  1 drivers
o0000019042cb5458 .functor BUFZ 32, C4<zzzzzzzzzzzzzzzzzzzzzzzzzzzzzzzz>; HiZ drive
v0000019042d12150_0 .net "data_Do", 31 0, o0000019042cb5458;  0 drivers
L_0000019042d14388 .functor BUFT 1, C4<1>, C4<0>, C4<0>, C4<0>;
v0000019042d11e30_0 .net "data_EN", 0 0, L_0000019042d14388;  1 drivers
v0000019042d125b0_0 .net "data_WE", 3 0, L_0000019042d6d930;  1 drivers
v0000019042d112f0_0 .var "data_addr_f", 11 0;
v0000019042d11750_0 .net "data_addr_f_next", 11 0, L_0000019042d6d9d0;  1 drivers
v0000019042d11570_0 .var "data_addr_r", 11 0;
v0000019042d11b10_0 .net "data_addr_r_next", 11 0, L_0000019042d6dcf0;  1 drivers
v0000019042d11390_0 .var "data_addr_w", 11 0;
v0000019042d12290_0 .net "data_addr_w_next", 11 0, L_0000019042d6bd10;  1 drivers
v0000019042d12510_0 .var "data_cnt", 31 0;
v0000019042d11bb0_0 .net "data_cnt_next", 31 0, L_0000019042d6c2b0;  1 drivers
v0000019042d12790_0 .var "data_length", 31 0;
v0000019042d12010_0 .net "data_length_next", 31 0, L_0000019042d0e9b0;  1 drivers
v0000019042d12470_0 .net "data_x", 31 0, L_0000019042d6d7f0;  1 drivers
v0000019042d12650_0 .net "fresh", 0 0, L_0000019042d6be50;  1 drivers
v0000019042d126f0_0 .var "mode_state", 0 0;
v0000019042d117f0_0 .var "mode_state_next", 0 0;
v0000019042d119d0_0 .var "r_state", 1 0;
v0000019042d11ed0_0 .var "r_state_next", 1 0;
v0000019042d114d0_0 .var "rdata", 31 0;
o0000019042cb5818 .functor BUFZ 1, C4<z>; HiZ drive
v0000019042d12330_0 .net "rready", 0 0, o0000019042cb5818;  0 drivers
v0000019042d11f70_0 .net "rvalid", 0 0, L_0000019042d10fd0;  1 drivers
v0000019042d11430_0 .var "sm_state", 2 0;
v0000019042d123d0_0 .var "sm_state_next", 2 0;
v0000019042d120b0_0 .net "sm_tdata", 31 0, L_0000019042d6e470;  1 drivers
v0000019042d111b0_0 .net "sm_tlast", 0 0, L_0000019042d6ef10;  1 drivers
v0000019042d11110_0 .net "sm_tready", 0 0, o0000019042cb5938;  0 drivers
v0000019042d11610_0 .net "sm_tvalid", 0 0, L_0000019042d6c530;  1 drivers
v0000019042d116b0_0 .var "ss_last_state", 0 0;
v0000019042d11c50_0 .var "ss_last_state_next", 0 0;
v0000019042d11890_0 .var "ss_state", 2 0;
v0000019042d11cf0_0 .var "ss_state_next", 2 0;
o0000019042cb5a58 .functor BUFZ 32, C4<zzzzzzzzzzzzzzzzzzzzzzzzzzzzzzzz>; HiZ drive
v0000019042d11a70_0 .net "ss_tdata", 31 0, o0000019042cb5a58;  0 drivers
v0000019042d0f310_0 .var "ss_tdata_tmp", 31 0;
o0000019042cb5ab8 .functor BUFZ 1, C4<z>; HiZ drive
v0000019042d0f090_0 .net "ss_tlast", 0 0, o0000019042cb5ab8;  0 drivers
v0000019042d10b70_0 .var "ss_tready", 0 0;
v0000019042d0fa90_0 .net "ss_tvalid", 0 0, o0000019042cb5b18;  0 drivers
v0000019042d0fdb0_0 .var "tap_A", 11 0;
v0000019042d0eaf0_0 .var "tap_A_hold", 11 0;
v0000019042d10e90_0 .net "tap_A_max", 11 0, L_0000019042d6c850;  1 drivers
v0000019042d10df0_0 .var "tap_A_next", 11 0;
v0000019042d0f9f0_0 .var "tap_Di", 31 0;
v0000019042d0fef0_0 .var "tap_Di_next", 31 0;
o0000019042cb5c68 .functor BUFZ 32, C4<zzzzzzzzzzzzzzzzzzzzzzzzzzzzzzzz>; HiZ drive
v0000019042d0ef50_0 .net "tap_Do", 31 0, o0000019042cb5c68;  0 drivers
v0000019042d0f1d0_0 .net "tap_EN", 0 0, L_0000019042d10350;  1 drivers
v0000019042d0f4f0_0 .net "tap_WE", 3 0, L_0000019042d10850;  1 drivers
v0000019042d10ad0_0 .var "tap_addr_generator", 11 0;
v0000019042d102b0_0 .net "tap_addr_generator_next", 11 0, L_0000019042d6d890;  1 drivers
v0000019042d0f590_0 .net "tap_h", 31 0, L_0000019042d6d1b0;  1 drivers
v0000019042d0f810_0 .var "w_state", 1 0;
v0000019042d0fe50_0 .var "w_state_next", 1 0;
o0000019042cb5de8 .functor BUFZ 32, C4<zzzzzzzzzzzzzzzzzzzzzzzzzzzzzzzz>; HiZ drive
v0000019042d10c10_0 .net "wdata", 31 0, o0000019042cb5de8;  0 drivers
v0000019042d103f0_0 .net "wready", 0 0, L_0000019042d10210;  1 drivers
o0000019042cb5e48 .functor BUFZ 1, C4<z>; HiZ drive
v0000019042d0ecd0_0 .net "wvalid", 0 0, o0000019042cb5e48;  0 drivers
v0000019042d0ed70_0 .var "x_mul_h", 31 0;
v0000019042d0f270_0 .net "x_mul_h_next", 31 0, L_0000019042d6bbd0;  1 drivers
v0000019042d0fc70_0 .var "y", 31 0;
v0000019042d10490_0 .var "y_latch", 31 0;
v0000019042d10710_0 .net "y_latch_en", 0 0, L_0000019042d6e5b0;  1 drivers
v0000019042d105d0_0 .var "y_latch_next", 31 0;
v0000019042d10670_0 .net "y_next", 31 0, L_0000019042d6bc70;  1 drivers
E_0000019042945470/0 .event negedge, v0000019042d0e010_0;
E_0000019042945470/1 .event posedge, v0000019042d0dc50_0;
E_0000019042945470 .event/or E_0000019042945470/0, E_0000019042945470/1;
E_0000019042948230 .event anyedge, v0000019042d126f0_0, v0000019042d11430_0, v0000019042d0c8f0_0;
E_0000019042948470 .event anyedge, v0000019042d10710_0, v0000019042d0fc70_0, v0000019042d10490_0;
E_0000019042949130/0 .event anyedge, v0000019042d11430_0, v0000019042d0fdb0_0, v0000019042d10e90_0, v0000019042d0c8f0_0;
E_0000019042949130/1 .event anyedge, v0000019042d11610_0, v0000019042d11110_0;
E_0000019042949130 .event/or E_0000019042949130/0, E_0000019042949130/1;
E_0000019042949170/0 .event anyedge, v0000019042d116b0_0, v0000019042d0f090_0, v0000019042d0fa90_0, v0000019042d10b70_0;
E_0000019042949170/1 .event anyedge, v0000019042d0c8f0_0;
E_0000019042949170 .event/or E_0000019042949170/0, E_0000019042949170/1;
E_00000190429482b0 .event anyedge, v0000019042d116b0_0, v0000019042d11890_0;
E_0000019042948870/0 .event anyedge, v0000019042d11890_0, v0000019042d0d6b0_0, v0000019042d0fa90_0, v0000019042d10b70_0;
E_0000019042948870/1 .event anyedge, v0000019042d0fdb0_0, v0000019042d10e90_0, v0000019042d126f0_0, v0000019042d11610_0;
E_0000019042948870/2 .event anyedge, v0000019042d11110_0;
E_0000019042948870 .event/or E_0000019042948870/0, E_0000019042948870/1, E_0000019042948870/2;
E_0000019042948430/0 .event anyedge, v0000019042d0d6b0_0, v0000019042d0eaf0_0, v0000019042d0f9f0_0, v0000019042d111b0_0;
E_0000019042948430/1 .event anyedge, v0000019042d0cc10_0, v0000019042d11f70_0, v0000019042d12330_0, v0000019042d0f090_0;
E_0000019042948430/2 .event anyedge, v0000019042d12650_0;
E_0000019042948430 .event/or E_0000019042948430/0, E_0000019042948430/1, E_0000019042948430/2;
E_0000019042948eb0/0 .event anyedge, v0000019042d0df70_0, v0000019042d119d0_0, v0000019042d11f70_0, v0000019042d12330_0;
E_0000019042948eb0/1 .event anyedge, v0000019042d0cc10_0, v0000019042d0c8f0_0, v0000019042d12790_0, v0000019042d11930_0;
E_0000019042948eb0/2 .event anyedge, v0000019042d0ef50_0, v0000019042d0eaf0_0;
E_0000019042948eb0 .event/or E_0000019042948eb0/0, E_0000019042948eb0/1, E_0000019042948eb0/2;
E_0000019042948cb0/0 .event anyedge, v0000019042d12330_0, v0000019042d0d750_0, v0000019042d0c8f0_0, v0000019042d0cc10_0;
E_0000019042948cb0/1 .event anyedge, v0000019042d0d1b0_0, v0000019042d0eaf0_0, v0000019042d10ad0_0;
E_0000019042948cb0 .event/or E_0000019042948cb0/0, E_0000019042948cb0/1;
E_00000190429484b0/0 .event anyedge, v0000019042d0d7f0_0, v0000019042d0d930_0, v0000019042d0df70_0, v0000019042d0cc10_0;
E_00000190429484b0/1 .event anyedge, v0000019042d0eaf0_0;
E_00000190429484b0 .event/or E_00000190429484b0/0, E_00000190429484b0/1;
E_0000019042948ef0 .event anyedge, v0000019042d0f810_0, v0000019042d10c10_0, v0000019042d0f9f0_0;
E_0000019042948af0 .event anyedge, v0000019042d0df70_0, v0000019042d0d750_0, v0000019042d11f70_0, v0000019042d12330_0;
E_0000019042948bf0 .event anyedge, v0000019042d119d0_0, v0000019042d12330_0, v0000019042d0d750_0, v0000019042d0df70_0;
E_0000019042948530 .event anyedge, v0000019042d0d7f0_0, v0000019042d0dbb0_0, v0000019042d0f810_0;
E_0000019042948c30 .event anyedge, v0000019042d0f810_0, v0000019042d0ecd0_0, v0000019042d0d7f0_0;
L_0000019042d10030 .cmp/eq 2, v0000019042d0f810_0, L_0000019042d138d8;
L_0000019042d0f630 .functor MUXZ 2, L_0000019042d13968, L_0000019042d13920, L_0000019042d10030, C4<>;
L_0000019042d10210 .part L_0000019042d0f630, 0, 1;
L_0000019042d100d0 .cmp/eq 2, v0000019042d0d7f0_0, L_0000019042d139b0;
L_0000019042d0eff0 .functor MUXZ 2, L_0000019042d13a40, L_0000019042d139f8, L_0000019042d100d0, C4<>;
L_0000019042d10cb0 .part L_0000019042d0eff0, 0, 1;
L_0000019042d0eb90 .cmp/eq 2, v0000019042d119d0_0, L_0000019042d13a88;
L_0000019042d0f450 .functor MUXZ 2, L_0000019042d13b18, L_0000019042d13ad0, L_0000019042d0eb90, C4<>;
L_0000019042d10fd0 .part L_0000019042d0f450, 0, 1;
L_0000019042d0f6d0 .cmp/eq 2, v0000019042d0df70_0, L_0000019042d13b60;
L_0000019042d10170 .functor MUXZ 2, L_0000019042d13bf0, L_0000019042d13ba8, L_0000019042d0f6d0, C4<>;
L_0000019042d0ff90 .part L_0000019042d10170, 0, 1;
L_0000019042d0fd10 .cmp/ne 12, v0000019042d0eaf0_0, L_0000019042d13c38;
L_0000019042d0f3b0 .cmp/ne 12, v0000019042d0eaf0_0, L_0000019042d13c80;
L_0000019042d0f130 .cmp/ne 12, v0000019042d0eaf0_0, L_0000019042d13cc8;
L_0000019042d10d50 .part v0000019042d0c8f0_0, 0, 1;
L_0000019042d107b0 .concat [ 1 31 0 0], L_0000019042d10d50, L_0000019042d13d10;
L_0000019042d0ea50 .cmp/eq 32, L_0000019042d107b0, L_0000019042d13d58;
L_0000019042d0f8b0 .functor MUXZ 2, L_0000019042d13de8, L_0000019042d13da0, L_0000019042cacba0, C4<>;
L_0000019042d10350 .part L_0000019042d0f8b0, 0, 1;
L_0000019042d0fb30 .cmp/eq 2, v0000019042d0f810_0, L_0000019042d13e30;
L_0000019042d10f30 .cmp/eq 2, v0000019042d0d7f0_0, L_0000019042d13e78;
L_0000019042d0f770 .cmp/eq 3, v0000019042d0c8f0_0, L_0000019042d13ec0;
L_0000019042d10850 .functor MUXZ 4, L_0000019042d13f50, L_0000019042d13f08, L_0000019042cac5f0, C4<>;
L_0000019042d11070 .cmp/eq 12, v0000019042d0eaf0_0, L_0000019042d13f98;
L_0000019042d0e910 .cmp/eq 2, v0000019042d0f810_0, L_0000019042d13fe0;
L_0000019042d10530 .cmp/eq 2, v0000019042d0d7f0_0, L_0000019042d14028;
L_0000019042d0e9b0 .functor MUXZ 32, v0000019042d12790_0, v0000019042d0f9f0_0, L_0000019042cac4a0, C4<>;
L_0000019042d108f0 .cmp/eq 12, v0000019042d0eaf0_0, L_0000019042d14070;
L_0000019042d0f950 .cmp/eq 2, v0000019042d0f810_0, L_0000019042d140b8;
L_0000019042d0ec30 .cmp/eq 2, v0000019042d0d7f0_0, L_0000019042d14100;
L_0000019042d0ee10 .functor MUXZ 32, v0000019042d11930_0, v0000019042d0f9f0_0, L_0000019042cacb30, C4<>;
L_0000019042d0fbd0 .cmp/eq 12, v0000019042d0eaf0_0, L_0000019042d14148;
L_0000019042d10990 .cmp/eq 2, v0000019042d0f810_0, L_0000019042d14190;
L_0000019042d0eeb0 .cmp/eq 2, v0000019042d0d7f0_0, L_0000019042d141d8;
L_0000019042d10a30 .concat [ 3 29 0 0], v0000019042d0db10_0, L_0000019042d14220;
L_0000019042d6c030 .functor MUXZ 32, L_0000019042d10a30, v0000019042d0f9f0_0, L_0000019042caccf0, C4<>;
L_0000019042d6d110 .part L_0000019042d6c030, 0, 3;
L_0000019042d6d890 .arith/sum 12, v0000019042d10ad0_0, L_0000019042d14268;
L_0000019042d6cad0 .cmp/eq 3, v0000019042d0c8f0_0, L_0000019042d142b0;
L_0000019042d6d930 .functor MUXZ 4, L_0000019042d14340, L_0000019042d142f8, L_0000019042cac900, C4<>;
L_0000019042d6c8f0 .cmp/eq 3, v0000019042d0c8f0_0, L_0000019042d143d0;
L_0000019042d6c210 .functor MUXZ 32, o0000019042cb5a58, L_0000019042d14418, L_0000019042d6c8f0, C4<>;
L_0000019042d6db10 .cmp/eq 3, v0000019042d0c8f0_0, L_0000019042d14460;
L_0000019042d6d4d0 .part v0000019042d112f0_0, 0, 7;
L_0000019042d6ca30 .concat [ 7 5 0 0], L_0000019042d6d4d0, L_0000019042d144a8;
L_0000019042d6c170 .cmp/eq 3, v0000019042d11890_0, L_0000019042d144f0;
L_0000019042d6e0b0 .part v0000019042d11390_0, 0, 7;
L_0000019042d6d390 .concat [ 7 5 0 0], L_0000019042d6e0b0, L_0000019042d14538;
L_0000019042d6d430 .part v0000019042d11570_0, 0, 7;
L_0000019042d6c350 .concat [ 7 5 0 0], L_0000019042d6d430, L_0000019042d14580;
L_0000019042d6cfd0 .functor MUXZ 12, L_0000019042d6c350, L_0000019042d6d390, L_0000019042d6c170, C4<>;
L_0000019042d6bb30 .functor MUXZ 12, L_0000019042d6cfd0, L_0000019042d6ca30, L_0000019042d6db10, C4<>;
L_0000019042d6ba90 .arith/sub 32, v0000019042d11930_0, L_0000019042d145c8;
L_0000019042d6c7b0 .arith/mult 32, L_0000019042d6ba90, L_0000019042d14610;
L_0000019042d6c850 .part L_0000019042d6c7b0, 0, 12;
L_0000019042d6dd90 .arith/sub 32, v0000019042d11930_0, L_0000019042d146a0;
L_0000019042d6cb70 .arith/mult 32, L_0000019042d6dd90, L_0000019042d146e8;
L_0000019042d6ce90 .arith/sum 32, L_0000019042d14658, L_0000019042d6cb70;
L_0000019042d6d6b0 .part L_0000019042d6ce90, 0, 12;
L_0000019042d6c3f0 .cmp/ne 12, v0000019042d11390_0, L_0000019042d6d6b0;
L_0000019042d6dbb0 .arith/sum 12, v0000019042d11390_0, L_0000019042d14730;
L_0000019042d6bd10 .functor MUXZ 12, L_0000019042d14778, L_0000019042d6dbb0, L_0000019042d6c3f0, C4<>;
L_0000019042d6de30 .concat [ 12 20 0 0], v0000019042d112f0_0, L_0000019042d147c0;
L_0000019042d6bdb0 .cmp/eq 32, L_0000019042d6de30, L_0000019042d14808;
L_0000019042d6ded0 .functor MUXZ 2, L_0000019042d14898, L_0000019042d14850, L_0000019042d6bdb0, C4<>;
L_0000019042d6be50 .part L_0000019042d6ded0, 0, 1;
L_0000019042d6c990 .concat [ 12 20 0 0], v0000019042d112f0_0, L_0000019042d148e0;
L_0000019042d6df70 .cmp/ne 32, L_0000019042d6c990, L_0000019042d14928;
L_0000019042d6e010 .arith/sum 12, v0000019042d112f0_0, L_0000019042d14970;
L_0000019042d6d9d0 .functor MUXZ 12, L_0000019042d149b8, L_0000019042d6e010, L_0000019042d6df70, C4<>;
L_0000019042d6bef0 .cmp/eq 12, v0000019042d11570_0, L_0000019042d14a00;
L_0000019042d6b950 .arith/sub 32, v0000019042d11930_0, L_0000019042d14a90;
L_0000019042d6d610 .arith/mult 32, L_0000019042d6b950, L_0000019042d14ad8;
L_0000019042d6cf30 .arith/sum 32, L_0000019042d14a48, L_0000019042d6d610;
L_0000019042d6bf90 .concat [ 12 20 0 0], v0000019042d11570_0, L_0000019042d14b20;
L_0000019042d6c5d0 .arith/sub 32, L_0000019042d6bf90, L_0000019042d14b68;
L_0000019042d6cdf0 .functor MUXZ 32, L_0000019042d6c5d0, L_0000019042d6cf30, L_0000019042d6bef0, C4<>;
L_0000019042d6dcf0 .part L_0000019042d6cdf0, 0, 12;
L_0000019042d6cc10 .cmp/eq 3, v0000019042d11430_0, L_0000019042d14bf8;
L_0000019042d6b9f0 .cmp/eq 3, v0000019042d11890_0, L_0000019042d14c40;
L_0000019042d6c670 .cmp/eq 3, v0000019042d11890_0, L_0000019042d14c88;
L_0000019042d6d570 .cmp/eq 3, v0000019042d11890_0, L_0000019042d14cd0;
L_0000019042d6d070 .cmp/eq 3, v0000019042d11430_0, L_0000019042d14d18;
L_0000019042d6d7f0 .functor MUXZ 32, L_0000019042d14d60, o0000019042cb5458, L_0000019042cacc10, C4<>;
L_0000019042d6c710 .cmp/eq 3, v0000019042d11430_0, L_0000019042d14df0;
L_0000019042d6ccb0 .cmp/eq 3, v0000019042d11890_0, L_0000019042d14e38;
L_0000019042d6d750 .cmp/eq 3, v0000019042d11890_0, L_0000019042d14e80;
L_0000019042d6cd50 .cmp/eq 3, v0000019042d11890_0, L_0000019042d14ec8;
L_0000019042d6da70 .cmp/eq 3, v0000019042d11430_0, L_0000019042d14f10;
L_0000019042d6d1b0 .functor MUXZ 32, L_0000019042d14f58, o0000019042cb5c68, L_0000019042cace40, C4<>;
L_0000019042d6bbd0 .arith/mult 32, L_0000019042d6d7f0, L_0000019042d6d1b0;
L_0000019042d6bc70 .arith/sum 32, v0000019042d0ed70_0, v0000019042d0fc70_0;
L_0000019042d6d250 .cmp/eq 32, v0000019042d12510_0, v0000019042d12790_0;
L_0000019042d6c0d0 .arith/sum 32, v0000019042d12510_0, L_0000019042d14fe8;
L_0000019042d6c2b0 .functor MUXZ 32, L_0000019042d6c0d0, L_0000019042d14fa0, L_0000019042d6d250, C4<>;
L_0000019042d6d2f0 .cmp/eq 3, v0000019042d11430_0, L_0000019042d15030;
L_0000019042d6dc50 .cmp/eq 3, v0000019042d11430_0, L_0000019042d15078;
L_0000019042d6c490 .functor MUXZ 2, L_0000019042d15108, L_0000019042d150c0, L_0000019042cad000, C4<>;
L_0000019042d6c530 .part L_0000019042d6c490, 0, 1;
L_0000019042d6ebf0 .cmp/eq 3, v0000019042d11430_0, L_0000019042d15150;
L_0000019042d6e470 .functor MUXZ 32, v0000019042d10490_0, v0000019042d0fc70_0, L_0000019042d6ebf0, C4<>;
L_0000019042d6eb50 .cmp/eq 32, v0000019042d12510_0, v0000019042d12790_0;
L_0000019042d6efb0 .functor MUXZ 2, L_0000019042d151e0, L_0000019042d15198, L_0000019042d6eb50, C4<>;
L_0000019042d6ef10 .part L_0000019042d6efb0, 0, 1;
L_0000019042d6edd0 .cmp/eq 3, v0000019042d11430_0, L_0000019042d15270;
L_0000019042d6e510 .functor MUXZ 2, L_0000019042d15348, L_0000019042d15300, L_000001904294c910, C4<>;
L_0000019042d6e5b0 .part L_0000019042d6e510, 0, 1;
    .scope S_000001904294eb10;
T_0 ;
    %wait E_0000019042948c30;
    %load/vec4 v0000019042d0f810_0;
    %dup/vec4;
    %pushi/vec4 0, 0, 2;
    %cmp/u;
    %jmp/1 T_0.0, 6;
    %dup/vec4;
    %pushi/vec4 1, 0, 2;
    %cmp/u;
    %jmp/1 T_0.1, 6;
    %dup/vec4;
    %pushi/vec4 2, 0, 2;
    %cmp/u;
    %jmp/1 T_0.2, 6;
    %dup/vec4;
    %pushi/vec4 3, 0, 2;
    %cmp/u;
    %jmp/1 T_0.3, 6;
    %jmp T_0.4;
T_0.0 ;
    %load/vec4 v0000019042d0ecd0_0;
    %flag_set/vec4 8;
    %jmp/0xz  T_0.5, 8;
    %pushi/vec4 1, 0, 2;
    %store/vec4 v0000019042d0fe50_0, 0, 2;
    %jmp T_0.6;
T_0.5 ;
    %pushi/vec4 0, 0, 2;
    %store/vec4 v0000019042d0fe50_0, 0, 2;
T_0.6 ;
    %jmp T_0.4;
T_0.1 ;
    %load/vec4 v0000019042d0d7f0_0;
    %pushi/vec4 1, 0, 2;
    %cmp/e;
    %flag_get/vec4 4;
    %load/vec4 v0000019042d0d7f0_0;
    %pushi/vec4 2, 0, 2;
    %cmp/e;
    %flag_get/vec4 4;
    %or;
    %flag_set/vec4 8;
    %jmp/0xz  T_0.7, 8;
    %pushi/vec4 3, 0, 2;
    %store/vec4 v0000019042d0fe50_0, 0, 2;
    %jmp T_0.8;
T_0.7 ;
    %pushi/vec4 2, 0, 2;
    %store/vec4 v0000019042d0fe50_0, 0, 2;
T_0.8 ;
    %jmp T_0.4;
T_0.2 ;
    %load/vec4 v0000019042d0d7f0_0;
    %cmpi/e 1, 0, 2;
    %jmp/0xz  T_0.9, 4;
    %pushi/vec4 3, 0, 2;
    %store/vec4 v0000019042d0fe50_0, 0, 2;
    %jmp T_0.10;
T_0.9 ;
    %pushi/vec4 2, 0, 2;
    %store/vec4 v0000019042d0fe50_0, 0, 2;
T_0.10 ;
    %jmp T_0.4;
T_0.3 ;
    %load/vec4 v0000019042d0ecd0_0;
    %flag_set/vec4 8;
    %jmp/0xz  T_0.11, 8;
    %pushi/vec4 1, 0, 2;
    %store/vec4 v0000019042d0fe50_0, 0, 2;
    %jmp T_0.12;
T_0.11 ;
    %pushi/vec4 0, 0, 2;
    %store/vec4 v0000019042d0fe50_0, 0, 2;
T_0.12 ;
    %jmp T_0.4;
T_0.4 ;
    %pop/vec4 1;
    %jmp T_0;
    .thread T_0, $push;
    .scope S_000001904294eb10;
T_1 ;
    %wait E_0000019042945470;
    %load/vec4 v0000019042d0e010_0;
    %nor/r;
    %flag_set/vec4 8;
    %jmp/0xz  T_1.0, 8;
    %pushi/vec4 0, 0, 2;
    %assign/vec4 v0000019042d0f810_0, 0;
    %jmp T_1.1;
T_1.0 ;
    %load/vec4 v0000019042d0fe50_0;
    %assign/vec4 v0000019042d0f810_0, 0;
T_1.1 ;
    %jmp T_1;
    .thread T_1;
    .scope S_000001904294eb10;
T_2 ;
    %wait E_0000019042948530;
    %load/vec4 v0000019042d0d7f0_0;
    %dup/vec4;
    %pushi/vec4 0, 0, 2;
    %cmp/u;
    %jmp/1 T_2.0, 6;
    %dup/vec4;
    %pushi/vec4 1, 0, 2;
    %cmp/u;
    %jmp/1 T_2.1, 6;
    %dup/vec4;
    %pushi/vec4 2, 0, 2;
    %cmp/u;
    %jmp/1 T_2.2, 6;
    %dup/vec4;
    %pushi/vec4 3, 0, 2;
    %cmp/u;
    %jmp/1 T_2.3, 6;
    %jmp T_2.4;
T_2.0 ;
    %load/vec4 v0000019042d0dbb0_0;
    %flag_set/vec4 8;
    %jmp/0xz  T_2.5, 8;
    %pushi/vec4 1, 0, 2;
    %store/vec4 v0000019042d0d890_0, 0, 2;
    %jmp T_2.6;
T_2.5 ;
    %pushi/vec4 0, 0, 2;
    %store/vec4 v0000019042d0d890_0, 0, 2;
T_2.6 ;
    %jmp T_2.4;
T_2.1 ;
    %load/vec4 v0000019042d0f810_0;
    %pushi/vec4 1, 0, 2;
    %cmp/e;
    %flag_get/vec4 4;
    %load/vec4 v0000019042d0f810_0;
    %pushi/vec4 2, 0, 2;
    %cmp/e;
    %flag_get/vec4 4;
    %or;
    %flag_set/vec4 8;
    %jmp/0xz  T_2.7, 8;
    %pushi/vec4 3, 0, 2;
    %store/vec4 v0000019042d0d890_0, 0, 2;
    %jmp T_2.8;
T_2.7 ;
    %pushi/vec4 2, 0, 2;
    %store/vec4 v0000019042d0d890_0, 0, 2;
T_2.8 ;
    %jmp T_2.4;
T_2.2 ;
    %load/vec4 v0000019042d0f810_0;
    %cmpi/e 1, 0, 2;
    %jmp/0xz  T_2.9, 4;
    %pushi/vec4 3, 0, 2;
    %store/vec4 v0000019042d0d890_0, 0, 2;
    %jmp T_2.10;
T_2.9 ;
    %pushi/vec4 2, 0, 2;
    %store/vec4 v0000019042d0d890_0, 0, 2;
T_2.10 ;
    %jmp T_2.4;
T_2.3 ;
    %load/vec4 v0000019042d0dbb0_0;
    %flag_set/vec4 8;
    %jmp/0xz  T_2.11, 8;
    %pushi/vec4 1, 0, 2;
    %store/vec4 v0000019042d0d890_0, 0, 2;
    %jmp T_2.12;
T_2.11 ;
    %pushi/vec4 0, 0, 2;
    %store/vec4 v0000019042d0d890_0, 0, 2;
T_2.12 ;
    %jmp T_2.4;
T_2.4 ;
    %pop/vec4 1;
    %jmp T_2;
    .thread T_2, $push;
    .scope S_000001904294eb10;
T_3 ;
    %wait E_0000019042945470;
    %load/vec4 v0000019042d0e010_0;
    %nor/r;
    %flag_set/vec4 8;
    %jmp/0xz  T_3.0, 8;
    %pushi/vec4 0, 0, 2;
    %assign/vec4 v0000019042d0d7f0_0, 0;
    %jmp T_3.1;
T_3.0 ;
    %load/vec4 v0000019042d0d890_0;
    %assign/vec4 v0000019042d0d7f0_0, 0;
T_3.1 ;
    %jmp T_3;
    .thread T_3;
    .scope S_000001904294eb10;
T_4 ;
    %wait E_0000019042948bf0;
    %load/vec4 v0000019042d119d0_0;
    %dup/vec4;
    %pushi/vec4 0, 0, 2;
    %cmp/u;
    %jmp/1 T_4.0, 6;
    %dup/vec4;
    %pushi/vec4 1, 0, 2;
    %cmp/u;
    %jmp/1 T_4.1, 6;
    %dup/vec4;
    %pushi/vec4 2, 0, 2;
    %cmp/u;
    %jmp/1 T_4.2, 6;
    %pushi/vec4 0, 0, 2;
    %store/vec4 v0000019042d11ed0_0, 0, 2;
    %jmp T_4.4;
T_4.0 ;
    %load/vec4 v0000019042d12330_0;
    %load/vec4 v0000019042d0d750_0;
    %and;
    %load/vec4 v0000019042d0df70_0;
    %pushi/vec4 1, 0, 2;
    %cmp/e;
    %flag_get/vec4 4;
    %or;
    %flag_set/vec4 8;
    %jmp/0xz  T_4.5, 8;
    %pushi/vec4 1, 0, 2;
    %store/vec4 v0000019042d11ed0_0, 0, 2;
    %jmp T_4.6;
T_4.5 ;
    %pushi/vec4 0, 0, 2;
    %store/vec4 v0000019042d11ed0_0, 0, 2;
T_4.6 ;
    %jmp T_4.4;
T_4.1 ;
    %load/vec4 v0000019042d12330_0;
    %flag_set/vec4 8;
    %jmp/0xz  T_4.7, 8;
    %pushi/vec4 2, 0, 2;
    %store/vec4 v0000019042d11ed0_0, 0, 2;
    %jmp T_4.8;
T_4.7 ;
    %pushi/vec4 1, 0, 2;
    %store/vec4 v0000019042d11ed0_0, 0, 2;
T_4.8 ;
    %jmp T_4.4;
T_4.2 ;
    %load/vec4 v0000019042d12330_0;
    %load/vec4 v0000019042d0d750_0;
    %and;
    %load/vec4 v0000019042d12330_0;
    %pad/u 32;
    %pushi/vec4 1, 0, 32;
    %cmp/e;
    %flag_get/vec4 4;
    %load/vec4 v0000019042d0df70_0;
    %pushi/vec4 2, 0, 2;
    %cmp/e;
    %flag_get/vec4 4;
    %and;
    %or;
    %flag_set/vec4 8;
    %jmp/0xz  T_4.9, 8;
    %pushi/vec4 1, 0, 2;
    %store/vec4 v0000019042d11ed0_0, 0, 2;
    %jmp T_4.10;
T_4.9 ;
    %pushi/vec4 0, 0, 2;
    %store/vec4 v0000019042d11ed0_0, 0, 2;
T_4.10 ;
    %jmp T_4.4;
T_4.4 ;
    %pop/vec4 1;
    %jmp T_4;
    .thread T_4, $push;
    .scope S_000001904294eb10;
T_5 ;
    %wait E_0000019042945470;
    %load/vec4 v0000019042d0e010_0;
    %nor/r;
    %flag_set/vec4 8;
    %jmp/0xz  T_5.0, 8;
    %pushi/vec4 0, 0, 2;
    %assign/vec4 v0000019042d119d0_0, 0;
    %jmp T_5.1;
T_5.0 ;
    %load/vec4 v0000019042d11ed0_0;
    %assign/vec4 v0000019042d119d0_0, 0;
T_5.1 ;
    %jmp T_5;
    .thread T_5;
    .scope S_000001904294eb10;
T_6 ;
    %wait E_0000019042948af0;
    %load/vec4 v0000019042d0df70_0;
    %dup/vec4;
    %pushi/vec4 0, 0, 2;
    %cmp/u;
    %jmp/1 T_6.0, 6;
    %dup/vec4;
    %pushi/vec4 1, 0, 2;
    %cmp/u;
    %jmp/1 T_6.1, 6;
    %dup/vec4;
    %pushi/vec4 2, 0, 2;
    %cmp/u;
    %jmp/1 T_6.2, 6;
    %dup/vec4;
    %pushi/vec4 3, 0, 2;
    %cmp/u;
    %jmp/1 T_6.3, 6;
    %jmp T_6.4;
T_6.0 ;
    %load/vec4 v0000019042d0d750_0;
    %flag_set/vec4 8;
    %jmp/0xz  T_6.5, 8;
    %pushi/vec4 1, 0, 2;
    %store/vec4 v0000019042d0ca30_0, 0, 2;
    %jmp T_6.6;
T_6.5 ;
    %pushi/vec4 0, 0, 2;
    %store/vec4 v0000019042d0ca30_0, 0, 2;
T_6.6 ;
    %jmp T_6.4;
T_6.1 ;
    %load/vec4 v0000019042d11f70_0;
    %load/vec4 v0000019042d12330_0;
    %and;
    %flag_set/vec4 8;
    %jmp/0xz  T_6.7, 8;
    %pushi/vec4 3, 0, 2;
    %store/vec4 v0000019042d0ca30_0, 0, 2;
    %jmp T_6.8;
T_6.7 ;
    %pushi/vec4 2, 0, 2;
    %store/vec4 v0000019042d0ca30_0, 0, 2;
T_6.8 ;
    %jmp T_6.4;
T_6.2 ;
    %load/vec4 v0000019042d11f70_0;
    %load/vec4 v0000019042d12330_0;
    %and;
    %flag_set/vec4 8;
    %jmp/0xz  T_6.9, 8;
    %pushi/vec4 3, 0, 2;
    %store/vec4 v0000019042d0ca30_0, 0, 2;
    %jmp T_6.10;
T_6.9 ;
    %pushi/vec4 2, 0, 2;
    %store/vec4 v0000019042d0ca30_0, 0, 2;
T_6.10 ;
    %jmp T_6.4;
T_6.3 ;
    %load/vec4 v0000019042d0d750_0;
    %flag_set/vec4 8;
    %jmp/0xz  T_6.11, 8;
    %pushi/vec4 1, 0, 2;
    %store/vec4 v0000019042d0ca30_0, 0, 2;
    %jmp T_6.12;
T_6.11 ;
    %pushi/vec4 0, 0, 2;
    %store/vec4 v0000019042d0ca30_0, 0, 2;
T_6.12 ;
    %jmp T_6.4;
T_6.4 ;
    %pop/vec4 1;
    %jmp T_6;
    .thread T_6, $push;
    .scope S_000001904294eb10;
T_7 ;
    %wait E_0000019042945470;
    %load/vec4 v0000019042d0e010_0;
    %nor/r;
    %flag_set/vec4 8;
    %jmp/0xz  T_7.0, 8;
    %pushi/vec4 0, 0, 2;
    %assign/vec4 v0000019042d0df70_0, 0;
    %jmp T_7.1;
T_7.0 ;
    %load/vec4 v0000019042d0ca30_0;
    %assign/vec4 v0000019042d0df70_0, 0;
T_7.1 ;
    %jmp T_7;
    .thread T_7;
    .scope S_000001904294eb10;
T_8 ;
    %wait E_0000019042948ef0;
    %load/vec4 v0000019042d0f810_0;
    %cmpi/e 1, 0, 2;
    %jmp/0xz  T_8.0, 4;
    %load/vec4 v0000019042d10c10_0;
    %store/vec4 v0000019042d0fef0_0, 0, 32;
    %jmp T_8.1;
T_8.0 ;
    %load/vec4 v0000019042d0f9f0_0;
    %store/vec4 v0000019042d0fef0_0, 0, 32;
T_8.1 ;
    %jmp T_8;
    .thread T_8, $push;
    .scope S_000001904294eb10;
T_9 ;
    %wait E_0000019042945470;
    %load/vec4 v0000019042d0e010_0;
    %nor/r;
    %flag_set/vec4 8;
    %jmp/0xz  T_9.0, 8;
    %pushi/vec4 0, 0, 32;
    %assign/vec4 v0000019042d0f9f0_0, 0;
    %jmp T_9.1;
T_9.0 ;
    %load/vec4 v0000019042d0f810_0;
    %pushi/vec4 3, 0, 2;
    %cmp/e;
    %flag_get/vec4 4;
    %load/vec4 v0000019042d0d7f0_0;
    %pushi/vec4 3, 0, 2;
    %cmp/e;
    %flag_get/vec4 4;
    %and;
    %flag_set/vec4 8;
    %jmp/0xz  T_9.2, 8;
    %pushi/vec4 0, 0, 32;
    %assign/vec4 v0000019042d0f9f0_0, 0;
    %jmp T_9.3;
T_9.2 ;
    %load/vec4 v0000019042d0fef0_0;
    %assign/vec4 v0000019042d0f9f0_0, 0;
T_9.3 ;
T_9.1 ;
    %jmp T_9;
    .thread T_9;
    .scope S_000001904294eb10;
T_10 ;
    %wait E_00000190429484b0;
    %load/vec4 v0000019042d0d7f0_0;
    %cmpi/e 1, 0, 2;
    %jmp/0xz  T_10.0, 4;
    %load/vec4 v0000019042d0d930_0;
    %store/vec4 v0000019042d10df0_0, 0, 12;
    %jmp T_10.1;
T_10.0 ;
    %load/vec4 v0000019042d0df70_0;
    %cmpi/e 1, 0, 2;
    %jmp/0xz  T_10.2, 4;
    %load/vec4 v0000019042d0cc10_0;
    %store/vec4 v0000019042d10df0_0, 0, 12;
    %jmp T_10.3;
T_10.2 ;
    %load/vec4 v0000019042d0eaf0_0;
    %store/vec4 v0000019042d10df0_0, 0, 12;
T_10.3 ;
T_10.1 ;
    %jmp T_10;
    .thread T_10, $push;
    .scope S_000001904294eb10;
T_11 ;
    %wait E_0000019042945470;
    %load/vec4 v0000019042d0e010_0;
    %nor/r;
    %flag_set/vec4 8;
    %jmp/0xz  T_11.0, 8;
    %pushi/vec4 0, 0, 12;
    %assign/vec4 v0000019042d0eaf0_0, 0;
    %jmp T_11.1;
T_11.0 ;
    %load/vec4 v0000019042d10df0_0;
    %assign/vec4 v0000019042d0eaf0_0, 0;
T_11.1 ;
    %jmp T_11;
    .thread T_11;
    .scope S_000001904294eb10;
T_12 ;
    %wait E_0000019042948cb0;
    %load/vec4 v0000019042d12330_0;
    %load/vec4 v0000019042d0d750_0;
    %and;
    %load/vec4 v0000019042d0c8f0_0;
    %pushi/vec4 4, 0, 3;
    %cmp/e;
    %flag_get/vec4 4;
    %and;
    %flag_set/vec4 8;
    %jmp/0xz  T_12.0, 8;
    %load/vec4 v0000019042d0cc10_0;
    %parti/s 7, 0, 2;
    %pad/u 12;
    %store/vec4 v0000019042d0fdb0_0, 0, 12;
    %jmp T_12.1;
T_12.0 ;
    %load/vec4 v0000019042d0d750_0;
    %load/vec4 v0000019042d0d1b0_0;
    %and;
    %load/vec4 v0000019042d0c8f0_0;
    %pushi/vec4 4, 0, 3;
    %cmp/e;
    %flag_get/vec4 4;
    %and;
    %flag_set/vec4 8;
    %jmp/0xz  T_12.2, 8;
    %load/vec4 v0000019042d0cc10_0;
    %parti/s 7, 0, 2;
    %pad/u 12;
    %store/vec4 v0000019042d0fdb0_0, 0, 12;
    %jmp T_12.3;
T_12.2 ;
    %load/vec4 v0000019042d0c8f0_0;
    %cmpi/e 4, 0, 3;
    %jmp/0xz  T_12.4, 4;
    %load/vec4 v0000019042d0eaf0_0;
    %parti/s 7, 0, 2;
    %pad/u 12;
    %store/vec4 v0000019042d0fdb0_0, 0, 12;
    %jmp T_12.5;
T_12.4 ;
    %load/vec4 v0000019042d0c8f0_0;
    %cmpi/e 1, 0, 3;
    %jmp/0xz  T_12.6, 4;
    %load/vec4 v0000019042d10ad0_0;
    %parti/s 7, 0, 2;
    %pad/u 12;
    %store/vec4 v0000019042d0fdb0_0, 0, 12;
    %jmp T_12.7;
T_12.6 ;
    %pushi/vec4 0, 0, 12;
    %store/vec4 v0000019042d0fdb0_0, 0, 12;
T_12.7 ;
T_12.5 ;
T_12.3 ;
T_12.1 ;
    %jmp T_12;
    .thread T_12, $push;
    .scope S_000001904294eb10;
T_13 ;
    %wait E_0000019042948eb0;
    %load/vec4 v0000019042d0df70_0;
    %pushi/vec4 1, 0, 2;
    %cmp/e;
    %flag_get/vec4 4;
    %load/vec4 v0000019042d119d0_0;
    %pushi/vec4 1, 0, 2;
    %cmp/e;
    %flag_get/vec4 4;
    %and;
    %load/vec4 v0000019042d11f70_0;
    %load/vec4 v0000019042d12330_0;
    %and;
    %and;
    %flag_set/vec4 8;
    %jmp/0xz  T_13.0, 8;
    %load/vec4 v0000019042d0cc10_0;
    %dup/vec4;
    %pushi/vec4 0, 0, 12;
    %cmp/u;
    %jmp/1 T_13.2, 6;
    %dup/vec4;
    %pushi/vec4 16, 0, 12;
    %cmp/u;
    %jmp/1 T_13.3, 6;
    %dup/vec4;
    %pushi/vec4 20, 0, 12;
    %cmp/u;
    %jmp/1 T_13.4, 6;
    %load/vec4 v0000019042d0c8f0_0;
    %cmpi/ne 1, 0, 3;
    %flag_mov 8, 4;
    %jmp/0 T_13.7, 8;
    %load/vec4 v0000019042d0ef50_0;
    %jmp/1 T_13.8, 8;
T_13.7 ; End of true expr.
    %pushi/vec4 4294967295, 0, 32;
    %jmp/0 T_13.8, 8;
 ; End of false expr.
    %blend;
T_13.8;
    %store/vec4 v0000019042d114d0_0, 0, 32;
    %jmp T_13.6;
T_13.2 ;
    %load/vec4 v0000019042d0c8f0_0;
    %pad/u 32;
    %store/vec4 v0000019042d114d0_0, 0, 32;
    %jmp T_13.6;
T_13.3 ;
    %load/vec4 v0000019042d12790_0;
    %store/vec4 v0000019042d114d0_0, 0, 32;
    %jmp T_13.6;
T_13.4 ;
    %load/vec4 v0000019042d11930_0;
    %store/vec4 v0000019042d114d0_0, 0, 32;
    %jmp T_13.6;
T_13.6 ;
    %pop/vec4 1;
    %jmp T_13.1;
T_13.0 ;
    %load/vec4 v0000019042d12330_0;
    %load/vec4 v0000019042d11f70_0;
    %and;
    %flag_set/vec4 8;
    %jmp/0xz  T_13.9, 8;
    %load/vec4 v0000019042d0eaf0_0;
    %dup/vec4;
    %pushi/vec4 0, 0, 12;
    %cmp/u;
    %jmp/1 T_13.11, 6;
    %dup/vec4;
    %pushi/vec4 16, 0, 12;
    %cmp/u;
    %jmp/1 T_13.12, 6;
    %dup/vec4;
    %pushi/vec4 20, 0, 12;
    %cmp/u;
    %jmp/1 T_13.13, 6;
    %load/vec4 v0000019042d0c8f0_0;
    %cmpi/ne 1, 0, 3;
    %flag_mov 8, 4;
    %jmp/0 T_13.16, 8;
    %load/vec4 v0000019042d0ef50_0;
    %jmp/1 T_13.17, 8;
T_13.16 ; End of true expr.
    %pushi/vec4 4294967295, 0, 32;
    %jmp/0 T_13.17, 8;
 ; End of false expr.
    %blend;
T_13.17;
    %store/vec4 v0000019042d114d0_0, 0, 32;
    %jmp T_13.15;
T_13.11 ;
    %load/vec4 v0000019042d0c8f0_0;
    %pad/u 32;
    %store/vec4 v0000019042d114d0_0, 0, 32;
    %jmp T_13.15;
T_13.12 ;
    %load/vec4 v0000019042d12790_0;
    %store/vec4 v0000019042d114d0_0, 0, 32;
    %jmp T_13.15;
T_13.13 ;
    %load/vec4 v0000019042d11930_0;
    %store/vec4 v0000019042d114d0_0, 0, 32;
    %jmp T_13.15;
T_13.15 ;
    %pop/vec4 1;
    %jmp T_13.10;
T_13.9 ;
    %pushi/vec4 0, 0, 32;
    %store/vec4 v0000019042d114d0_0, 0, 32;
T_13.10 ;
T_13.1 ;
    %jmp T_13;
    .thread T_13, $push;
    .scope S_000001904294eb10;
T_14 ;
    %wait E_0000019042945470;
    %load/vec4 v0000019042d0e010_0;
    %nor/r;
    %flag_set/vec4 8;
    %jmp/0xz  T_14.0, 8;
    %pushi/vec4 0, 0, 32;
    %assign/vec4 v0000019042d12790_0, 0;
    %pushi/vec4 0, 0, 32;
    %assign/vec4 v0000019042d11930_0, 0;
    %pushi/vec4 4, 0, 3;
    %assign/vec4 v0000019042d0c8f0_0, 0;
    %jmp T_14.1;
T_14.0 ;
    %load/vec4 v0000019042d12010_0;
    %assign/vec4 v0000019042d12790_0, 0;
    %load/vec4 v0000019042d11250_0;
    %assign/vec4 v0000019042d11930_0, 0;
    %load/vec4 v0000019042d0d9d0_0;
    %assign/vec4 v0000019042d0c8f0_0, 0;
T_14.1 ;
    %jmp T_14;
    .thread T_14;
    .scope S_000001904294eb10;
T_15 ;
    %wait E_0000019042948430;
    %load/vec4 v0000019042d0d6b0_0;
    %dup/vec4;
    %pushi/vec4 0, 0, 2;
    %cmp/u;
    %jmp/1 T_15.0, 6;
    %dup/vec4;
    %pushi/vec4 1, 0, 2;
    %cmp/u;
    %jmp/1 T_15.1, 6;
    %dup/vec4;
    %pushi/vec4 2, 0, 2;
    %cmp/u;
    %jmp/1 T_15.2, 6;
    %dup/vec4;
    %pushi/vec4 3, 0, 2;
    %cmp/u;
    %jmp/1 T_15.3, 6;
    %pushi/vec4 0, 0, 2;
    %store/vec4 v0000019042d0c990_0, 0, 2;
    %pushi/vec4 4, 0, 3;
    %store/vec4 v0000019042d0db10_0, 0, 3;
    %jmp T_15.5;
T_15.0 ;
    %load/vec4 v0000019042d0eaf0_0;
    %pushi/vec4 0, 0, 12;
    %cmp/e;
    %flag_get/vec4 4;
    %load/vec4 v0000019042d0f9f0_0;
    %pushi/vec4 1, 0, 32;
    %cmp/e;
    %flag_get/vec4 4;
    %and;
    %flag_set/vec4 8;
    %jmp/0xz  T_15.6, 8;
    %pushi/vec4 3, 0, 2;
    %store/vec4 v0000019042d0c990_0, 0, 2;
    %pushi/vec4 4, 0, 3;
    %store/vec4 v0000019042d0db10_0, 0, 3;
    %jmp T_15.7;
T_15.6 ;
    %pushi/vec4 0, 0, 2;
    %store/vec4 v0000019042d0c990_0, 0, 2;
    %pushi/vec4 4, 0, 3;
    %store/vec4 v0000019042d0db10_0, 0, 3;
T_15.7 ;
    %jmp T_15.5;
T_15.1 ;
    %load/vec4 v0000019042d111b0_0;
    %pad/u 32;
    %cmpi/e 1, 0, 32;
    %jmp/0xz  T_15.8, 4;
    %pushi/vec4 2, 0, 2;
    %store/vec4 v0000019042d0c990_0, 0, 2;
    %pushi/vec4 2, 0, 3;
    %store/vec4 v0000019042d0db10_0, 0, 3;
    %jmp T_15.9;
T_15.8 ;
    %pushi/vec4 1, 0, 2;
    %store/vec4 v0000019042d0c990_0, 0, 2;
    %pushi/vec4 1, 0, 3;
    %store/vec4 v0000019042d0db10_0, 0, 3;
T_15.9 ;
    %jmp T_15.5;
T_15.2 ;
    %load/vec4 v0000019042d0cc10_0;
    %pushi/vec4 0, 0, 12;
    %cmp/e;
    %flag_get/vec4 4;
    %load/vec4 v0000019042d11f70_0;
    %load/vec4 v0000019042d12330_0;
    %and;
    %and;
    %load/vec4 v0000019042d0f090_0;
    %nor/r;
    %and;
    %flag_set/vec4 8;
    %jmp/0xz  T_15.10, 8;
    %pushi/vec4 0, 0, 2;
    %store/vec4 v0000019042d0c990_0, 0, 2;
    %pushi/vec4 4, 0, 3;
    %store/vec4 v0000019042d0db10_0, 0, 3;
    %jmp T_15.11;
T_15.10 ;
    %pushi/vec4 2, 0, 2;
    %store/vec4 v0000019042d0c990_0, 0, 2;
    %pushi/vec4 2, 0, 3;
    %store/vec4 v0000019042d0db10_0, 0, 3;
T_15.11 ;
    %jmp T_15.5;
T_15.3 ;
    %load/vec4 v0000019042d12650_0;
    %flag_set/vec4 8;
    %jmp/0xz  T_15.12, 8;
    %pushi/vec4 1, 0, 2;
    %store/vec4 v0000019042d0c990_0, 0, 2;
    %pushi/vec4 5, 0, 3;
    %store/vec4 v0000019042d0db10_0, 0, 3;
    %jmp T_15.13;
T_15.12 ;
    %pushi/vec4 3, 0, 2;
    %store/vec4 v0000019042d0c990_0, 0, 2;
    %pushi/vec4 4, 0, 3;
    %store/vec4 v0000019042d0db10_0, 0, 3;
T_15.13 ;
    %jmp T_15.5;
T_15.5 ;
    %pop/vec4 1;
    %jmp T_15;
    .thread T_15, $push;
    .scope S_000001904294eb10;
T_16 ;
    %wait E_0000019042945470;
    %load/vec4 v0000019042d0e010_0;
    %nor/r;
    %flag_set/vec4 8;
    %jmp/0xz  T_16.0, 8;
    %pushi/vec4 0, 0, 2;
    %assign/vec4 v0000019042d0d6b0_0, 0;
    %jmp T_16.1;
T_16.0 ;
    %load/vec4 v0000019042d0c990_0;
    %assign/vec4 v0000019042d0d6b0_0, 0;
T_16.1 ;
    %jmp T_16;
    .thread T_16;
    .scope S_000001904294eb10;
T_17 ;
    %wait E_0000019042945470;
    %load/vec4 v0000019042d0e010_0;
    %nor/r;
    %flag_set/vec4 8;
    %jmp/0xz  T_17.0, 8;
    %pushi/vec4 128, 0, 12;
    %assign/vec4 v0000019042d10ad0_0, 0;
    %jmp T_17.1;
T_17.0 ;
    %load/vec4 v0000019042d126f0_0;
    %pushi/vec4 1, 0, 1;
    %cmp/e;
    %flag_get/vec4 4;
    %load/vec4 v0000019042d12510_0;
    %load/vec4 v0000019042d12790_0;
    %subi 1, 0, 32;
    %cmp/e;
    %flag_get/vec4 4;
    %and;
    %flag_set/vec4 8;
    %jmp/0xz  T_17.2, 8;
    %load/vec4 v0000019042d102b0_0;
    %assign/vec4 v0000019042d10ad0_0, 0;
    %jmp T_17.3;
T_17.2 ;
    %load/vec4 v0000019042d0c8f0_0;
    %cmpi/e 4, 0, 3;
    %jmp/0xz  T_17.4, 4;
    %pushi/vec4 128, 0, 12;
    %assign/vec4 v0000019042d10ad0_0, 0;
    %jmp T_17.5;
T_17.4 ;
    %load/vec4 v0000019042d11890_0;
    %cmpi/e 1, 0, 3;
    %jmp/0xz  T_17.6, 4;
    %pushi/vec4 128, 0, 12;
    %assign/vec4 v0000019042d10ad0_0, 0;
    %jmp T_17.7;
T_17.6 ;
    %load/vec4 v0000019042d102b0_0;
    %assign/vec4 v0000019042d10ad0_0, 0;
T_17.7 ;
T_17.5 ;
T_17.3 ;
T_17.1 ;
    %jmp T_17;
    .thread T_17;
    .scope S_000001904294eb10;
T_18 ;
    %wait E_0000019042945470;
    %load/vec4 v0000019042d0e010_0;
    %nor/r;
    %flag_set/vec4 8;
    %jmp/0xz  T_18.0, 8;
    %pushi/vec4 0, 0, 32;
    %assign/vec4 v0000019042d0f310_0, 0;
    %jmp T_18.1;
T_18.0 ;
    %load/vec4 v0000019042d11890_0;
    %cmpi/e 2, 0, 3;
    %jmp/0xz  T_18.2, 4;
    %load/vec4 v0000019042d0f310_0;
    %assign/vec4 v0000019042d0f310_0, 0;
    %jmp T_18.3;
T_18.2 ;
    %load/vec4 v0000019042d11a70_0;
    %assign/vec4 v0000019042d0f310_0, 0;
T_18.3 ;
T_18.1 ;
    %jmp T_18;
    .thread T_18;
    .scope S_000001904294eb10;
T_19 ;
    %wait E_0000019042945470;
    %load/vec4 v0000019042d0e010_0;
    %nor/r;
    %flag_set/vec4 8;
    %jmp/0xz  T_19.0, 8;
    %pushi/vec4 128, 0, 12;
    %assign/vec4 v0000019042d11390_0, 0;
    %jmp T_19.1;
T_19.0 ;
    %load/vec4 v0000019042d0c8f0_0;
    %cmpi/e 5, 0, 3;
    %jmp/0xz  T_19.2, 4;
    %pushi/vec4 128, 0, 12;
    %assign/vec4 v0000019042d11390_0, 0;
    %jmp T_19.3;
T_19.2 ;
    %load/vec4 v0000019042d11890_0;
    %cmpi/e 2, 0, 3;
    %jmp/0xz  T_19.4, 4;
    %load/vec4 v0000019042d12290_0;
    %assign/vec4 v0000019042d11390_0, 0;
    %jmp T_19.5;
T_19.4 ;
    %load/vec4 v0000019042d0c8f0_0;
    %cmpi/e 4, 0, 3;
    %jmp/0xz  T_19.6, 4;
    %load/vec4 v0000019042d12290_0;
    %assign/vec4 v0000019042d11390_0, 0;
    %jmp T_19.7;
T_19.6 ;
    %load/vec4 v0000019042d11390_0;
    %assign/vec4 v0000019042d11390_0, 0;
T_19.7 ;
T_19.5 ;
T_19.3 ;
T_19.1 ;
    %jmp T_19;
    .thread T_19;
    .scope S_000001904294eb10;
T_20 ;
    %wait E_0000019042945470;
    %load/vec4 v0000019042d0e010_0;
    %nor/r;
    %flag_set/vec4 8;
    %jmp/0xz  T_20.0, 8;
    %pushi/vec4 128, 0, 12;
    %assign/vec4 v0000019042d112f0_0, 0;
    %jmp T_20.1;
T_20.0 ;
    %load/vec4 v0000019042d0d6b0_0;
    %cmpi/e 2, 0, 2;
    %jmp/0xz  T_20.2, 4;
    %pushi/vec4 128, 0, 12;
    %assign/vec4 v0000019042d112f0_0, 0;
    %jmp T_20.3;
T_20.2 ;
    %load/vec4 v0000019042d0d6b0_0;
    %cmpi/e 3, 0, 2;
    %jmp/0xz  T_20.4, 4;
    %load/vec4 v0000019042d11750_0;
    %assign/vec4 v0000019042d112f0_0, 0;
    %jmp T_20.5;
T_20.4 ;
    %load/vec4 v0000019042d112f0_0;
    %assign/vec4 v0000019042d112f0_0, 0;
T_20.5 ;
T_20.3 ;
T_20.1 ;
    %jmp T_20;
    .thread T_20;
    .scope S_000001904294eb10;
T_21 ;
    %wait E_0000019042945470;
    %load/vec4 v0000019042d0e010_0;
    %nor/r;
    %flag_set/vec4 8;
    %jmp/0xz  T_21.0, 8;
    %pushi/vec4 128, 0, 12;
    %assign/vec4 v0000019042d11570_0, 0;
    %jmp T_21.1;
T_21.0 ;
    %load/vec4 v0000019042d0c8f0_0;
    %cmpi/e 4, 0, 3;
    %jmp/0xz  T_21.2, 4;
    %pushi/vec4 128, 0, 12;
    %assign/vec4 v0000019042d11570_0, 0;
    %jmp T_21.3;
T_21.2 ;
    %load/vec4 v0000019042d11890_0;
    %cmpi/e 1, 0, 3;
    %jmp/0xz  T_21.4, 4;
    %load/vec4 v0000019042d11390_0;
    %assign/vec4 v0000019042d11570_0, 0;
    %jmp T_21.5;
T_21.4 ;
    %load/vec4 v0000019042d11b10_0;
    %assign/vec4 v0000019042d11570_0, 0;
T_21.5 ;
T_21.3 ;
T_21.1 ;
    %jmp T_21;
    .thread T_21;
    .scope S_000001904294eb10;
T_22 ;
    %wait E_0000019042945470;
    %load/vec4 v0000019042d0e010_0;
    %nor/r;
    %flag_set/vec4 8;
    %jmp/0xz  T_22.0, 8;
    %pushi/vec4 0, 0, 32;
    %assign/vec4 v0000019042d0fc70_0, 0;
    %load/vec4 v0000019042d0f270_0;
    %assign/vec4 v0000019042d0ed70_0, 0;
    %jmp T_22.1;
T_22.0 ;
    %load/vec4 v0000019042d0c8f0_0;
    %pushi/vec4 1, 0, 3;
    %cmp/e;
    %flag_get/vec4 4;
    %load/vec4 v0000019042d11890_0;
    %pushi/vec4 3, 0, 3;
    %cmp/e;
    %flag_get/vec4 4;
    %and;
    %flag_set/vec4 8;
    %jmp/0xz  T_22.2, 8;
    %pushi/vec4 0, 0, 32;
    %assign/vec4 v0000019042d0fc70_0, 0;
    %load/vec4 v0000019042d0f270_0;
    %assign/vec4 v0000019042d0ed70_0, 0;
    %jmp T_22.3;
T_22.2 ;
    %load/vec4 v0000019042d0c8f0_0;
    %cmpi/e 1, 0, 3;
    %jmp/0xz  T_22.4, 4;
    %load/vec4 v0000019042d10670_0;
    %assign/vec4 v0000019042d0fc70_0, 0;
    %load/vec4 v0000019042d0f270_0;
    %assign/vec4 v0000019042d0ed70_0, 0;
    %jmp T_22.5;
T_22.4 ;
    %pushi/vec4 0, 0, 32;
    %assign/vec4 v0000019042d0fc70_0, 0;
    %pushi/vec4 0, 0, 32;
    %assign/vec4 v0000019042d0ed70_0, 0;
T_22.5 ;
T_22.3 ;
T_22.1 ;
    %jmp T_22;
    .thread T_22;
    .scope S_000001904294eb10;
T_23 ;
    %wait E_0000019042948870;
    %load/vec4 v0000019042d11890_0;
    %dup/vec4;
    %pushi/vec4 0, 0, 3;
    %cmp/u;
    %jmp/1 T_23.0, 6;
    %dup/vec4;
    %pushi/vec4 1, 0, 3;
    %cmp/u;
    %jmp/1 T_23.1, 6;
    %dup/vec4;
    %pushi/vec4 2, 0, 3;
    %cmp/u;
    %jmp/1 T_23.2, 6;
    %dup/vec4;
    %pushi/vec4 3, 0, 3;
    %cmp/u;
    %jmp/1 T_23.3, 6;
    %dup/vec4;
    %pushi/vec4 4, 0, 3;
    %cmp/u;
    %jmp/1 T_23.4, 6;
    %dup/vec4;
    %pushi/vec4 5, 0, 3;
    %cmp/u;
    %jmp/1 T_23.5, 6;
    %pushi/vec4 0, 0, 3;
    %store/vec4 v0000019042d11cf0_0, 0, 3;
    %jmp T_23.7;
T_23.0 ;
    %load/vec4 v0000019042d0d6b0_0;
    %cmpi/e 1, 0, 2;
    %jmp/0xz  T_23.8, 4;
    %pushi/vec4 1, 0, 3;
    %store/vec4 v0000019042d11cf0_0, 0, 3;
    %jmp T_23.9;
T_23.8 ;
    %pushi/vec4 0, 0, 3;
    %store/vec4 v0000019042d11cf0_0, 0, 3;
T_23.9 ;
    %jmp T_23.7;
T_23.1 ;
    %load/vec4 v0000019042d0fa90_0;
    %load/vec4 v0000019042d10b70_0;
    %and;
    %flag_set/vec4 8;
    %jmp/0xz  T_23.10, 8;
    %pushi/vec4 2, 0, 3;
    %store/vec4 v0000019042d11cf0_0, 0, 3;
    %jmp T_23.11;
T_23.10 ;
    %pushi/vec4 1, 0, 3;
    %store/vec4 v0000019042d11cf0_0, 0, 3;
T_23.11 ;
    %jmp T_23.7;
T_23.2 ;
    %pushi/vec4 3, 0, 3;
    %store/vec4 v0000019042d11cf0_0, 0, 3;
    %jmp T_23.7;
T_23.3 ;
    %pushi/vec4 4, 0, 3;
    %store/vec4 v0000019042d11cf0_0, 0, 3;
    %jmp T_23.7;
T_23.4 ;
    %load/vec4 v0000019042d0fdb0_0;
    %load/vec4 v0000019042d10e90_0;
    %cmp/e;
    %flag_get/vec4 4;
    %load/vec4 v0000019042d126f0_0;
    %pushi/vec4 1, 0, 1;
    %cmp/e;
    %flag_get/vec4 4;
    %and;
    %flag_set/vec4 8;
    %jmp/0xz  T_23.12, 8;
    %pushi/vec4 5, 0, 3;
    %store/vec4 v0000019042d11cf0_0, 0, 3;
    %jmp T_23.13;
T_23.12 ;
    %load/vec4 v0000019042d0fdb0_0;
    %load/vec4 v0000019042d10e90_0;
    %cmp/e;
    %jmp/0xz  T_23.14, 4;
    %pushi/vec4 1, 0, 3;
    %store/vec4 v0000019042d11cf0_0, 0, 3;
    %jmp T_23.15;
T_23.14 ;
    %pushi/vec4 4, 0, 3;
    %store/vec4 v0000019042d11cf0_0, 0, 3;
T_23.15 ;
T_23.13 ;
    %jmp T_23.7;
T_23.5 ;
    %load/vec4 v0000019042d11610_0;
    %load/vec4 v0000019042d11110_0;
    %and;
    %flag_set/vec4 8;
    %jmp/0xz  T_23.16, 8;
    %pushi/vec4 1, 0, 3;
    %store/vec4 v0000019042d11cf0_0, 0, 3;
    %jmp T_23.17;
T_23.16 ;
    %pushi/vec4 5, 0, 3;
    %store/vec4 v0000019042d11cf0_0, 0, 3;
T_23.17 ;
    %jmp T_23.7;
T_23.7 ;
    %pop/vec4 1;
    %jmp T_23;
    .thread T_23, $push;
    .scope S_000001904294eb10;
T_24 ;
    %wait E_0000019042945470;
    %load/vec4 v0000019042d0e010_0;
    %nor/r;
    %flag_set/vec4 8;
    %jmp/0xz  T_24.0, 8;
    %pushi/vec4 0, 0, 3;
    %assign/vec4 v0000019042d11890_0, 0;
    %jmp T_24.1;
T_24.0 ;
    %load/vec4 v0000019042d0d6b0_0;
    %cmpi/e 2, 0, 2;
    %jmp/0xz  T_24.2, 4;
    %pushi/vec4 0, 0, 3;
    %assign/vec4 v0000019042d11890_0, 0;
    %jmp T_24.3;
T_24.2 ;
    %load/vec4 v0000019042d11cf0_0;
    %assign/vec4 v0000019042d11890_0, 0;
T_24.3 ;
T_24.1 ;
    %jmp T_24;
    .thread T_24;
    .scope S_000001904294eb10;
T_25 ;
    %wait E_00000190429482b0;
    %load/vec4 v0000019042d116b0_0;
    %cmpi/e 1, 0, 1;
    %jmp/0xz  T_25.0, 4;
    %pushi/vec4 0, 0, 1;
    %store/vec4 v0000019042d10b70_0, 0, 1;
    %jmp T_25.1;
T_25.0 ;
    %load/vec4 v0000019042d11890_0;
    %cmpi/e 1, 0, 3;
    %jmp/0xz  T_25.2, 4;
    %pushi/vec4 1, 0, 1;
    %store/vec4 v0000019042d10b70_0, 0, 1;
    %jmp T_25.3;
T_25.2 ;
    %pushi/vec4 0, 0, 1;
    %store/vec4 v0000019042d10b70_0, 0, 1;
T_25.3 ;
T_25.1 ;
    %jmp T_25;
    .thread T_25, $push;
    .scope S_000001904294eb10;
T_26 ;
    %wait E_0000019042949170;
    %load/vec4 v0000019042d116b0_0;
    %dup/vec4;
    %pushi/vec4 0, 0, 1;
    %cmp/u;
    %jmp/1 T_26.0, 6;
    %dup/vec4;
    %pushi/vec4 1, 0, 1;
    %cmp/u;
    %jmp/1 T_26.1, 6;
    %jmp T_26.2;
T_26.0 ;
    %load/vec4 v0000019042d0f090_0;
    %load/vec4 v0000019042d0fa90_0;
    %and;
    %load/vec4 v0000019042d10b70_0;
    %and;
    %flag_set/vec4 8;
    %jmp/0xz  T_26.3, 8;
    %pushi/vec4 1, 0, 1;
    %store/vec4 v0000019042d11c50_0, 0, 1;
    %jmp T_26.4;
T_26.3 ;
    %pushi/vec4 0, 0, 1;
    %store/vec4 v0000019042d11c50_0, 0, 1;
T_26.4 ;
    %jmp T_26.2;
T_26.1 ;
    %load/vec4 v0000019042d0c8f0_0;
    %cmpi/e 5, 0, 3;
    %jmp/0xz  T_26.5, 4;
    %pushi/vec4 0, 0, 1;
    %store/vec4 v0000019042d11c50_0, 0, 1;
    %jmp T_26.6;
T_26.5 ;
    %pushi/vec4 1, 0, 1;
    %store/vec4 v0000019042d11c50_0, 0, 1;
T_26.6 ;
    %jmp T_26.2;
T_26.2 ;
    %pop/vec4 1;
    %jmp T_26;
    .thread T_26, $push;
    .scope S_000001904294eb10;
T_27 ;
    %wait E_0000019042945470;
    %load/vec4 v0000019042d0e010_0;
    %nor/r;
    %flag_set/vec4 8;
    %jmp/0xz  T_27.0, 8;
    %pushi/vec4 0, 0, 1;
    %assign/vec4 v0000019042d116b0_0, 0;
    %jmp T_27.1;
T_27.0 ;
    %load/vec4 v0000019042d11c50_0;
    %assign/vec4 v0000019042d116b0_0, 0;
T_27.1 ;
    %jmp T_27;
    .thread T_27;
    .scope S_000001904294eb10;
T_28 ;
    %wait E_0000019042945470;
    %load/vec4 v0000019042d0e010_0;
    %nor/r;
    %flag_set/vec4 8;
    %jmp/0xz  T_28.0, 8;
    %pushi/vec4 0, 0, 32;
    %assign/vec4 v0000019042d12510_0, 0;
    %jmp T_28.1;
T_28.0 ;
    %load/vec4 v0000019042d0d6b0_0;
    %cmpi/e 0, 0, 2;
    %jmp/0xz  T_28.2, 4;
    %pushi/vec4 0, 0, 32;
    %assign/vec4 v0000019042d12510_0, 0;
    %jmp T_28.3;
T_28.2 ;
    %load/vec4 v0000019042d11610_0;
    %load/vec4 v0000019042d11110_0;
    %and;
    %flag_set/vec4 8;
    %jmp/0xz  T_28.4, 8;
    %load/vec4 v0000019042d11bb0_0;
    %assign/vec4 v0000019042d12510_0, 0;
    %jmp T_28.5;
T_28.4 ;
    %load/vec4 v0000019042d12510_0;
    %assign/vec4 v0000019042d12510_0, 0;
T_28.5 ;
T_28.3 ;
T_28.1 ;
    %jmp T_28;
    .thread T_28;
    .scope S_000001904294eb10;
T_29 ;
    %wait E_0000019042949130;
    %load/vec4 v0000019042d11430_0;
    %dup/vec4;
    %pushi/vec4 0, 0, 3;
    %cmp/u;
    %jmp/1 T_29.0, 6;
    %dup/vec4;
    %pushi/vec4 1, 0, 3;
    %cmp/u;
    %jmp/1 T_29.1, 6;
    %dup/vec4;
    %pushi/vec4 2, 0, 3;
    %cmp/u;
    %jmp/1 T_29.2, 6;
    %dup/vec4;
    %pushi/vec4 3, 0, 3;
    %cmp/u;
    %jmp/1 T_29.3, 6;
    %dup/vec4;
    %pushi/vec4 4, 0, 3;
    %cmp/u;
    %jmp/1 T_29.4, 6;
    %pushi/vec4 0, 0, 3;
    %store/vec4 v0000019042d123d0_0, 0, 3;
    %jmp T_29.6;
T_29.0 ;
    %load/vec4 v0000019042d0fdb0_0;
    %load/vec4 v0000019042d10e90_0;
    %cmp/e;
    %flag_get/vec4 4;
    %load/vec4 v0000019042d0c8f0_0;
    %pushi/vec4 1, 0, 3;
    %cmp/e;
    %flag_get/vec4 4;
    %and;
    %flag_set/vec4 8;
    %jmp/0xz  T_29.7, 8;
    %pushi/vec4 1, 0, 3;
    %store/vec4 v0000019042d123d0_0, 0, 3;
    %jmp T_29.8;
T_29.7 ;
    %pushi/vec4 0, 0, 3;
    %store/vec4 v0000019042d123d0_0, 0, 3;
T_29.8 ;
    %jmp T_29.6;
T_29.1 ;
    %pushi/vec4 2, 0, 3;
    %store/vec4 v0000019042d123d0_0, 0, 3;
    %jmp T_29.6;
T_29.2 ;
    %pushi/vec4 3, 0, 3;
    %store/vec4 v0000019042d123d0_0, 0, 3;
    %jmp T_29.6;
T_29.3 ;
    %load/vec4 v0000019042d11610_0;
    %load/vec4 v0000019042d11110_0;
    %and;
    %flag_set/vec4 8;
    %jmp/0xz  T_29.9, 8;
    %pushi/vec4 0, 0, 3;
    %store/vec4 v0000019042d123d0_0, 0, 3;
    %jmp T_29.10;
T_29.9 ;
    %pushi/vec4 4, 0, 3;
    %store/vec4 v0000019042d123d0_0, 0, 3;
T_29.10 ;
    %jmp T_29.6;
T_29.4 ;
    %load/vec4 v0000019042d11610_0;
    %load/vec4 v0000019042d11110_0;
    %and;
    %flag_set/vec4 8;
    %jmp/0xz  T_29.11, 8;
    %pushi/vec4 0, 0, 3;
    %store/vec4 v0000019042d123d0_0, 0, 3;
    %jmp T_29.12;
T_29.11 ;
    %pushi/vec4 4, 0, 3;
    %store/vec4 v0000019042d123d0_0, 0, 3;
T_29.12 ;
    %jmp T_29.6;
T_29.6 ;
    %pop/vec4 1;
    %jmp T_29;
    .thread T_29, $push;
    .scope S_000001904294eb10;
T_30 ;
    %wait E_0000019042945470;
    %load/vec4 v0000019042d0e010_0;
    %nor/r;
    %flag_set/vec4 8;
    %jmp/0xz  T_30.0, 8;
    %pushi/vec4 0, 0, 3;
    %assign/vec4 v0000019042d11430_0, 0;
    %jmp T_30.1;
T_30.0 ;
    %load/vec4 v0000019042d123d0_0;
    %assign/vec4 v0000019042d11430_0, 0;
T_30.1 ;
    %jmp T_30;
    .thread T_30;
    .scope S_000001904294eb10;
T_31 ;
    %wait E_0000019042948470;
    %load/vec4 v0000019042d10710_0;
    %pad/u 32;
    %cmpi/e 1, 0, 32;
    %jmp/0xz  T_31.0, 4;
    %load/vec4 v0000019042d0fc70_0;
    %store/vec4 v0000019042d105d0_0, 0, 32;
    %jmp T_31.1;
T_31.0 ;
    %load/vec4 v0000019042d10490_0;
    %store/vec4 v0000019042d105d0_0, 0, 32;
T_31.1 ;
    %jmp T_31;
    .thread T_31, $push;
    .scope S_000001904294eb10;
T_32 ;
    %wait E_0000019042945470;
    %load/vec4 v0000019042d0e010_0;
    %nor/r;
    %flag_set/vec4 8;
    %jmp/0xz  T_32.0, 8;
    %pushi/vec4 0, 0, 32;
    %assign/vec4 v0000019042d10490_0, 0;
    %jmp T_32.1;
T_32.0 ;
    %load/vec4 v0000019042d105d0_0;
    %assign/vec4 v0000019042d10490_0, 0;
T_32.1 ;
    %jmp T_32;
    .thread T_32;
    .scope S_000001904294eb10;
T_33 ;
    %wait E_0000019042948230;
    %load/vec4 v0000019042d126f0_0;
    %dup/vec4;
    %pushi/vec4 0, 0, 1;
    %cmp/u;
    %jmp/1 T_33.0, 6;
    %dup/vec4;
    %pushi/vec4 1, 0, 1;
    %cmp/u;
    %jmp/1 T_33.1, 6;
    %jmp T_33.2;
T_33.0 ;
    %load/vec4 v0000019042d11430_0;
    %cmpi/e 4, 0, 3;
    %jmp/0xz  T_33.3, 4;
    %pushi/vec4 1, 0, 1;
    %store/vec4 v0000019042d117f0_0, 0, 1;
    %jmp T_33.4;
T_33.3 ;
    %pushi/vec4 0, 0, 1;
    %store/vec4 v0000019042d117f0_0, 0, 1;
T_33.4 ;
    %jmp T_33.2;
T_33.1 ;
    %load/vec4 v0000019042d0c8f0_0;
    %cmpi/e 4, 0, 3;
    %jmp/0xz  T_33.5, 4;
    %pushi/vec4 0, 0, 1;
    %store/vec4 v0000019042d117f0_0, 0, 1;
    %jmp T_33.6;
T_33.5 ;
    %pushi/vec4 1, 0, 1;
    %store/vec4 v0000019042d117f0_0, 0, 1;
T_33.6 ;
    %jmp T_33.2;
T_33.2 ;
    %pop/vec4 1;
    %jmp T_33;
    .thread T_33, $push;
    .scope S_000001904294eb10;
T_34 ;
    %wait E_0000019042945470;
    %load/vec4 v0000019042d0e010_0;
    %nor/r;
    %flag_set/vec4 8;
    %jmp/0xz  T_34.0, 8;
    %pushi/vec4 0, 0, 1;
    %assign/vec4 v0000019042d126f0_0, 0;
    %jmp T_34.1;
T_34.0 ;
    %load/vec4 v0000019042d117f0_0;
    %assign/vec4 v0000019042d126f0_0, 0;
T_34.1 ;
    %jmp T_34;
    .thread T_34;
# The file index is used to find the file name in the following table.
:file_names 3;
    "N/A";
    "<interactive>";
    "fir.v";
