#! /c/Source/iverilog-install/bin/vvp
:ivl_version "12.0 (devel)" "(s20150603-1110-g18392a46)";
:ivl_delay_selection "TYPICAL";
:vpi_time_precision + 0;
:vpi_module "C:\iverilog\lib\ivl\system.vpi";
:vpi_module "C:\iverilog\lib\ivl\vhdl_sys.vpi";
:vpi_module "C:\iverilog\lib\ivl\vhdl_textio.vpi";
:vpi_module "C:\iverilog\lib\ivl\v2005_math.vpi";
:vpi_module "C:\iverilog\lib\ivl\va_math.vpi";
S_0000021273d85a00 .scope module, "FLOAT_MUL" "FLOAT_MUL" 2 6;
 .timescale 0 0;
    .port_info 0 /INPUT 64 "num1";
    .port_info 1 /INPUT 64 "num2";
    .port_info 2 /INPUT 1 "clk";
    .port_info 3 /INPUT 1 "rstn";
    .port_info 4 /OUTPUT 64 "result";
P_0000021273cf2720 .param/l "BIAS" 1 2 14, +C4<00000000000000000000001111111111>;
P_0000021273cf2758 .param/l "BIT" 1 2 13, +C4<00000000000000000000000001000000>;
P_0000021273cf2790 .param/l "EXPONENT_LEN" 1 2 15, +C4<00000000000000000000000000001011>;
P_0000021273cf27c8 .param/l "MANTISSA_LEN" 1 2 16, +C4<00000000000000000000000000110100>;
L_0000021273d6a130 .functor OR 1, L_0000021273d6a1a0, L_0000021273d696b0, C4<0>, C4<0>;
L_0000021273d6a1a0 .functor NOT 1, L_0000021273dd95f0, C4<0>, C4<0>, C4<0>;
L_0000021273d696b0 .functor NOT 1, L_0000021273dd9a50, C4<0>, C4<0>, C4<0>;
L_0000021273d69800 .functor NOT 1, L_0000021273dd9d70, C4<0>, C4<0>, C4<0>;
L_0000021273d694f0 .functor NOT 1, L_0000021273dd9f50, C4<0>, C4<0>, C4<0>;
L_0000021273d69cd0 .functor OR 1, L_0000021273ddd0e0, L_0000021273ddcc80, C4<0>, C4<0>;
L_0000021273d699c0 .functor OR 1, L_0000021273d69cd0, L_0000021273ddbb00, C4<0>, C4<0>;
L_0000021273d69870 .functor AND 1, L_0000021273ddba60, L_0000021273d699c0, C4<1>, C4<1>;
v0000021273d71950_0 .net "Guard", 0 0, L_0000021273ddba60;  1 drivers
v0000021273d72990_0 .net "LSB", 0 0, L_0000021273ddbb00;  1 drivers
v0000021273d72530_0 .net "Round", 0 0, L_0000021273ddd0e0;  1 drivers
v0000021273d727b0_0 .net "Sticky", 0 0, L_0000021273ddcc80;  1 drivers
v0000021273d723f0_0 .net *"_ivl_11", 0 0, L_0000021273dd9a50;  1 drivers
v0000021273d72850_0 .net *"_ivl_15", 10 0, L_0000021273dd9af0;  1 drivers
v0000021273d71d10_0 .net *"_ivl_17", 0 0, L_0000021273dd9d70;  1 drivers
v0000021273d71f90_0 .net *"_ivl_21", 10 0, L_0000021273dd9e10;  1 drivers
v0000021273d719f0_0 .net *"_ivl_23", 0 0, L_0000021273dd9f50;  1 drivers
v0000021273d71a90_0 .net *"_ivl_27", 0 0, L_0000021273ddd040;  1 drivers
v0000021273d71310_0 .net *"_ivl_28", 53 0, L_0000021273ddbd80;  1 drivers
v0000021273d718b0_0 .net *"_ivl_3", 62 0, L_0000021273dd9550;  1 drivers
L_0000021274128cb8 .functor BUFT 1, C4<00000000000000000000000000000000000000000000000000000>, C4<0>, C4<0>, C4<0>;
v0000021273d71630_0 .net *"_ivl_31", 52 0, L_0000021274128cb8;  1 drivers
v0000021273d71090_0 .net *"_ivl_35", 0 0, L_0000021273ddc000;  1 drivers
v0000021273d71590_0 .net *"_ivl_36", 16 0, L_0000021273ddbf60;  1 drivers
L_0000021274128d00 .functor BUFT 1, C4<0000000000000000>, C4<0>, C4<0>, C4<0>;
v0000021273d71db0_0 .net *"_ivl_39", 15 0, L_0000021274128d00;  1 drivers
v0000021273d711d0_0 .net *"_ivl_43", 0 0, L_0000021273ddca00;  1 drivers
v0000021273d716d0_0 .net *"_ivl_44", 27 0, L_0000021273ddbe20;  1 drivers
L_0000021274128d48 .functor BUFT 1, C4<000000000000000000000000000>, C4<0>, C4<0>, C4<0>;
v0000021273d71b30_0 .net *"_ivl_47", 26 0, L_0000021274128d48;  1 drivers
v0000021273d71810_0 .net *"_ivl_48", 27 0, L_0000021273ddc500;  1 drivers
v0000021273d71770_0 .net *"_ivl_5", 0 0, L_0000021273dd95f0;  1 drivers
v0000021273d725d0_0 .net *"_ivl_59", 49 0, L_0000021273ddb920;  1 drivers
v0000021273d72a30_0 .net *"_ivl_62", 0 0, L_0000021273d69cd0;  1 drivers
v0000021273d72710_0 .net *"_ivl_64", 0 0, L_0000021273d699c0;  1 drivers
v0000021273d71bd0_0 .net *"_ivl_9", 62 0, L_0000021273dd9690;  1 drivers
v0000021273d71e50_0 .net "check_denor1", 0 0, L_0000021273d69800;  1 drivers
v0000021273d728f0_0 .net "check_denor2", 0 0, L_0000021273d694f0;  1 drivers
o0000021273d8a448 .functor BUFZ 1, C4<z>; HiZ drive
v0000021273d72df0_0 .net "clk", 0 0, o0000021273d8a448;  0 drivers
v0000021273d70ff0_0 .var/i "i", 31 0;
o0000021273d8a4a8 .functor BUFZ 64, C4<zzzzzzzzzzzzzzzzzzzzzzzzzzzzzzzzzzzzzzzzzzzzzzzzzzzzzzzzzzzzzzzz>; HiZ drive
v0000021273d71c70_0 .net "num1", 63 0, o0000021273d8a4a8;  0 drivers
v0000021273d71ef0_0 .net "num1_zero", 0 0, L_0000021273d6a1a0;  1 drivers
o0000021273d8a508 .functor BUFZ 64, C4<zzzzzzzzzzzzzzzzzzzzzzzzzzzzzzzzzzzzzzzzzzzzzzzzzzzzzzzzzzzzzzzz>; HiZ drive
v0000021273d72030_0 .net "num2", 63 0, o0000021273d8a508;  0 drivers
v0000021273d720d0_0 .net "num2_zero", 0 0, L_0000021273d696b0;  1 drivers
v0000021273d72170_0 .var "pip0_num1", 63 0;
v0000021273d72e90_0 .var "pip0_num2", 63 0;
v0000021273d72210_0 .var "pip10_AB_remain", 47 0;
v0000021273d72cb0_0 .var "pip10_exponent", 11 0;
v0000021273d71450_0 .var "pip10_m", 27 0;
v0000021273d722b0_0 .var "pip10_n", 31 0;
v0000021273d72350_0 .var "pip10_sign", 0 0;
v0000021273d72490_0 .var "pip11_exponent", 11 0;
v0000021273d72ad0_0 .var "pip11_mantissa", 105 0;
v0000021273d71130_0 .net "pip11_mn", 26 0, L_0000021273ddc3c0;  1 drivers
v0000021273d72b70_0 .var "pip11_sign", 0 0;
v0000021273d72c10_0 .var "pip12_exponent", 10 0;
v0000021273d72d50_0 .var "pip12_mantissa", 105 0;
v0000021273d71270_0 .var "pip12_sign", 0 0;
v0000021273d18290_0 .var "pip13_exponent", 10 0;
v0000021273d183d0_0 .var "pip13_mantissa", 51 0;
v0000021273d18470_0 .var "pip13_sign", 0 0;
v0000021273d18510_0 .var "pip1_exponent1", 10 0;
v0000021273d18830_0 .var "pip1_exponent2", 10 0;
v0000021273dda450 .array "pip1_mantissa1", 0 52, 52 0;
v0000021273dd9c30_0 .var "pip1_mantissa2", 52 0;
v0000021273ddae50_0 .var "pip1_sign1", 0 0;
v0000021273dd9ff0_0 .var "pip1_sign2", 0 0;
v0000021273dda090_0 .var "pip1_zero", 0 0;
v0000021273dd9870_0 .var "pip2_exponent", 11 0;
v0000021273dda3b0 .array "pip2_mantissa", 0 52, 52 0;
v0000021273dd9910_0 .var "pip2_sign", 0 0;
v0000021273dd9730_0 .var "pip2_zero", 0 0;
v0000021273dda270_0 .var "pip3_exponent", 11 0;
v0000021273dd9cd0 .array "pip3_mantissa", 0 26, 54 0;
v0000021273dda950_0 .var "pip3_sign", 0 0;
v0000021273dda4f0_0 .var "pip4_exponent", 11 0;
v0000021273ddb210 .array "pip4_mantissa", 0 13, 56 0;
v0000021273ddb0d0_0 .var "pip4_sign", 0 0;
v0000021273dda9f0_0 .var "pip5_exponent", 11 0;
v0000021273dda310 .array "pip5_mantissa", 0 7, 60 0;
v0000021273dda590_0 .var "pip5_sign", 0 0;
v0000021273ddb030_0 .var "pip6_exponent", 11 0;
v0000021273dda130 .array "pip6_mantissa", 0 4, 68 0;
v0000021273dd9370_0 .var "pip6_sign", 0 0;
v0000021273ddadb0_0 .var "pip7_exponent", 11 0;
v0000021273ddaa90 .array "pip7_mantissa", 0 3, 84 0;
v0000021273ddb170_0 .var "pip7_sign", 0 0;
v0000021273dd97d0_0 .var "pip8_A_remain", 31 0;
v0000021273dda1d0_0 .var "pip8_C_remain", 3 0;
v0000021273ddac70_0 .var "pip8_exponent", 11 0;
v0000021273dda630_0 .var "pip8_sign", 0 0;
v0000021273dda6d0_0 .var "pip8_w", 53 0;
v0000021273dda770_0 .var "pip8_x", 16 0;
v0000021273dd9410_0 .var "pip8_y", 16 0;
v0000021273dda810_0 .var "pip8_z", 37 0;
v0000021273ddab30_0 .var "pip9_AB", 101 0;
v0000021273ddaf90_0 .var "pip9_CD", 57 0;
v0000021273dd9eb0_0 .var "pip9_exponent", 11 0;
v0000021273dda8b0_0 .var "pip9_sign", 0 0;
v0000021273ddabd0_0 .net "pip9_w", 53 0, L_0000021273ddd220;  1 drivers
v0000021273ddad10_0 .net "pip9_y", 16 0, L_0000021273ddb7e0;  1 drivers
v0000021273dd99b0_0 .net "result", 63 0, L_0000021273ddc460;  1 drivers
v0000021273ddaef0_0 .net "round_up", 0 0, L_0000021273d69870;  1 drivers
o0000021273d8af28 .functor BUFZ 1, C4<z>; HiZ drive
v0000021273dd94b0_0 .net "rstn", 0 0, o0000021273d8af28;  0 drivers
v0000021273dd9b90_0 .net "zero", 0 0, L_0000021273d6a130;  1 drivers
E_0000021273d78700/0 .event negedge, v0000021273dd94b0_0;
E_0000021273d78700/1 .event posedge, v0000021273d72df0_0;
E_0000021273d78700 .event/or E_0000021273d78700/0, E_0000021273d78700/1;
L_0000021273dd9550 .part v0000021273d72170_0, 0, 63;
L_0000021273dd95f0 .reduce/or L_0000021273dd9550;
L_0000021273dd9690 .part v0000021273d72e90_0, 0, 63;
L_0000021273dd9a50 .reduce/or L_0000021273dd9690;
L_0000021273dd9af0 .part v0000021273d72170_0, 52, 11;
L_0000021273dd9d70 .reduce/or L_0000021273dd9af0;
L_0000021273dd9e10 .part v0000021273d72e90_0, 52, 11;
L_0000021273dd9f50 .reduce/or L_0000021273dd9e10;
L_0000021273ddd040 .part v0000021273dda770_0, 16, 1;
L_0000021273ddbd80 .concat [ 1 53 0 0], L_0000021273ddd040, L_0000021274128cb8;
L_0000021273ddd220 .arith/sum 54, v0000021273dda6d0_0, L_0000021273ddbd80;
L_0000021273ddc000 .part v0000021273dda810_0, 37, 1;
L_0000021273ddbf60 .concat [ 1 16 0 0], L_0000021273ddc000, L_0000021274128d00;
L_0000021273ddb7e0 .arith/sum 17, v0000021273dd9410_0, L_0000021273ddbf60;
L_0000021273ddca00 .part v0000021273d722b0_0, 31, 1;
L_0000021273ddbe20 .concat [ 1 27 0 0], L_0000021273ddca00, L_0000021274128d48;
L_0000021273ddc500 .arith/sum 28, v0000021273d71450_0, L_0000021273ddbe20;
L_0000021273ddc3c0 .part L_0000021273ddc500, 0, 27;
L_0000021273ddbb00 .part v0000021273d72d50_0, 52, 1;
L_0000021273ddba60 .part v0000021273d72d50_0, 51, 1;
L_0000021273ddd0e0 .part v0000021273d72d50_0, 50, 1;
L_0000021273ddb920 .part v0000021273d72d50_0, 0, 50;
L_0000021273ddcc80 .reduce/or L_0000021273ddb920;
L_0000021273ddc460 .concat [ 52 11 1 0], v0000021273d183d0_0, v0000021273d18290_0, v0000021273d18470_0;
    .scope S_0000021273d85a00;
T_0 ;
    %wait E_0000021273d78700;
    %load/vec4 v0000021273dd94b0_0;
    %nor/r;
    %flag_set/vec4 8;
    %jmp/0xz  T_0.0, 8;
    %pushi/vec4 0, 0, 64;
    %assign/vec4 v0000021273d72170_0, 0;
    %pushi/vec4 0, 0, 64;
    %assign/vec4 v0000021273d72e90_0, 0;
    %jmp T_0.1;
T_0.0 ;
    %load/vec4 v0000021273d71c70_0;
    %assign/vec4 v0000021273d72170_0, 0;
    %load/vec4 v0000021273d72030_0;
    %assign/vec4 v0000021273d72e90_0, 0;
T_0.1 ;
    %jmp T_0;
    .thread T_0;
    .scope S_0000021273d85a00;
T_1 ;
    %wait E_0000021273d78700;
    %load/vec4 v0000021273dd94b0_0;
    %nor/r;
    %flag_set/vec4 8;
    %jmp/0xz  T_1.0, 8;
    %pushi/vec4 0, 0, 1;
    %assign/vec4 v0000021273ddae50_0, 0;
    %pushi/vec4 0, 0, 1;
    %assign/vec4 v0000021273dd9ff0_0, 0;
    %pushi/vec4 0, 0, 11;
    %assign/vec4 v0000021273d18510_0, 0;
    %pushi/vec4 0, 0, 11;
    %assign/vec4 v0000021273d18830_0, 0;
    %pushi/vec4 0, 0, 1;
    %assign/vec4 v0000021273dda090_0, 0;
    %jmp T_1.1;
T_1.0 ;
    %load/vec4 v0000021273d72170_0;
    %parti/s 1, 63, 7;
    %assign/vec4 v0000021273ddae50_0, 0;
    %load/vec4 v0000021273d72e90_0;
    %parti/s 1, 63, 7;
    %assign/vec4 v0000021273dd9ff0_0, 0;
    %load/vec4 v0000021273d71e50_0;
    %flag_set/vec4 8;
    %jmp/0xz  T_1.2, 8;
    %pushi/vec4 1, 0, 11;
    %assign/vec4 v0000021273d18510_0, 0;
    %jmp T_1.3;
T_1.2 ;
    %load/vec4 v0000021273d72170_0;
    %parti/s 11, 52, 7;
    %assign/vec4 v0000021273d18510_0, 0;
T_1.3 ;
    %load/vec4 v0000021273d728f0_0;
    %flag_set/vec4 8;
    %jmp/0xz  T_1.4, 8;
    %pushi/vec4 1, 0, 11;
    %assign/vec4 v0000021273d18830_0, 0;
    %jmp T_1.5;
T_1.4 ;
    %load/vec4 v0000021273d72e90_0;
    %parti/s 11, 52, 7;
    %assign/vec4 v0000021273d18830_0, 0;
T_1.5 ;
    %load/vec4 v0000021273dd9b90_0;
    %assign/vec4 v0000021273dda090_0, 0;
T_1.1 ;
    %jmp T_1;
    .thread T_1;
    .scope S_0000021273d85a00;
T_2 ;
    %wait E_0000021273d78700;
    %load/vec4 v0000021273dd94b0_0;
    %nor/r;
    %flag_set/vec4 8;
    %jmp/0xz  T_2.0, 8;
    %pushi/vec4 0, 0, 32;
    %store/vec4 v0000021273d70ff0_0, 0, 32;
T_2.2 ;
    %load/vec4 v0000021273d70ff0_0;
    %cmpi/s 53, 0, 32;
    %jmp/0xz T_2.3, 5;
    %pushi/vec4 0, 0, 53;
    %ix/getv/s 3, v0000021273d70ff0_0;
    %ix/load 4, 0, 0; Constant delay
    %assign/vec4/a/d v0000021273dda450, 0, 4;
    %load/vec4 v0000021273d70ff0_0;
    %addi 1, 0, 32;
    %store/vec4 v0000021273d70ff0_0, 0, 32;
    %jmp T_2.2;
T_2.3 ;
    %pushi/vec4 0, 0, 53;
    %assign/vec4 v0000021273dd9c30_0, 0;
    %jmp T_2.1;
T_2.0 ;
    %pushi/vec4 0, 0, 32;
    %store/vec4 v0000021273d70ff0_0, 0, 32;
T_2.4 ;
    %load/vec4 v0000021273d70ff0_0;
    %cmpi/s 52, 0, 32;
    %flag_or 5, 4;
    %jmp/0xz T_2.5, 5;
    %load/vec4 v0000021273d71e50_0;
    %flag_set/vec4 8;
    %jmp/0xz  T_2.6, 8;
    %pushi/vec4 0, 0, 1;
    %load/vec4 v0000021273d72170_0;
    %parti/s 52, 0, 2;
    %concat/vec4; draw_concat_vec4
    %ix/getv/s 3, v0000021273d70ff0_0;
    %ix/load 4, 0, 0; Constant delay
    %assign/vec4/a/d v0000021273dda450, 0, 4;
    %jmp T_2.7;
T_2.6 ;
    %pushi/vec4 1, 0, 1;
    %load/vec4 v0000021273d72170_0;
    %parti/s 52, 0, 2;
    %concat/vec4; draw_concat_vec4
    %ix/getv/s 3, v0000021273d70ff0_0;
    %ix/load 4, 0, 0; Constant delay
    %assign/vec4/a/d v0000021273dda450, 0, 4;
T_2.7 ;
    %load/vec4 v0000021273d70ff0_0;
    %addi 1, 0, 32;
    %store/vec4 v0000021273d70ff0_0, 0, 32;
    %jmp T_2.4;
T_2.5 ;
    %load/vec4 v0000021273d728f0_0;
    %flag_set/vec4 8;
    %jmp/0xz  T_2.8, 8;
    %pushi/vec4 0, 0, 1;
    %load/vec4 v0000021273d72e90_0;
    %parti/s 52, 0, 2;
    %concat/vec4; draw_concat_vec4
    %assign/vec4 v0000021273dd9c30_0, 0;
    %jmp T_2.9;
T_2.8 ;
    %pushi/vec4 1, 0, 1;
    %load/vec4 v0000021273d72e90_0;
    %parti/s 52, 0, 2;
    %concat/vec4; draw_concat_vec4
    %assign/vec4 v0000021273dd9c30_0, 0;
T_2.9 ;
T_2.1 ;
    %jmp T_2;
    .thread T_2;
    .scope S_0000021273d85a00;
T_3 ;
    %wait E_0000021273d78700;
    %load/vec4 v0000021273dd94b0_0;
    %nor/r;
    %flag_set/vec4 8;
    %jmp/0xz  T_3.0, 8;
    %pushi/vec4 0, 0, 1;
    %assign/vec4 v0000021273dd9910_0, 0;
    %pushi/vec4 0, 0, 12;
    %assign/vec4 v0000021273dd9870_0, 0;
    %pushi/vec4 0, 0, 1;
    %assign/vec4 v0000021273dd9730_0, 0;
    %jmp T_3.1;
T_3.0 ;
    %load/vec4 v0000021273ddae50_0;
    %load/vec4 v0000021273dd9ff0_0;
    %xor;
    %assign/vec4 v0000021273dd9910_0, 0;
    %load/vec4 v0000021273d18510_0;
    %pad/u 12;
    %load/vec4 v0000021273d18830_0;
    %pad/u 12;
    %add;
    %assign/vec4 v0000021273dd9870_0, 0;
    %load/vec4 v0000021273dda090_0;
    %assign/vec4 v0000021273dd9730_0, 0;
T_3.1 ;
    %jmp T_3;
    .thread T_3;
    .scope S_0000021273d85a00;
T_4 ;
    %wait E_0000021273d78700;
    %load/vec4 v0000021273dd94b0_0;
    %nor/r;
    %flag_set/vec4 8;
    %jmp/0xz  T_4.0, 8;
    %pushi/vec4 0, 0, 32;
    %store/vec4 v0000021273d70ff0_0, 0, 32;
T_4.2 ;
    %load/vec4 v0000021273d70ff0_0;
    %cmpi/s 53, 0, 32;
    %jmp/0xz T_4.3, 5;
    %pushi/vec4 0, 0, 53;
    %ix/getv/s 3, v0000021273d70ff0_0;
    %ix/load 4, 0, 0; Constant delay
    %assign/vec4/a/d v0000021273dda3b0, 0, 4;
    ; show_stmt_assign_vector: Get l-value for compressed += operand
    %load/vec4 v0000021273d70ff0_0;
    %pushi/vec4 1, 0, 32;
    %add;
    %store/vec4 v0000021273d70ff0_0, 0, 32;
    %jmp T_4.2;
T_4.3 ;
    %jmp T_4.1;
T_4.0 ;
    %pushi/vec4 0, 0, 32;
    %store/vec4 v0000021273d70ff0_0, 0, 32;
T_4.4 ;
    %load/vec4 v0000021273d70ff0_0;
    %cmpi/s 53, 0, 32;
    %jmp/0xz T_4.5, 5;
    %ix/getv/s 4, v0000021273d70ff0_0;
    %load/vec4a v0000021273dda450, 4;
    %load/vec4 v0000021273dd9c30_0;
    %load/vec4 v0000021273d70ff0_0;
    %part/s 1;
    %replicate 53;
    %and;
    %ix/getv/s 3, v0000021273d70ff0_0;
    %ix/load 4, 0, 0; Constant delay
    %assign/vec4/a/d v0000021273dda3b0, 0, 4;
    ; show_stmt_assign_vector: Get l-value for compressed += operand
    %load/vec4 v0000021273d70ff0_0;
    %pushi/vec4 1, 0, 32;
    %add;
    %store/vec4 v0000021273d70ff0_0, 0, 32;
    %jmp T_4.4;
T_4.5 ;
T_4.1 ;
    %jmp T_4;
    .thread T_4;
    .scope S_0000021273d85a00;
T_5 ;
    %wait E_0000021273d78700;
    %load/vec4 v0000021273dd94b0_0;
    %nor/r;
    %flag_set/vec4 8;
    %jmp/0xz  T_5.0, 8;
    %pushi/vec4 0, 0, 1;
    %assign/vec4 v0000021273dda950_0, 0;
    %pushi/vec4 0, 0, 12;
    %assign/vec4 v0000021273dda270_0, 0;
    %jmp T_5.1;
T_5.0 ;
    %load/vec4 v0000021273dd9730_0;
    %flag_set/vec4 8;
    %jmp/0xz  T_5.2, 8;
    %pushi/vec4 0, 0, 12;
    %assign/vec4 v0000021273dda270_0, 0;
    %pushi/vec4 0, 0, 1;
    %assign/vec4 v0000021273dda950_0, 0;
    %jmp T_5.3;
T_5.2 ;
    %load/vec4 v0000021273dd9870_0;
    %pad/u 32;
    %subi 1023, 0, 32;
    %pad/u 12;
    %assign/vec4 v0000021273dda270_0, 0;
    %load/vec4 v0000021273dd9910_0;
    %assign/vec4 v0000021273dda950_0, 0;
T_5.3 ;
T_5.1 ;
    %jmp T_5;
    .thread T_5;
    .scope S_0000021273d85a00;
T_6 ;
    %wait E_0000021273d78700;
    %load/vec4 v0000021273dd94b0_0;
    %nor/r;
    %flag_set/vec4 8;
    %jmp/0xz  T_6.0, 8;
    %pushi/vec4 0, 0, 32;
    %store/vec4 v0000021273d70ff0_0, 0, 32;
T_6.2 ;
    %load/vec4 v0000021273d70ff0_0;
    %cmpi/s 26, 0, 32;
    %flag_or 5, 4;
    %jmp/0xz T_6.3, 5;
    %pushi/vec4 0, 0, 55;
    %ix/getv/s 3, v0000021273d70ff0_0;
    %ix/load 4, 0, 0; Constant delay
    %assign/vec4/a/d v0000021273dd9cd0, 0, 4;
    ; show_stmt_assign_vector: Get l-value for compressed += operand
    %load/vec4 v0000021273d70ff0_0;
    %pushi/vec4 1, 0, 32;
    %add;
    %store/vec4 v0000021273d70ff0_0, 0, 32;
    %jmp T_6.2;
T_6.3 ;
    %jmp T_6.1;
T_6.0 ;
    %pushi/vec4 0, 0, 32;
    %store/vec4 v0000021273d70ff0_0, 0, 32;
T_6.4 ;
    %load/vec4 v0000021273d70ff0_0;
    %cmpi/s 26, 0, 32;
    %jmp/0xz T_6.5, 5;
    %load/vec4 v0000021273d70ff0_0;
    %pad/s 64;
    %muli 2, 0, 64;
    %ix/vec4/s 4;
    %load/vec4a v0000021273dda3b0, 4;
    %pad/u 55;
    %load/vec4 v0000021273d70ff0_0;
    %pad/s 65;
    %muli 2, 0, 65;
    %addi 1, 0, 65;
    %ix/vec4/s 4;
    %load/vec4a v0000021273dda3b0, 4;
    %concati/vec4 0, 0, 1;
    %pad/u 55;
    %add;
    %ix/getv/s 3, v0000021273d70ff0_0;
    %ix/load 4, 0, 0; Constant delay
    %assign/vec4/a/d v0000021273dd9cd0, 0, 4;
    ; show_stmt_assign_vector: Get l-value for compressed += operand
    %load/vec4 v0000021273d70ff0_0;
    %pushi/vec4 1, 0, 32;
    %add;
    %store/vec4 v0000021273d70ff0_0, 0, 32;
    %jmp T_6.4;
T_6.5 ;
    %ix/load 4, 52, 0;
    %flag_set/imm 4, 0;
    %load/vec4a v0000021273dda3b0, 4;
    %pad/u 55;
    %ix/load 3, 26, 0;
    %flag_set/imm 4, 0;
    %ix/load 4, 0, 0; Constant delay
    %assign/vec4/a/d v0000021273dd9cd0, 0, 4;
T_6.1 ;
    %jmp T_6;
    .thread T_6;
    .scope S_0000021273d85a00;
T_7 ;
    %wait E_0000021273d78700;
    %load/vec4 v0000021273dd94b0_0;
    %nor/r;
    %flag_set/vec4 8;
    %jmp/0xz  T_7.0, 8;
    %pushi/vec4 0, 0, 1;
    %assign/vec4 v0000021273ddb0d0_0, 0;
    %pushi/vec4 0, 0, 12;
    %assign/vec4 v0000021273dda4f0_0, 0;
    %pushi/vec4 0, 0, 32;
    %store/vec4 v0000021273d70ff0_0, 0, 32;
T_7.2 ;
    %load/vec4 v0000021273d70ff0_0;
    %cmpi/s 13, 0, 32;
    %flag_or 5, 4;
    %jmp/0xz T_7.3, 5;
    %pushi/vec4 0, 0, 57;
    %ix/getv/s 3, v0000021273d70ff0_0;
    %ix/load 4, 0, 0; Constant delay
    %assign/vec4/a/d v0000021273ddb210, 0, 4;
    ; show_stmt_assign_vector: Get l-value for compressed += operand
    %load/vec4 v0000021273d70ff0_0;
    %pushi/vec4 1, 0, 32;
    %add;
    %store/vec4 v0000021273d70ff0_0, 0, 32;
    %jmp T_7.2;
T_7.3 ;
    %jmp T_7.1;
T_7.0 ;
    %load/vec4 v0000021273dda950_0;
    %assign/vec4 v0000021273ddb0d0_0, 0;
    %load/vec4 v0000021273dda270_0;
    %assign/vec4 v0000021273dda4f0_0, 0;
    %pushi/vec4 0, 0, 32;
    %store/vec4 v0000021273d70ff0_0, 0, 32;
T_7.4 ;
    %load/vec4 v0000021273d70ff0_0;
    %cmpi/s 13, 0, 32;
    %jmp/0xz T_7.5, 5;
    %load/vec4 v0000021273d70ff0_0;
    %pad/s 64;
    %muli 2, 0, 64;
    %ix/vec4/s 4;
    %load/vec4a v0000021273dd9cd0, 4;
    %pad/u 57;
    %load/vec4 v0000021273d70ff0_0;
    %pad/s 65;
    %muli 2, 0, 65;
    %addi 1, 0, 65;
    %ix/vec4/s 4;
    %load/vec4a v0000021273dd9cd0, 4;
    %concati/vec4 0, 0, 2;
    %add;
    %ix/getv/s 3, v0000021273d70ff0_0;
    %ix/load 4, 0, 0; Constant delay
    %assign/vec4/a/d v0000021273ddb210, 0, 4;
    ; show_stmt_assign_vector: Get l-value for compressed += operand
    %load/vec4 v0000021273d70ff0_0;
    %pushi/vec4 1, 0, 32;
    %add;
    %store/vec4 v0000021273d70ff0_0, 0, 32;
    %jmp T_7.4;
T_7.5 ;
    %ix/load 4, 26, 0;
    %flag_set/imm 4, 0;
    %load/vec4a v0000021273dd9cd0, 4;
    %pad/u 57;
    %ix/load 3, 13, 0;
    %flag_set/imm 4, 0;
    %ix/load 4, 0, 0; Constant delay
    %assign/vec4/a/d v0000021273ddb210, 0, 4;
T_7.1 ;
    %jmp T_7;
    .thread T_7;
    .scope S_0000021273d85a00;
T_8 ;
    %wait E_0000021273d78700;
    %load/vec4 v0000021273dd94b0_0;
    %nor/r;
    %flag_set/vec4 8;
    %jmp/0xz  T_8.0, 8;
    %pushi/vec4 0, 0, 1;
    %assign/vec4 v0000021273dda590_0, 0;
    %pushi/vec4 0, 0, 12;
    %assign/vec4 v0000021273dda9f0_0, 0;
    %pushi/vec4 0, 0, 32;
    %store/vec4 v0000021273d70ff0_0, 0, 32;
T_8.2 ;
    %load/vec4 v0000021273d70ff0_0;
    %cmpi/s 7, 0, 32;
    %flag_or 5, 4;
    %jmp/0xz T_8.3, 5;
    %pushi/vec4 0, 0, 61;
    %ix/getv/s 3, v0000021273d70ff0_0;
    %ix/load 4, 0, 0; Constant delay
    %assign/vec4/a/d v0000021273dda310, 0, 4;
    ; show_stmt_assign_vector: Get l-value for compressed += operand
    %load/vec4 v0000021273d70ff0_0;
    %pushi/vec4 1, 0, 32;
    %add;
    %store/vec4 v0000021273d70ff0_0, 0, 32;
    %jmp T_8.2;
T_8.3 ;
    %jmp T_8.1;
T_8.0 ;
    %load/vec4 v0000021273ddb0d0_0;
    %assign/vec4 v0000021273dda590_0, 0;
    %load/vec4 v0000021273dda4f0_0;
    %assign/vec4 v0000021273dda9f0_0, 0;
    %pushi/vec4 0, 0, 32;
    %store/vec4 v0000021273d70ff0_0, 0, 32;
T_8.4 ;
    %load/vec4 v0000021273d70ff0_0;
    %cmpi/s 5, 0, 32;
    %flag_or 5, 4;
    %jmp/0xz T_8.5, 5;
    %load/vec4 v0000021273d70ff0_0;
    %pad/s 64;
    %muli 2, 0, 64;
    %ix/vec4/s 4;
    %load/vec4a v0000021273ddb210, 4;
    %pad/u 61;
    %load/vec4 v0000021273d70ff0_0;
    %pad/s 65;
    %muli 2, 0, 65;
    %addi 1, 0, 65;
    %ix/vec4/s 4;
    %load/vec4a v0000021273ddb210, 4;
    %concati/vec4 0, 0, 4;
    %add;
    %ix/getv/s 3, v0000021273d70ff0_0;
    %ix/load 4, 0, 0; Constant delay
    %assign/vec4/a/d v0000021273dda310, 0, 4;
    ; show_stmt_assign_vector: Get l-value for compressed += operand
    %load/vec4 v0000021273d70ff0_0;
    %pushi/vec4 1, 0, 32;
    %add;
    %store/vec4 v0000021273d70ff0_0, 0, 32;
    %jmp T_8.4;
T_8.5 ;
    %ix/load 4, 12, 0;
    %flag_set/imm 4, 0;
    %load/vec4a v0000021273ddb210, 4;
    %pad/u 61;
    %ix/load 3, 6, 0;
    %flag_set/imm 4, 0;
    %ix/load 4, 0, 0; Constant delay
    %assign/vec4/a/d v0000021273dda310, 0, 4;
    %ix/load 4, 13, 0;
    %flag_set/imm 4, 0;
    %load/vec4a v0000021273ddb210, 4;
    %pad/u 61;
    %ix/load 3, 7, 0;
    %flag_set/imm 4, 0;
    %ix/load 4, 0, 0; Constant delay
    %assign/vec4/a/d v0000021273dda310, 0, 4;
T_8.1 ;
    %jmp T_8;
    .thread T_8;
    .scope S_0000021273d85a00;
T_9 ;
    %wait E_0000021273d78700;
    %load/vec4 v0000021273dd94b0_0;
    %nor/r;
    %flag_set/vec4 8;
    %jmp/0xz  T_9.0, 8;
    %pushi/vec4 0, 0, 1;
    %assign/vec4 v0000021273dd9370_0, 0;
    %pushi/vec4 0, 0, 12;
    %assign/vec4 v0000021273ddb030_0, 0;
    %pushi/vec4 0, 0, 32;
    %store/vec4 v0000021273d70ff0_0, 0, 32;
T_9.2 ;
    %load/vec4 v0000021273d70ff0_0;
    %cmpi/s 4, 0, 32;
    %flag_or 5, 4;
    %jmp/0xz T_9.3, 5;
    %pushi/vec4 0, 0, 69;
    %ix/getv/s 3, v0000021273d70ff0_0;
    %ix/load 4, 0, 0; Constant delay
    %assign/vec4/a/d v0000021273dda130, 0, 4;
    ; show_stmt_assign_vector: Get l-value for compressed += operand
    %load/vec4 v0000021273d70ff0_0;
    %pushi/vec4 1, 0, 32;
    %add;
    %store/vec4 v0000021273d70ff0_0, 0, 32;
    %jmp T_9.2;
T_9.3 ;
    %jmp T_9.1;
T_9.0 ;
    %load/vec4 v0000021273dda590_0;
    %assign/vec4 v0000021273dd9370_0, 0;
    %load/vec4 v0000021273dda9f0_0;
    %assign/vec4 v0000021273ddb030_0, 0;
    %pushi/vec4 0, 0, 32;
    %store/vec4 v0000021273d70ff0_0, 0, 32;
T_9.4 ;
    %load/vec4 v0000021273d70ff0_0;
    %cmpi/s 2, 0, 32;
    %flag_or 5, 4;
    %jmp/0xz T_9.5, 5;
    %load/vec4 v0000021273d70ff0_0;
    %pad/s 64;
    %muli 2, 0, 64;
    %ix/vec4/s 4;
    %load/vec4a v0000021273dda310, 4;
    %pad/u 69;
    %load/vec4 v0000021273d70ff0_0;
    %pad/s 65;
    %muli 2, 0, 65;
    %addi 1, 0, 65;
    %ix/vec4/s 4;
    %load/vec4a v0000021273dda310, 4;
    %concati/vec4 0, 0, 8;
    %add;
    %ix/getv/s 3, v0000021273d70ff0_0;
    %ix/load 4, 0, 0; Constant delay
    %assign/vec4/a/d v0000021273dda130, 0, 4;
    ; show_stmt_assign_vector: Get l-value for compressed += operand
    %load/vec4 v0000021273d70ff0_0;
    %pushi/vec4 1, 0, 32;
    %add;
    %store/vec4 v0000021273d70ff0_0, 0, 32;
    %jmp T_9.4;
T_9.5 ;
    %ix/load 4, 6, 0;
    %flag_set/imm 4, 0;
    %load/vec4a v0000021273dda310, 4;
    %pad/u 69;
    %ix/load 3, 3, 0;
    %flag_set/imm 4, 0;
    %ix/load 4, 0, 0; Constant delay
    %assign/vec4/a/d v0000021273dda130, 0, 4;
    %ix/load 4, 7, 0;
    %flag_set/imm 4, 0;
    %load/vec4a v0000021273dda310, 4;
    %pad/u 69;
    %ix/load 3, 4, 0;
    %flag_set/imm 4, 0;
    %ix/load 4, 0, 0; Constant delay
    %assign/vec4/a/d v0000021273dda130, 0, 4;
T_9.1 ;
    %jmp T_9;
    .thread T_9;
    .scope S_0000021273d85a00;
T_10 ;
    %wait E_0000021273d78700;
    %load/vec4 v0000021273dd94b0_0;
    %nor/r;
    %flag_set/vec4 8;
    %jmp/0xz  T_10.0, 8;
    %pushi/vec4 0, 0, 1;
    %assign/vec4 v0000021273ddb170_0, 0;
    %pushi/vec4 0, 0, 12;
    %assign/vec4 v0000021273ddadb0_0, 0;
    %pushi/vec4 0, 0, 32;
    %store/vec4 v0000021273d70ff0_0, 0, 32;
T_10.2 ;
    %load/vec4 v0000021273d70ff0_0;
    %cmpi/s 3, 0, 32;
    %flag_or 5, 4;
    %jmp/0xz T_10.3, 5;
    %pushi/vec4 0, 0, 85;
    %ix/getv/s 3, v0000021273d70ff0_0;
    %ix/load 4, 0, 0; Constant delay
    %assign/vec4/a/d v0000021273ddaa90, 0, 4;
    ; show_stmt_assign_vector: Get l-value for compressed += operand
    %load/vec4 v0000021273d70ff0_0;
    %pushi/vec4 1, 0, 32;
    %add;
    %store/vec4 v0000021273d70ff0_0, 0, 32;
    %jmp T_10.2;
T_10.3 ;
    %jmp T_10.1;
T_10.0 ;
    %load/vec4 v0000021273dd9370_0;
    %assign/vec4 v0000021273ddb170_0, 0;
    %load/vec4 v0000021273ddb030_0;
    %assign/vec4 v0000021273ddadb0_0, 0;
    %ix/load 4, 0, 0;
    %flag_set/imm 4, 0;
    %load/vec4a v0000021273dda130, 4;
    %pad/u 85;
    %ix/load 4, 1, 0;
    %flag_set/imm 4, 0;
    %load/vec4a v0000021273dda130, 4;
    %concati/vec4 0, 0, 16;
    %add;
    %ix/load 3, 0, 0;
    %flag_set/imm 4, 0;
    %ix/load 4, 0, 0; Constant delay
    %assign/vec4/a/d v0000021273ddaa90, 0, 4;
    %ix/load 4, 2, 0;
    %flag_set/imm 4, 0;
    %load/vec4a v0000021273dda130, 4;
    %pad/u 85;
    %ix/load 3, 1, 0;
    %flag_set/imm 4, 0;
    %ix/load 4, 0, 0; Constant delay
    %assign/vec4/a/d v0000021273ddaa90, 0, 4;
    %ix/load 4, 3, 0;
    %flag_set/imm 4, 0;
    %load/vec4a v0000021273dda130, 4;
    %pad/u 85;
    %ix/load 3, 2, 0;
    %flag_set/imm 4, 0;
    %ix/load 4, 0, 0; Constant delay
    %assign/vec4/a/d v0000021273ddaa90, 0, 4;
    %ix/load 4, 4, 0;
    %flag_set/imm 4, 0;
    %load/vec4a v0000021273dda130, 4;
    %pad/u 85;
    %ix/load 3, 3, 0;
    %flag_set/imm 4, 0;
    %ix/load 4, 0, 0; Constant delay
    %assign/vec4/a/d v0000021273ddaa90, 0, 4;
T_10.1 ;
    %jmp T_10;
    .thread T_10;
    .scope S_0000021273d85a00;
T_11 ;
    %wait E_0000021273d78700;
    %load/vec4 v0000021273dd94b0_0;
    %nor/r;
    %flag_set/vec4 8;
    %jmp/0xz  T_11.0, 8;
    %pushi/vec4 0, 0, 1;
    %assign/vec4 v0000021273dda630_0, 0;
    %pushi/vec4 0, 0, 12;
    %assign/vec4 v0000021273ddac70_0, 0;
    %pushi/vec4 0, 0, 32;
    %assign/vec4 v0000021273dd97d0_0, 0;
    %pushi/vec4 0, 0, 4;
    %assign/vec4 v0000021273dda1d0_0, 0;
    %pushi/vec4 0, 0, 54;
    %assign/vec4 v0000021273dda6d0_0, 0;
    %pushi/vec4 0, 0, 17;
    %assign/vec4 v0000021273dda770_0, 0;
    %pushi/vec4 0, 0, 17;
    %assign/vec4 v0000021273dd9410_0, 0;
    %pushi/vec4 0, 0, 38;
    %assign/vec4 v0000021273dda810_0, 0;
    %jmp T_11.1;
T_11.0 ;
    %load/vec4 v0000021273ddb170_0;
    %assign/vec4 v0000021273dda630_0, 0;
    %load/vec4 v0000021273ddadb0_0;
    %assign/vec4 v0000021273ddac70_0, 0;
    %ix/load 4, 0, 0;
    %flag_set/imm 4, 0;
    %load/vec4a v0000021273ddaa90, 4;
    %parti/s 32, 0, 2;
    %assign/vec4 v0000021273dd97d0_0, 0;
    %ix/load 4, 2, 0;
    %flag_set/imm 4, 0;
    %load/vec4a v0000021273ddaa90, 4;
    %parti/s 4, 0, 2;
    %assign/vec4 v0000021273dda1d0_0, 0;
    %ix/load 4, 0, 0;
    %flag_set/imm 4, 0;
    %load/vec4a v0000021273ddaa90, 4;
    %parti/s 37, 48, 7;
    %pad/u 54;
    %ix/load 4, 1, 0;
    %flag_set/imm 4, 0;
    %load/vec4a v0000021273ddaa90, 4;
    %parti/s 53, 16, 6;
    %pad/u 54;
    %add;
    %assign/vec4 v0000021273dda6d0_0, 0;
    %ix/load 4, 0, 0;
    %flag_set/imm 4, 0;
    %load/vec4a v0000021273ddaa90, 4;
    %parti/s 16, 32, 7;
    %pad/u 17;
    %ix/load 4, 1, 0;
    %flag_set/imm 4, 0;
    %load/vec4a v0000021273ddaa90, 4;
    %parti/s 16, 0, 2;
    %pad/u 17;
    %add;
    %assign/vec4 v0000021273dda770_0, 0;
    %ix/load 4, 2, 0;
    %flag_set/imm 4, 0;
    %load/vec4a v0000021273ddaa90, 4;
    %parti/s 16, 41, 7;
    %pad/u 17;
    %ix/load 4, 3, 0;
    %flag_set/imm 4, 0;
    %load/vec4a v0000021273ddaa90, 4;
    %parti/s 16, 37, 7;
    %pad/u 17;
    %add;
    %assign/vec4 v0000021273dd9410_0, 0;
    %ix/load 4, 2, 0;
    %flag_set/imm 4, 0;
    %load/vec4a v0000021273ddaa90, 4;
    %parti/s 37, 4, 4;
    %pad/u 38;
    %ix/load 4, 3, 0;
    %flag_set/imm 4, 0;
    %load/vec4a v0000021273ddaa90, 4;
    %parti/s 37, 0, 2;
    %pad/u 38;
    %add;
    %assign/vec4 v0000021273dda810_0, 0;
T_11.1 ;
    %jmp T_11;
    .thread T_11;
    .scope S_0000021273d85a00;
T_12 ;
    %wait E_0000021273d78700;
    %load/vec4 v0000021273dd94b0_0;
    %nor/r;
    %flag_set/vec4 8;
    %jmp/0xz  T_12.0, 8;
    %pushi/vec4 0, 0, 1;
    %assign/vec4 v0000021273dda8b0_0, 0;
    %pushi/vec4 0, 0, 12;
    %assign/vec4 v0000021273dd9eb0_0, 0;
    %pushi/vec4 0, 0, 102;
    %assign/vec4 v0000021273ddab30_0, 0;
    %pushi/vec4 0, 0, 58;
    %assign/vec4 v0000021273ddaf90_0, 0;
    %jmp T_12.1;
T_12.0 ;
    %load/vec4 v0000021273dda630_0;
    %assign/vec4 v0000021273dda8b0_0, 0;
    %load/vec4 v0000021273ddac70_0;
    %assign/vec4 v0000021273dd9eb0_0, 0;
    %load/vec4 v0000021273ddabd0_0;
    %load/vec4 v0000021273dda770_0;
    %parti/s 16, 0, 2;
    %concat/vec4; draw_concat_vec4
    %load/vec4 v0000021273dd97d0_0;
    %concat/vec4; draw_concat_vec4
    %assign/vec4 v0000021273ddab30_0, 0;
    %load/vec4 v0000021273ddad10_0;
    %load/vec4 v0000021273dda810_0;
    %parti/s 37, 0, 2;
    %concat/vec4; draw_concat_vec4
    %load/vec4 v0000021273dda1d0_0;
    %concat/vec4; draw_concat_vec4
    %assign/vec4 v0000021273ddaf90_0, 0;
T_12.1 ;
    %jmp T_12;
    .thread T_12;
    .scope S_0000021273d85a00;
T_13 ;
    %wait E_0000021273d78700;
    %load/vec4 v0000021273dd94b0_0;
    %nor/r;
    %flag_set/vec4 8;
    %jmp/0xz  T_13.0, 8;
    %pushi/vec4 0, 0, 1;
    %assign/vec4 v0000021273d72350_0, 0;
    %pushi/vec4 0, 0, 12;
    %assign/vec4 v0000021273d72cb0_0, 0;
    %pushi/vec4 0, 0, 48;
    %assign/vec4 v0000021273d72210_0, 0;
    %pushi/vec4 0, 0, 32;
    %assign/vec4 v0000021273d722b0_0, 0;
    %pushi/vec4 0, 0, 28;
    %assign/vec4 v0000021273d71450_0, 0;
    %jmp T_13.1;
T_13.0 ;
    %load/vec4 v0000021273dda8b0_0;
    %assign/vec4 v0000021273d72350_0, 0;
    %load/vec4 v0000021273dd9eb0_0;
    %assign/vec4 v0000021273d72cb0_0, 0;
    %load/vec4 v0000021273ddab30_0;
    %parti/s 48, 0, 2;
    %assign/vec4 v0000021273d72210_0, 0;
    %load/vec4 v0000021273ddab30_0;
    %parti/s 31, 48, 7;
    %pad/u 32;
    %load/vec4 v0000021273ddaf90_0;
    %parti/s 31, 0, 2;
    %pad/u 32;
    %add;
    %assign/vec4 v0000021273d722b0_0, 0;
    %load/vec4 v0000021273ddab30_0;
    %parti/s 23, 79, 8;
    %pad/u 28;
    %load/vec4 v0000021273ddaf90_0;
    %parti/s 27, 31, 6;
    %pad/u 28;
    %add;
    %assign/vec4 v0000021273d71450_0, 0;
T_13.1 ;
    %jmp T_13;
    .thread T_13;
    .scope S_0000021273d85a00;
T_14 ;
    %wait E_0000021273d78700;
    %load/vec4 v0000021273dd94b0_0;
    %nor/r;
    %flag_set/vec4 8;
    %jmp/0xz  T_14.0, 8;
    %pushi/vec4 0, 0, 1;
    %assign/vec4 v0000021273d72b70_0, 0;
    %pushi/vec4 0, 0, 12;
    %assign/vec4 v0000021273d72490_0, 0;
    %pushi/vec4 0, 0, 106;
    %assign/vec4 v0000021273d72ad0_0, 0;
    %jmp T_14.1;
T_14.0 ;
    %load/vec4 v0000021273d72350_0;
    %assign/vec4 v0000021273d72b70_0, 0;
    %load/vec4 v0000021273d72cb0_0;
    %assign/vec4 v0000021273d72490_0, 0;
    %load/vec4 v0000021273d71130_0;
    %load/vec4 v0000021273d722b0_0;
    %parti/s 31, 0, 2;
    %concat/vec4; draw_concat_vec4
    %load/vec4 v0000021273d72210_0;
    %concat/vec4; draw_concat_vec4
    %assign/vec4 v0000021273d72ad0_0, 0;
T_14.1 ;
    %jmp T_14;
    .thread T_14;
    .scope S_0000021273d85a00;
T_15 ;
    %wait E_0000021273d78700;
    %load/vec4 v0000021273dd94b0_0;
    %nor/r;
    %flag_set/vec4 8;
    %jmp/0xz  T_15.0, 8;
    %pushi/vec4 0, 0, 1;
    %assign/vec4 v0000021273d71270_0, 0;
    %pushi/vec4 0, 0, 11;
    %assign/vec4 v0000021273d72c10_0, 0;
    %pushi/vec4 0, 0, 106;
    %assign/vec4 v0000021273d72d50_0, 0;
    %jmp T_15.1;
T_15.0 ;
    %load/vec4 v0000021273d72b70_0;
    %assign/vec4 v0000021273d71270_0, 0;
    %load/vec4 v0000021273d72ad0_0;
    %parti/s 1, 105, 8;
    %cmpi/e 1, 0, 1;
    %jmp/0xz  T_15.2, 4;
    %load/vec4 v0000021273d72490_0;
    %addi 1, 0, 12;
    %pad/u 11;
    %assign/vec4 v0000021273d72c10_0, 0;
    %load/vec4 v0000021273d72ad0_0;
    %ix/load 4, 1, 0;
    %flag_set/imm 4, 0;
    %shiftr 4;
    %assign/vec4 v0000021273d72d50_0, 0;
    %jmp T_15.3;
T_15.2 ;
    %load/vec4 v0000021273d72490_0;
    %pad/u 11;
    %assign/vec4 v0000021273d72c10_0, 0;
    %load/vec4 v0000021273d72ad0_0;
    %assign/vec4 v0000021273d72d50_0, 0;
T_15.3 ;
T_15.1 ;
    %jmp T_15;
    .thread T_15;
    .scope S_0000021273d85a00;
T_16 ;
    %wait E_0000021273d78700;
    %load/vec4 v0000021273dd94b0_0;
    %nor/r;
    %flag_set/vec4 8;
    %jmp/0xz  T_16.0, 8;
    %pushi/vec4 0, 0, 1;
    %assign/vec4 v0000021273d18470_0, 0;
    %pushi/vec4 0, 0, 11;
    %assign/vec4 v0000021273d18290_0, 0;
    %pushi/vec4 0, 0, 52;
    %assign/vec4 v0000021273d183d0_0, 0;
    %jmp T_16.1;
T_16.0 ;
    %load/vec4 v0000021273d71270_0;
    %assign/vec4 v0000021273d18470_0, 0;
    %load/vec4 v0000021273d72c10_0;
    %assign/vec4 v0000021273d18290_0, 0;
    %load/vec4 v0000021273ddaef0_0;
    %flag_set/vec4 8;
    %jmp/0xz  T_16.2, 8;
    %load/vec4 v0000021273d72d50_0;
    %parti/s 52, 52, 7;
    %addi 1, 0, 52;
    %assign/vec4 v0000021273d183d0_0, 0;
    %jmp T_16.3;
T_16.2 ;
    %load/vec4 v0000021273d72d50_0;
    %parti/s 52, 52, 7;
    %assign/vec4 v0000021273d183d0_0, 0;
T_16.3 ;
T_16.1 ;
    %jmp T_16;
    .thread T_16;
# The file index is used to find the file name in the following table.
:file_names 3;
    "N/A";
    "<interactive>";
    "FLOAT_MUL.v";
