#! /c/Source/iverilog-install/bin/vvp
:ivl_version "12.0 (devel)" "(s20150603-1110-g18392a46)";
:ivl_delay_selection "TYPICAL";
:vpi_time_precision - 12;
:vpi_module "C:\iverilog\lib\ivl\system.vpi";
:vpi_module "C:\iverilog\lib\ivl\vhdl_sys.vpi";
:vpi_module "C:\iverilog\lib\ivl\vhdl_textio.vpi";
:vpi_module "C:\iverilog\lib\ivl\v2005_math.vpi";
:vpi_module "C:\iverilog\lib\ivl\va_math.vpi";
S_000001e0b3780ef0 .scope module, "CLA17_tb" "CLA17_tb" 2 5;
 .timescale -9 -12;
P_000001e0b37ebd00 .param/l "BIT" 1 2 7, +C4<00000000000000000000000000010001>;
P_000001e0b37ebd38 .param/l "LATENCY_CYC" 1 2 10, +C4<00000000000000000000000000000001>;
P_000001e0b37ebd70 .param/l "MASK_CARRY" 1 2 116, C4<011111111111111111>;
P_000001e0b37ebda8 .param/l "N_PAT_MAX" 1 2 9, +C4<00000000000000000000001111101000>;
P_000001e0b37ebde0 .param/l "SUM_BIT" 1 2 8, +C4<000000000000000000000000000010010>;
v000001e0b3bbfcd0_0 .var "A", 16 0;
v000001e0b3bbfeb0 .array "A_mem", 999 0, 16 0;
v000001e0b3bbedd0_0 .var "B", 16 0;
v000001e0b3bbe1f0 .array "B_mem", 999 0, 16 0;
v000001e0b3bbe3d0_0 .var "Cin", 0 0;
v000001e0b3bbef10_0 .var "a_bin", 16 0;
v000001e0b3bbf370_0 .var "b_bin", 16 0;
v000001e0b3bbe8d0_0 .var "clk", 0 0;
v000001e0b3bbebf0_0 .var/i "errors", 31 0;
v000001e0b3bbf730_0 .var/i "fd", 31 0;
v000001e0b3bbf9b0 .array "golden_res", 999 0, 17 0;
v000001e0b3bbfaf0_0 .var "in_valid", 0 0;
v000001e0b3bbf230_0 .var/i "j", 31 0;
v000001e0b3bbe650_0 .var/i "k", 31 0;
v000001e0b3bbe150_0 .net "out_valid", 0 0, v000001e0b3bbd9a0_0;  1 drivers
v000001e0b3bbeb50_0 .var/i "pat_cnt", 31 0;
v000001e0b3bbfe10_0 .var/i "r", 31 0;
v000001e0b3bbfd70_0 .net "result", 17 0, L_000001e0b3c09070;  1 drivers
v000001e0b3bbfff0_0 .var "rstn", 0 0;
v000001e0b3bbeab0_0 .var "s_bin", 16 0;
v000001e0b3bbf5f0_0 .var/i "signed_sum", 31 0;
v000001e0b3bbfb90_0 .var/i "timeout", 31 0;
E_000001e0b37f22f0 .event posedge, v000001e0b3bbdcc0_0;
E_000001e0b37f25f0 .event anyedge, v000001e0b3bbd040_0;
E_000001e0b37f27b0 .event negedge, v000001e0b3bbdcc0_0;
S_000001e0b3781080 .scope module, "uut" "CLA17" 2 22, 3 4 0, S_000001e0b3780ef0;
 .timescale -9 -12;
    .port_info 0 /INPUT 1 "clk";
    .port_info 1 /INPUT 1 "rst_n";
    .port_info 2 /INPUT 1 "Cin";
    .port_info 3 /INPUT 17 "A";
    .port_info 4 /INPUT 17 "B";
    .port_info 5 /INPUT 1 "in_valid";
    .port_info 6 /OUTPUT 1 "out_valid";
    .port_info 7 /OUTPUT 18 "result";
P_000001e0b3723250 .param/l "one" 1 3 16, C4<1>;
P_000001e0b3723288 .param/l "pCLA8_WIDTH" 1 3 15, +C4<00000000000000000000000000001000>;
P_000001e0b37232c0 .param/l "zero" 1 3 17, C4<0>;
L_000001e0b3bc03a0 .functor BUFT 1, C4<0>, C4<0>, C4<0>, C4<0>;
L_000001e0b37fc5a0 .functor XNOR 1, L_000001e0b3c096b0, L_000001e0b3bc03a0, C4<0>, C4<0>;
L_000001e0b3bc03e8 .functor BUFT 1, C4<0>, C4<0>, C4<0>, C4<0>;
L_000001e0b37fd100 .functor XNOR 1, L_000001e0b3c0a010, L_000001e0b3bc03e8, C4<0>, C4<0>;
v000001e0b3bbd7c0_0 .net "A", 16 0, v000001e0b3bbfcd0_0;  1 drivers
v000001e0b3bbd540_0 .net "B", 16 0, v000001e0b3bbedd0_0;  1 drivers
v000001e0b3bbda40_0 .net "Cin", 0 0, v000001e0b3bbe3d0_0;  1 drivers
v000001e0b3bbd0e0_0 .net *"_ivl_60", 0 0, L_000001e0b3c096b0;  1 drivers
v000001e0b3bbd2c0_0 .net/2u *"_ivl_61", 0 0, L_000001e0b3bc03a0;  1 drivers
v000001e0b3bbc1e0_0 .net *"_ivl_63", 0 0, L_000001e0b37fc5a0;  1 drivers
v000001e0b3bbd5e0_0 .net *"_ivl_71", 0 0, L_000001e0b3c0a010;  1 drivers
v000001e0b3bbc320_0 .net/2u *"_ivl_72", 0 0, L_000001e0b3bc03e8;  1 drivers
v000001e0b3bbcaa0_0 .net *"_ivl_74", 0 0, L_000001e0b37fd100;  1 drivers
v000001e0b3bbcfa0_0 .net *"_ivl_82", 7 0, L_000001e0b3c09d90;  1 drivers
v000001e0b3bbc3c0_0 .net *"_ivl_85", 7 0, L_000001e0b3c09110;  1 drivers
v000001e0b3bbdcc0_0 .net "clk", 0 0, v000001e0b3bbe8d0_0;  1 drivers
v000001e0b3bbcb40_0 .var/i "i", 31 0;
v000001e0b3bbd900 .array "in_A", 0 1;
v000001e0b3bbd900_0 .net v000001e0b3bbd900 0, 7 0, L_000001e0b3bbe330; 1 drivers
v000001e0b3bbd900_1 .net v000001e0b3bbd900 1, 7 0, L_000001e0b3bbf2d0; 1 drivers
v000001e0b3bbc500 .array "in_B", 0 1;
v000001e0b3bbc500_0 .net v000001e0b3bbc500 0, 7 0, L_000001e0b3bbf870; 1 drivers
v000001e0b3bbc500_1 .net v000001e0b3bbc500 1, 7 0, L_000001e0b3bbf550; 1 drivers
v000001e0b3bbc5a0_0 .net "in_valid", 0 0, v000001e0b3bbfaf0_0;  1 drivers
v000001e0b3bbd9a0_0 .var "out_valid", 0 0;
v000001e0b3bbc6e0_0 .net "result", 17 0, L_000001e0b3c09070;  alias, 1 drivers
v000001e0b3bbd040_0 .net "rst_n", 0 0, v000001e0b3bbfff0_0;  1 drivers
v000001e0b3bbcbe0_0 .var "stage0_Cin", 0 0;
v000001e0b3bbcc80 .array "stage0_fa_r", 0 1;
v000001e0b3bbcc80_0 .net v000001e0b3bbcc80 0, 1 0, L_000001e0b3bbe5b0; 1 drivers
v000001e0b3bbcc80_1 .net v000001e0b3bbcc80 1, 1 0, L_000001e0b3c08e90; 1 drivers
v000001e0b3bbcdc0_0 .var "stage0_in_A", 16 0;
v000001e0b3bbce60_0 .var "stage0_in_B", 16 0;
v000001e0b3bbdb80_0 .var "stage0_invalid", 0 0;
v000001e0b3bbd180 .array "stage0_result", 0 2;
v000001e0b3bbd180_0 .net v000001e0b3bbd180 0, 8 0, L_000001e0b3bbefb0; 1 drivers
v000001e0b3bbd180_1 .net v000001e0b3bbd180 1, 8 0, L_000001e0b3bbe970; 1 drivers
v000001e0b3bbd180_2 .net v000001e0b3bbd180 2, 8 0, L_000001e0b3bbf410; 1 drivers
v000001e0b3bbdae0 .array "stage1_in", 0 2, 8 0;
v000001e0b3bbf4b0 .array "stage1_in_fa", 0 1, 1 0;
v000001e0b3bbdae0_0 .array/port v000001e0b3bbdae0, 0;
v000001e0b3bbe470 .array "stage1_result", 0 1;
v000001e0b3bbe470_0 .net v000001e0b3bbe470 0, 8 0, v000001e0b3bbdae0_0; 1 drivers
v000001e0b3bbe470_1 .net v000001e0b3bbe470 1, 8 0, L_000001e0b3c082b0; 1 drivers
v000001e0b3bbec90_0 .net "stage1_result_fa", 1 0, L_000001e0b3c09570;  1 drivers
E_000001e0b37f26b0/0 .event negedge, v000001e0b3bbd040_0;
E_000001e0b37f26b0/1 .event posedge, v000001e0b3bbdcc0_0;
E_000001e0b37f26b0 .event/or E_000001e0b37f26b0/0, E_000001e0b37f26b0/1;
L_000001e0b3bbe330 .part v000001e0b3bbcdc0_0, 0, 8;
L_000001e0b3bbf2d0 .part v000001e0b3bbcdc0_0, 8, 8;
L_000001e0b3bbf870 .part v000001e0b3bbce60_0, 0, 8;
L_000001e0b3bbf550 .part v000001e0b3bbce60_0, 8, 8;
L_000001e0b3bbed30 .part v000001e0b3bbcdc0_0, 16, 1;
L_000001e0b3bbe290 .part v000001e0b3bbce60_0, 16, 1;
L_000001e0b3bbe5b0 .concat8 [ 1 1 0 0], L_000001e0b3bbee70, L_000001e0b3bbfa50;
L_000001e0b3c09e30 .part v000001e0b3bbcdc0_0, 16, 1;
L_000001e0b3c09610 .part v000001e0b3bbce60_0, 16, 1;
L_000001e0b3c08e90 .concat8 [ 1 1 0 0], L_000001e0b3bbe790, L_000001e0b3bbe6f0;
L_000001e0b3c096b0 .part v000001e0b3bbdae0_0, 8, 1;
v000001e0b3bbdae0_2 .array/port v000001e0b3bbdae0, 2;
v000001e0b3bbdae0_1 .array/port v000001e0b3bbdae0, 1;
L_000001e0b3c082b0 .functor MUXZ 9, v000001e0b3bbdae0_2, v000001e0b3bbdae0_1, L_000001e0b37fc5a0, C4<>;
L_000001e0b3c0a010 .part L_000001e0b3c082b0, 8, 1;
v000001e0b3bbf4b0_1 .array/port v000001e0b3bbf4b0, 1;
v000001e0b3bbf4b0_0 .array/port v000001e0b3bbf4b0, 0;
L_000001e0b3c09570 .functor MUXZ 2, v000001e0b3bbf4b0_1, v000001e0b3bbf4b0_0, L_000001e0b37fd100, C4<>;
L_000001e0b3c09d90 .part L_000001e0b3c082b0, 0, 8;
L_000001e0b3c09110 .part v000001e0b3bbdae0_0, 0, 8;
L_000001e0b3c09070 .concat [ 8 8 2 0], L_000001e0b3c09110, L_000001e0b3c09d90, L_000001e0b3c09570;
S_000001e0b3781210 .scope module, "CLA1" "CLA_8" 3 56, 4 1 0, S_000001e0b3781080;
 .timescale -9 -12;
    .port_info 0 /INPUT 1 "Cin";
    .port_info 1 /INPUT 8 "A";
    .port_info 2 /INPUT 8 "B";
    .port_info 3 /OUTPUT 9 "result";
v000001e0b37e9630_0 .net "A", 7 0, L_000001e0b3bbe330;  alias, 1 drivers
v000001e0b37ea850_0 .net "B", 7 0, L_000001e0b3bbf870;  alias, 1 drivers
v000001e0b37ea8f0_0 .var "C", 8 0;
L_000001e0b3bc0118 .functor BUFT 1, C4<0>, C4<0>, C4<0>, C4<0>;
v000001e0b37eb070_0 .net "Cin", 0 0, L_000001e0b3bc0118;  1 drivers
v000001e0b37e9d10_0 .var "G", 7 0;
v000001e0b37eb390_0 .var "P", 7 0;
v000001e0b37e9b30_0 .var "S", 7 0;
v000001e0b37ea990_0 .net *"_ivl_1", 0 0, L_000001e0b3bbff50;  1 drivers
v000001e0b37ea170_0 .var/i "i", 31 0;
v000001e0b37eadf0_0 .net "result", 8 0, L_000001e0b3bbefb0;  alias, 1 drivers
E_000001e0b37f2d70 .event anyedge, v000001e0b37eb390_0, v000001e0b37ea8f0_0;
E_000001e0b37f2e30 .event anyedge, v000001e0b37e9630_0, v000001e0b37ea850_0;
E_000001e0b37f27f0 .event anyedge, v000001e0b37eb070_0;
E_000001e0b37f2230 .event anyedge, v000001e0b37e9d10_0, v000001e0b37eb390_0, v000001e0b37ea8f0_0;
L_000001e0b3bbff50 .part v000001e0b37ea8f0_0, 8, 1;
L_000001e0b3bbefb0 .concat [ 8 1 0 0], v000001e0b37e9b30_0, L_000001e0b3bbff50;
S_000001e0b3783470 .scope module, "CLA2" "CLA_8" 3 58, 4 1 0, S_000001e0b3781080;
 .timescale -9 -12;
    .port_info 0 /INPUT 1 "Cin";
    .port_info 1 /INPUT 8 "A";
    .port_info 2 /INPUT 8 "B";
    .port_info 3 /OUTPUT 9 "result";
v000001e0b37eafd0_0 .net "A", 7 0, L_000001e0b3bbf2d0;  alias, 1 drivers
v000001e0b37e9810_0 .net "B", 7 0, L_000001e0b3bbf550;  alias, 1 drivers
v000001e0b37ea5d0_0 .var "C", 8 0;
L_000001e0b3bc0160 .functor BUFT 1, C4<0>, C4<0>, C4<0>, C4<0>;
v000001e0b37eb110_0 .net "Cin", 0 0, L_000001e0b3bc0160;  1 drivers
v000001e0b37ea2b0_0 .var "G", 7 0;
v000001e0b37ea350_0 .var "P", 7 0;
v000001e0b37ea3f0_0 .var "S", 7 0;
v000001e0b37e9e50_0 .net *"_ivl_1", 0 0, L_000001e0b3bbf910;  1 drivers
v000001e0b37e98b0_0 .var/i "i", 31 0;
v000001e0b37eb4d0_0 .net "result", 8 0, L_000001e0b3bbe970;  alias, 1 drivers
E_000001e0b37f2a70 .event anyedge, v000001e0b37ea350_0, v000001e0b37ea5d0_0;
E_000001e0b37f23b0 .event anyedge, v000001e0b37eafd0_0, v000001e0b37e9810_0;
E_000001e0b37f2070 .event anyedge, v000001e0b37eb110_0;
E_000001e0b37f2830 .event anyedge, v000001e0b37ea2b0_0, v000001e0b37ea350_0, v000001e0b37ea5d0_0;
L_000001e0b3bbf910 .part v000001e0b37ea5d0_0, 8, 1;
L_000001e0b3bbe970 .concat [ 8 1 0 0], v000001e0b37ea3f0_0, L_000001e0b3bbf910;
S_000001e0b3783600 .scope module, "CLA3" "CLA_8" 3 59, 4 1 0, S_000001e0b3781080;
 .timescale -9 -12;
    .port_info 0 /INPUT 1 "Cin";
    .port_info 1 /INPUT 8 "A";
    .port_info 2 /INPUT 8 "B";
    .port_info 3 /OUTPUT 9 "result";
v000001e0b37e9950_0 .net "A", 7 0, L_000001e0b3bbf2d0;  alias, 1 drivers
v000001e0b37ea670_0 .net "B", 7 0, L_000001e0b3bbf550;  alias, 1 drivers
v000001e0b37e9ef0_0 .var "C", 8 0;
L_000001e0b3bc01a8 .functor BUFT 1, C4<1>, C4<0>, C4<0>, C4<0>;
v000001e0b37e99f0_0 .net "Cin", 0 0, L_000001e0b3bc01a8;  1 drivers
v000001e0b37e9a90_0 .var "G", 7 0;
v000001e0b37eaa30_0 .var "P", 7 0;
v000001e0b37e9bd0_0 .var "S", 7 0;
v000001e0b37ea490_0 .net *"_ivl_1", 0 0, L_000001e0b3bbf690;  1 drivers
v000001e0b37b0550_0 .var/i "i", 31 0;
v000001e0b37b0870_0 .net "result", 8 0, L_000001e0b3bbf410;  alias, 1 drivers
E_000001e0b37f22b0 .event anyedge, v000001e0b37eaa30_0, v000001e0b37e9ef0_0;
E_000001e0b37f2330 .event anyedge, v000001e0b37e99f0_0;
E_000001e0b37f2cf0 .event anyedge, v000001e0b37e9a90_0, v000001e0b37eaa30_0, v000001e0b37e9ef0_0;
L_000001e0b3bbf690 .part v000001e0b37e9ef0_0, 8, 1;
L_000001e0b3bbf410 .concat [ 8 1 0 0], v000001e0b37e9bd0_0, L_000001e0b3bbf690;
S_000001e0b3783790 .scope module, "FA1" "FA" 3 61, 3 93 0, S_000001e0b3781080;
 .timescale -9 -12;
    .port_info 0 /INPUT 1 "A";
    .port_info 1 /INPUT 1 "B";
    .port_info 2 /INPUT 1 "Cin";
    .port_info 3 /OUTPUT 1 "Sum";
    .port_info 4 /OUTPUT 1 "Cout";
v000001e0b3bbdf40_0 .net "A", 0 0, L_000001e0b3bbed30;  1 drivers
v000001e0b3bbd860_0 .net "B", 0 0, L_000001e0b3bbe290;  1 drivers
L_000001e0b3bc0280 .functor BUFT 1, C4<0>, C4<0>, C4<0>, C4<0>;
v000001e0b3bbc960_0 .net "Cin", 0 0, L_000001e0b3bc0280;  1 drivers
v000001e0b3bbd4a0_0 .net "Cout", 0 0, L_000001e0b3bbfa50;  1 drivers
v000001e0b3bbd360_0 .net "Sum", 0 0, L_000001e0b3bbee70;  1 drivers
L_000001e0b3bc0238 .functor BUFT 1, C4<0>, C4<0>, C4<0>, C4<0>;
v000001e0b3bbd680_0 .net *"_ivl_10", 0 0, L_000001e0b3bc0238;  1 drivers
v000001e0b3bbc140_0 .net *"_ivl_11", 1 0, L_000001e0b3bbe510;  1 drivers
L_000001e0b3bc0430 .functor BUFT 1, C4<00>, C4<0>, C4<0>, C4<0>;
v000001e0b3bbcd20_0 .net *"_ivl_13", 1 0, L_000001e0b3bc0430;  1 drivers
v000001e0b3bbdea0_0 .net *"_ivl_17", 1 0, L_000001e0b3bbf7d0;  1 drivers
v000001e0b3bbd720_0 .net *"_ivl_3", 1 0, L_000001e0b3bbe830;  1 drivers
L_000001e0b3bc01f0 .functor BUFT 1, C4<0>, C4<0>, C4<0>, C4<0>;
v000001e0b3bbc8c0_0 .net *"_ivl_6", 0 0, L_000001e0b3bc01f0;  1 drivers
v000001e0b3bbcf00_0 .net *"_ivl_7", 1 0, L_000001e0b3bbfc30;  1 drivers
L_000001e0b3bbfa50 .part L_000001e0b3bbf7d0, 1, 1;
L_000001e0b3bbee70 .part L_000001e0b3bbf7d0, 0, 1;
L_000001e0b3bbe830 .concat [ 1 1 0 0], L_000001e0b3bbed30, L_000001e0b3bc01f0;
L_000001e0b3bbfc30 .concat [ 1 1 0 0], L_000001e0b3bbe290, L_000001e0b3bc0238;
L_000001e0b3bbe510 .arith/sum 2, L_000001e0b3bbe830, L_000001e0b3bbfc30;
L_000001e0b3bbf7d0 .arith/sum 2, L_000001e0b3bbe510, L_000001e0b3bc0430;
S_000001e0b376bef0 .scope module, "FA2" "FA" 3 62, 3 93 0, S_000001e0b3781080;
 .timescale -9 -12;
    .port_info 0 /INPUT 1 "A";
    .port_info 1 /INPUT 1 "B";
    .port_info 2 /INPUT 1 "Cin";
    .port_info 3 /OUTPUT 1 "Sum";
    .port_info 4 /OUTPUT 1 "Cout";
v000001e0b3bbdc20_0 .net "A", 0 0, L_000001e0b3c09e30;  1 drivers
v000001e0b3bbd220_0 .net "B", 0 0, L_000001e0b3c09610;  1 drivers
L_000001e0b3bc0358 .functor BUFT 1, C4<1>, C4<0>, C4<0>, C4<0>;
v000001e0b3bbc460_0 .net "Cin", 0 0, L_000001e0b3bc0358;  1 drivers
v000001e0b3bbdd60_0 .net "Cout", 0 0, L_000001e0b3bbe6f0;  1 drivers
v000001e0b3bbc280_0 .net "Sum", 0 0, L_000001e0b3bbe790;  1 drivers
L_000001e0b3bc0310 .functor BUFT 1, C4<0>, C4<0>, C4<0>, C4<0>;
v000001e0b3bbdfe0_0 .net *"_ivl_10", 0 0, L_000001e0b3bc0310;  1 drivers
v000001e0b3bbc780_0 .net *"_ivl_11", 1 0, L_000001e0b3bbf0f0;  1 drivers
L_000001e0b3bc0478 .functor BUFT 1, C4<01>, C4<0>, C4<0>, C4<0>;
v000001e0b3bbca00_0 .net *"_ivl_13", 1 0, L_000001e0b3bc0478;  1 drivers
v000001e0b3bbde00_0 .net *"_ivl_17", 1 0, L_000001e0b3bbf190;  1 drivers
v000001e0b3bbc820_0 .net *"_ivl_3", 1 0, L_000001e0b3bbea10;  1 drivers
L_000001e0b3bc02c8 .functor BUFT 1, C4<0>, C4<0>, C4<0>, C4<0>;
v000001e0b3bbc640_0 .net *"_ivl_6", 0 0, L_000001e0b3bc02c8;  1 drivers
v000001e0b3bbd400_0 .net *"_ivl_7", 1 0, L_000001e0b3bbf050;  1 drivers
L_000001e0b3bbe6f0 .part L_000001e0b3bbf190, 1, 1;
L_000001e0b3bbe790 .part L_000001e0b3bbf190, 0, 1;
L_000001e0b3bbea10 .concat [ 1 1 0 0], L_000001e0b3c09e30, L_000001e0b3bc02c8;
L_000001e0b3bbf050 .concat [ 1 1 0 0], L_000001e0b3c09610, L_000001e0b3bc0310;
L_000001e0b3bbf0f0 .arith/sum 2, L_000001e0b3bbea10, L_000001e0b3bbf050;
L_000001e0b3bbf190 .arith/sum 2, L_000001e0b3bbf0f0, L_000001e0b3bc0478;
    .scope S_000001e0b3781210;
T_0 ;
    %wait E_000001e0b37f2230;
    %load/vec4 v000001e0b37e9d10_0;
    %parti/s 1, 0, 2;
    %load/vec4 v000001e0b37eb390_0;
    %parti/s 1, 0, 2;
    %load/vec4 v000001e0b37ea8f0_0;
    %parti/s 1, 0, 2;
    %and;
    %or;
    %ix/load 4, 1, 0;
    %flag_set/imm 4, 0;
    %store/vec4 v000001e0b37ea8f0_0, 4, 1;
    %load/vec4 v000001e0b37e9d10_0;
    %parti/s 1, 1, 2;
    %load/vec4 v000001e0b37eb390_0;
    %parti/s 1, 1, 2;
    %load/vec4 v000001e0b37e9d10_0;
    %parti/s 1, 0, 2;
    %and;
    %or;
    %load/vec4 v000001e0b37eb390_0;
    %parti/s 1, 1, 2;
    %load/vec4 v000001e0b37eb390_0;
    %parti/s 1, 0, 2;
    %and;
    %load/vec4 v000001e0b37ea8f0_0;
    %parti/s 1, 0, 2;
    %and;
    %or;
    %ix/load 4, 2, 0;
    %flag_set/imm 4, 0;
    %store/vec4 v000001e0b37ea8f0_0, 4, 1;
    %load/vec4 v000001e0b37e9d10_0;
    %parti/s 1, 2, 3;
    %load/vec4 v000001e0b37eb390_0;
    %parti/s 1, 2, 3;
    %load/vec4 v000001e0b37e9d10_0;
    %parti/s 1, 1, 2;
    %and;
    %or;
    %load/vec4 v000001e0b37eb390_0;
    %parti/s 1, 2, 3;
    %load/vec4 v000001e0b37eb390_0;
    %parti/s 1, 1, 2;
    %and;
    %load/vec4 v000001e0b37e9d10_0;
    %parti/s 1, 0, 2;
    %and;
    %or;
    %load/vec4 v000001e0b37eb390_0;
    %parti/s 1, 2, 3;
    %load/vec4 v000001e0b37eb390_0;
    %parti/s 1, 1, 2;
    %and;
    %load/vec4 v000001e0b37eb390_0;
    %parti/s 1, 0, 2;
    %and;
    %load/vec4 v000001e0b37ea8f0_0;
    %parti/s 1, 0, 2;
    %and;
    %or;
    %ix/load 4, 3, 0;
    %flag_set/imm 4, 0;
    %store/vec4 v000001e0b37ea8f0_0, 4, 1;
    %load/vec4 v000001e0b37e9d10_0;
    %parti/s 1, 3, 3;
    %load/vec4 v000001e0b37eb390_0;
    %parti/s 1, 3, 3;
    %load/vec4 v000001e0b37e9d10_0;
    %parti/s 1, 2, 3;
    %and;
    %or;
    %load/vec4 v000001e0b37eb390_0;
    %parti/s 1, 3, 3;
    %load/vec4 v000001e0b37eb390_0;
    %parti/s 1, 2, 3;
    %and;
    %load/vec4 v000001e0b37e9d10_0;
    %parti/s 1, 1, 2;
    %and;
    %or;
    %load/vec4 v000001e0b37eb390_0;
    %parti/s 1, 3, 3;
    %load/vec4 v000001e0b37eb390_0;
    %parti/s 1, 2, 3;
    %and;
    %load/vec4 v000001e0b37eb390_0;
    %parti/s 1, 1, 2;
    %and;
    %load/vec4 v000001e0b37e9d10_0;
    %parti/s 1, 0, 2;
    %and;
    %or;
    %load/vec4 v000001e0b37eb390_0;
    %parti/s 1, 3, 3;
    %load/vec4 v000001e0b37eb390_0;
    %parti/s 1, 2, 3;
    %and;
    %load/vec4 v000001e0b37eb390_0;
    %parti/s 1, 1, 2;
    %and;
    %load/vec4 v000001e0b37eb390_0;
    %parti/s 1, 0, 2;
    %and;
    %load/vec4 v000001e0b37ea8f0_0;
    %parti/s 1, 0, 2;
    %and;
    %or;
    %ix/load 4, 4, 0;
    %flag_set/imm 4, 0;
    %store/vec4 v000001e0b37ea8f0_0, 4, 1;
    %load/vec4 v000001e0b37e9d10_0;
    %parti/s 1, 4, 4;
    %load/vec4 v000001e0b37eb390_0;
    %parti/s 1, 4, 4;
    %load/vec4 v000001e0b37e9d10_0;
    %parti/s 1, 3, 3;
    %and;
    %or;
    %load/vec4 v000001e0b37eb390_0;
    %parti/s 1, 4, 4;
    %load/vec4 v000001e0b37eb390_0;
    %parti/s 1, 3, 3;
    %and;
    %load/vec4 v000001e0b37e9d10_0;
    %parti/s 1, 2, 3;
    %and;
    %or;
    %load/vec4 v000001e0b37eb390_0;
    %parti/s 1, 4, 4;
    %load/vec4 v000001e0b37eb390_0;
    %parti/s 1, 3, 3;
    %and;
    %load/vec4 v000001e0b37eb390_0;
    %parti/s 1, 2, 3;
    %and;
    %load/vec4 v000001e0b37e9d10_0;
    %parti/s 1, 1, 2;
    %and;
    %or;
    %load/vec4 v000001e0b37eb390_0;
    %parti/s 1, 4, 4;
    %load/vec4 v000001e0b37eb390_0;
    %parti/s 1, 3, 3;
    %and;
    %load/vec4 v000001e0b37eb390_0;
    %parti/s 1, 2, 3;
    %and;
    %load/vec4 v000001e0b37eb390_0;
    %parti/s 1, 1, 2;
    %and;
    %load/vec4 v000001e0b37e9d10_0;
    %parti/s 1, 0, 2;
    %and;
    %or;
    %load/vec4 v000001e0b37eb390_0;
    %parti/s 1, 4, 4;
    %load/vec4 v000001e0b37eb390_0;
    %parti/s 1, 3, 3;
    %and;
    %load/vec4 v000001e0b37eb390_0;
    %parti/s 1, 2, 3;
    %and;
    %load/vec4 v000001e0b37eb390_0;
    %parti/s 1, 1, 2;
    %and;
    %load/vec4 v000001e0b37eb390_0;
    %parti/s 1, 0, 2;
    %and;
    %load/vec4 v000001e0b37ea8f0_0;
    %parti/s 1, 0, 2;
    %and;
    %or;
    %ix/load 4, 5, 0;
    %flag_set/imm 4, 0;
    %store/vec4 v000001e0b37ea8f0_0, 4, 1;
    %load/vec4 v000001e0b37e9d10_0;
    %parti/s 1, 5, 4;
    %load/vec4 v000001e0b37eb390_0;
    %parti/s 1, 5, 4;
    %load/vec4 v000001e0b37e9d10_0;
    %parti/s 1, 4, 4;
    %and;
    %or;
    %load/vec4 v000001e0b37eb390_0;
    %parti/s 1, 5, 4;
    %load/vec4 v000001e0b37eb390_0;
    %parti/s 1, 4, 4;
    %and;
    %load/vec4 v000001e0b37e9d10_0;
    %parti/s 1, 3, 3;
    %and;
    %or;
    %load/vec4 v000001e0b37eb390_0;
    %parti/s 1, 5, 4;
    %load/vec4 v000001e0b37eb390_0;
    %parti/s 1, 4, 4;
    %and;
    %load/vec4 v000001e0b37eb390_0;
    %parti/s 1, 3, 3;
    %and;
    %load/vec4 v000001e0b37e9d10_0;
    %parti/s 1, 2, 3;
    %and;
    %or;
    %load/vec4 v000001e0b37eb390_0;
    %parti/s 1, 5, 4;
    %load/vec4 v000001e0b37eb390_0;
    %parti/s 1, 4, 4;
    %and;
    %load/vec4 v000001e0b37eb390_0;
    %parti/s 1, 3, 3;
    %and;
    %load/vec4 v000001e0b37eb390_0;
    %parti/s 1, 2, 3;
    %and;
    %load/vec4 v000001e0b37e9d10_0;
    %parti/s 1, 1, 2;
    %and;
    %or;
    %load/vec4 v000001e0b37eb390_0;
    %parti/s 1, 5, 4;
    %load/vec4 v000001e0b37eb390_0;
    %parti/s 1, 4, 4;
    %and;
    %load/vec4 v000001e0b37eb390_0;
    %parti/s 1, 3, 3;
    %and;
    %load/vec4 v000001e0b37eb390_0;
    %parti/s 1, 2, 3;
    %and;
    %load/vec4 v000001e0b37eb390_0;
    %parti/s 1, 1, 2;
    %and;
    %load/vec4 v000001e0b37e9d10_0;
    %parti/s 1, 0, 2;
    %and;
    %or;
    %load/vec4 v000001e0b37eb390_0;
    %parti/s 1, 5, 4;
    %load/vec4 v000001e0b37eb390_0;
    %parti/s 1, 4, 4;
    %and;
    %load/vec4 v000001e0b37eb390_0;
    %parti/s 1, 3, 3;
    %and;
    %load/vec4 v000001e0b37eb390_0;
    %parti/s 1, 2, 3;
    %and;
    %load/vec4 v000001e0b37eb390_0;
    %parti/s 1, 1, 2;
    %and;
    %load/vec4 v000001e0b37eb390_0;
    %parti/s 1, 0, 2;
    %and;
    %load/vec4 v000001e0b37ea8f0_0;
    %parti/s 1, 0, 2;
    %and;
    %or;
    %ix/load 4, 6, 0;
    %flag_set/imm 4, 0;
    %store/vec4 v000001e0b37ea8f0_0, 4, 1;
    %load/vec4 v000001e0b37e9d10_0;
    %parti/s 1, 6, 4;
    %load/vec4 v000001e0b37eb390_0;
    %parti/s 1, 6, 4;
    %load/vec4 v000001e0b37e9d10_0;
    %parti/s 1, 5, 4;
    %and;
    %or;
    %load/vec4 v000001e0b37eb390_0;
    %parti/s 1, 6, 4;
    %load/vec4 v000001e0b37eb390_0;
    %parti/s 1, 5, 4;
    %and;
    %load/vec4 v000001e0b37e9d10_0;
    %parti/s 1, 4, 4;
    %and;
    %or;
    %load/vec4 v000001e0b37eb390_0;
    %parti/s 1, 6, 4;
    %load/vec4 v000001e0b37eb390_0;
    %parti/s 1, 5, 4;
    %and;
    %load/vec4 v000001e0b37eb390_0;
    %parti/s 1, 4, 4;
    %and;
    %load/vec4 v000001e0b37e9d10_0;
    %parti/s 1, 3, 3;
    %and;
    %or;
    %load/vec4 v000001e0b37eb390_0;
    %parti/s 1, 6, 4;
    %load/vec4 v000001e0b37eb390_0;
    %parti/s 1, 5, 4;
    %and;
    %load/vec4 v000001e0b37eb390_0;
    %parti/s 1, 4, 4;
    %and;
    %load/vec4 v000001e0b37eb390_0;
    %parti/s 1, 3, 3;
    %and;
    %load/vec4 v000001e0b37e9d10_0;
    %parti/s 1, 2, 3;
    %and;
    %or;
    %load/vec4 v000001e0b37eb390_0;
    %parti/s 1, 6, 4;
    %load/vec4 v000001e0b37eb390_0;
    %parti/s 1, 5, 4;
    %and;
    %load/vec4 v000001e0b37eb390_0;
    %parti/s 1, 4, 4;
    %and;
    %load/vec4 v000001e0b37eb390_0;
    %parti/s 1, 3, 3;
    %and;
    %load/vec4 v000001e0b37eb390_0;
    %parti/s 1, 2, 3;
    %and;
    %load/vec4 v000001e0b37e9d10_0;
    %parti/s 1, 1, 2;
    %and;
    %or;
    %load/vec4 v000001e0b37eb390_0;
    %parti/s 1, 6, 4;
    %load/vec4 v000001e0b37eb390_0;
    %parti/s 1, 5, 4;
    %and;
    %load/vec4 v000001e0b37eb390_0;
    %parti/s 1, 4, 4;
    %and;
    %load/vec4 v000001e0b37eb390_0;
    %parti/s 1, 3, 3;
    %and;
    %load/vec4 v000001e0b37eb390_0;
    %parti/s 1, 2, 3;
    %and;
    %load/vec4 v000001e0b37eb390_0;
    %parti/s 1, 1, 2;
    %and;
    %load/vec4 v000001e0b37e9d10_0;
    %parti/s 1, 0, 2;
    %and;
    %or;
    %load/vec4 v000001e0b37eb390_0;
    %parti/s 1, 6, 4;
    %load/vec4 v000001e0b37eb390_0;
    %parti/s 1, 5, 4;
    %and;
    %load/vec4 v000001e0b37eb390_0;
    %parti/s 1, 4, 4;
    %and;
    %load/vec4 v000001e0b37eb390_0;
    %parti/s 1, 3, 3;
    %and;
    %load/vec4 v000001e0b37eb390_0;
    %parti/s 1, 2, 3;
    %and;
    %load/vec4 v000001e0b37eb390_0;
    %parti/s 1, 1, 2;
    %and;
    %load/vec4 v000001e0b37eb390_0;
    %parti/s 1, 0, 2;
    %and;
    %load/vec4 v000001e0b37ea8f0_0;
    %parti/s 1, 0, 2;
    %and;
    %or;
    %ix/load 4, 7, 0;
    %flag_set/imm 4, 0;
    %store/vec4 v000001e0b37ea8f0_0, 4, 1;
    %load/vec4 v000001e0b37e9d10_0;
    %parti/s 1, 7, 4;
    %load/vec4 v000001e0b37eb390_0;
    %parti/s 1, 7, 4;
    %load/vec4 v000001e0b37e9d10_0;
    %parti/s 1, 6, 4;
    %and;
    %or;
    %load/vec4 v000001e0b37eb390_0;
    %parti/s 1, 7, 4;
    %load/vec4 v000001e0b37eb390_0;
    %parti/s 1, 6, 4;
    %and;
    %load/vec4 v000001e0b37e9d10_0;
    %parti/s 1, 5, 4;
    %and;
    %or;
    %load/vec4 v000001e0b37eb390_0;
    %parti/s 1, 7, 4;
    %load/vec4 v000001e0b37eb390_0;
    %parti/s 1, 6, 4;
    %and;
    %load/vec4 v000001e0b37eb390_0;
    %parti/s 1, 5, 4;
    %and;
    %load/vec4 v000001e0b37e9d10_0;
    %parti/s 1, 4, 4;
    %and;
    %or;
    %load/vec4 v000001e0b37eb390_0;
    %parti/s 1, 7, 4;
    %load/vec4 v000001e0b37eb390_0;
    %parti/s 1, 6, 4;
    %and;
    %load/vec4 v000001e0b37eb390_0;
    %parti/s 1, 5, 4;
    %and;
    %load/vec4 v000001e0b37eb390_0;
    %parti/s 1, 4, 4;
    %and;
    %load/vec4 v000001e0b37e9d10_0;
    %parti/s 1, 3, 3;
    %and;
    %or;
    %load/vec4 v000001e0b37eb390_0;
    %parti/s 1, 7, 4;
    %load/vec4 v000001e0b37eb390_0;
    %parti/s 1, 6, 4;
    %and;
    %load/vec4 v000001e0b37eb390_0;
    %parti/s 1, 5, 4;
    %and;
    %load/vec4 v000001e0b37eb390_0;
    %parti/s 1, 4, 4;
    %and;
    %load/vec4 v000001e0b37eb390_0;
    %parti/s 1, 3, 3;
    %and;
    %load/vec4 v000001e0b37e9d10_0;
    %parti/s 1, 2, 3;
    %and;
    %or;
    %load/vec4 v000001e0b37eb390_0;
    %parti/s 1, 7, 4;
    %load/vec4 v000001e0b37eb390_0;
    %parti/s 1, 6, 4;
    %and;
    %load/vec4 v000001e0b37eb390_0;
    %parti/s 1, 5, 4;
    %and;
    %load/vec4 v000001e0b37eb390_0;
    %parti/s 1, 4, 4;
    %and;
    %load/vec4 v000001e0b37eb390_0;
    %parti/s 1, 3, 3;
    %and;
    %load/vec4 v000001e0b37eb390_0;
    %parti/s 1, 2, 3;
    %and;
    %load/vec4 v000001e0b37e9d10_0;
    %parti/s 1, 1, 2;
    %and;
    %or;
    %load/vec4 v000001e0b37eb390_0;
    %parti/s 1, 7, 4;
    %load/vec4 v000001e0b37eb390_0;
    %parti/s 1, 6, 4;
    %and;
    %load/vec4 v000001e0b37eb390_0;
    %parti/s 1, 5, 4;
    %and;
    %load/vec4 v000001e0b37eb390_0;
    %parti/s 1, 4, 4;
    %and;
    %load/vec4 v000001e0b37eb390_0;
    %parti/s 1, 3, 3;
    %and;
    %load/vec4 v000001e0b37eb390_0;
    %parti/s 1, 2, 3;
    %and;
    %load/vec4 v000001e0b37eb390_0;
    %parti/s 1, 1, 2;
    %and;
    %load/vec4 v000001e0b37e9d10_0;
    %parti/s 1, 0, 2;
    %and;
    %or;
    %load/vec4 v000001e0b37eb390_0;
    %parti/s 1, 7, 4;
    %load/vec4 v000001e0b37eb390_0;
    %parti/s 1, 6, 4;
    %and;
    %load/vec4 v000001e0b37eb390_0;
    %parti/s 1, 5, 4;
    %and;
    %load/vec4 v000001e0b37eb390_0;
    %parti/s 1, 4, 4;
    %and;
    %load/vec4 v000001e0b37eb390_0;
    %parti/s 1, 3, 3;
    %and;
    %load/vec4 v000001e0b37eb390_0;
    %parti/s 1, 2, 3;
    %and;
    %load/vec4 v000001e0b37eb390_0;
    %parti/s 1, 1, 2;
    %and;
    %load/vec4 v000001e0b37eb390_0;
    %parti/s 1, 0, 2;
    %and;
    %load/vec4 v000001e0b37ea8f0_0;
    %parti/s 1, 0, 2;
    %and;
    %or;
    %ix/load 4, 8, 0;
    %flag_set/imm 4, 0;
    %store/vec4 v000001e0b37ea8f0_0, 4, 1;
    %jmp T_0;
    .thread T_0, $push;
    .scope S_000001e0b3781210;
T_1 ;
    %wait E_000001e0b37f27f0;
    %load/vec4 v000001e0b37eb070_0;
    %ix/load 4, 0, 0;
    %flag_set/imm 4, 0;
    %store/vec4 v000001e0b37ea8f0_0, 4, 1;
    %jmp T_1;
    .thread T_1, $push;
    .scope S_000001e0b3781210;
T_2 ;
    %wait E_000001e0b37f2e30;
    %pushi/vec4 0, 0, 32;
    %store/vec4 v000001e0b37ea170_0, 0, 32;
T_2.0 ;
    %load/vec4 v000001e0b37ea170_0;
    %cmpi/s 8, 0, 32;
    %jmp/0xz T_2.1, 5;
    %load/vec4 v000001e0b37e9630_0;
    %load/vec4 v000001e0b37ea170_0;
    %part/s 1;
    %load/vec4 v000001e0b37ea850_0;
    %load/vec4 v000001e0b37ea170_0;
    %part/s 1;
    %and;
    %ix/getv/s 4, v000001e0b37ea170_0;
    %store/vec4 v000001e0b37e9d10_0, 4, 1;
    %load/vec4 v000001e0b37e9630_0;
    %load/vec4 v000001e0b37ea170_0;
    %part/s 1;
    %load/vec4 v000001e0b37ea850_0;
    %load/vec4 v000001e0b37ea170_0;
    %part/s 1;
    %xor;
    %ix/getv/s 4, v000001e0b37ea170_0;
    %store/vec4 v000001e0b37eb390_0, 4, 1;
    %load/vec4 v000001e0b37ea170_0;
    %addi 1, 0, 32;
    %store/vec4 v000001e0b37ea170_0, 0, 32;
    %jmp T_2.0;
T_2.1 ;
    %jmp T_2;
    .thread T_2, $push;
    .scope S_000001e0b3781210;
T_3 ;
    %wait E_000001e0b37f2d70;
    %pushi/vec4 0, 0, 32;
    %store/vec4 v000001e0b37ea170_0, 0, 32;
T_3.0 ;
    %load/vec4 v000001e0b37ea170_0;
    %cmpi/s 8, 0, 32;
    %jmp/0xz T_3.1, 5;
    %load/vec4 v000001e0b37eb390_0;
    %load/vec4 v000001e0b37ea170_0;
    %part/s 1;
    %load/vec4 v000001e0b37ea8f0_0;
    %load/vec4 v000001e0b37ea170_0;
    %part/s 1;
    %xor;
    %ix/getv/s 4, v000001e0b37ea170_0;
    %store/vec4 v000001e0b37e9b30_0, 4, 1;
    %load/vec4 v000001e0b37ea170_0;
    %addi 1, 0, 32;
    %store/vec4 v000001e0b37ea170_0, 0, 32;
    %jmp T_3.0;
T_3.1 ;
    %jmp T_3;
    .thread T_3, $push;
    .scope S_000001e0b3783470;
T_4 ;
    %wait E_000001e0b37f2830;
    %load/vec4 v000001e0b37ea2b0_0;
    %parti/s 1, 0, 2;
    %load/vec4 v000001e0b37ea350_0;
    %parti/s 1, 0, 2;
    %load/vec4 v000001e0b37ea5d0_0;
    %parti/s 1, 0, 2;
    %and;
    %or;
    %ix/load 4, 1, 0;
    %flag_set/imm 4, 0;
    %store/vec4 v000001e0b37ea5d0_0, 4, 1;
    %load/vec4 v000001e0b37ea2b0_0;
    %parti/s 1, 1, 2;
    %load/vec4 v000001e0b37ea350_0;
    %parti/s 1, 1, 2;
    %load/vec4 v000001e0b37ea2b0_0;
    %parti/s 1, 0, 2;
    %and;
    %or;
    %load/vec4 v000001e0b37ea350_0;
    %parti/s 1, 1, 2;
    %load/vec4 v000001e0b37ea350_0;
    %parti/s 1, 0, 2;
    %and;
    %load/vec4 v000001e0b37ea5d0_0;
    %parti/s 1, 0, 2;
    %and;
    %or;
    %ix/load 4, 2, 0;
    %flag_set/imm 4, 0;
    %store/vec4 v000001e0b37ea5d0_0, 4, 1;
    %load/vec4 v000001e0b37ea2b0_0;
    %parti/s 1, 2, 3;
    %load/vec4 v000001e0b37ea350_0;
    %parti/s 1, 2, 3;
    %load/vec4 v000001e0b37ea2b0_0;
    %parti/s 1, 1, 2;
    %and;
    %or;
    %load/vec4 v000001e0b37ea350_0;
    %parti/s 1, 2, 3;
    %load/vec4 v000001e0b37ea350_0;
    %parti/s 1, 1, 2;
    %and;
    %load/vec4 v000001e0b37ea2b0_0;
    %parti/s 1, 0, 2;
    %and;
    %or;
    %load/vec4 v000001e0b37ea350_0;
    %parti/s 1, 2, 3;
    %load/vec4 v000001e0b37ea350_0;
    %parti/s 1, 1, 2;
    %and;
    %load/vec4 v000001e0b37ea350_0;
    %parti/s 1, 0, 2;
    %and;
    %load/vec4 v000001e0b37ea5d0_0;
    %parti/s 1, 0, 2;
    %and;
    %or;
    %ix/load 4, 3, 0;
    %flag_set/imm 4, 0;
    %store/vec4 v000001e0b37ea5d0_0, 4, 1;
    %load/vec4 v000001e0b37ea2b0_0;
    %parti/s 1, 3, 3;
    %load/vec4 v000001e0b37ea350_0;
    %parti/s 1, 3, 3;
    %load/vec4 v000001e0b37ea2b0_0;
    %parti/s 1, 2, 3;
    %and;
    %or;
    %load/vec4 v000001e0b37ea350_0;
    %parti/s 1, 3, 3;
    %load/vec4 v000001e0b37ea350_0;
    %parti/s 1, 2, 3;
    %and;
    %load/vec4 v000001e0b37ea2b0_0;
    %parti/s 1, 1, 2;
    %and;
    %or;
    %load/vec4 v000001e0b37ea350_0;
    %parti/s 1, 3, 3;
    %load/vec4 v000001e0b37ea350_0;
    %parti/s 1, 2, 3;
    %and;
    %load/vec4 v000001e0b37ea350_0;
    %parti/s 1, 1, 2;
    %and;
    %load/vec4 v000001e0b37ea2b0_0;
    %parti/s 1, 0, 2;
    %and;
    %or;
    %load/vec4 v000001e0b37ea350_0;
    %parti/s 1, 3, 3;
    %load/vec4 v000001e0b37ea350_0;
    %parti/s 1, 2, 3;
    %and;
    %load/vec4 v000001e0b37ea350_0;
    %parti/s 1, 1, 2;
    %and;
    %load/vec4 v000001e0b37ea350_0;
    %parti/s 1, 0, 2;
    %and;
    %load/vec4 v000001e0b37ea5d0_0;
    %parti/s 1, 0, 2;
    %and;
    %or;
    %ix/load 4, 4, 0;
    %flag_set/imm 4, 0;
    %store/vec4 v000001e0b37ea5d0_0, 4, 1;
    %load/vec4 v000001e0b37ea2b0_0;
    %parti/s 1, 4, 4;
    %load/vec4 v000001e0b37ea350_0;
    %parti/s 1, 4, 4;
    %load/vec4 v000001e0b37ea2b0_0;
    %parti/s 1, 3, 3;
    %and;
    %or;
    %load/vec4 v000001e0b37ea350_0;
    %parti/s 1, 4, 4;
    %load/vec4 v000001e0b37ea350_0;
    %parti/s 1, 3, 3;
    %and;
    %load/vec4 v000001e0b37ea2b0_0;
    %parti/s 1, 2, 3;
    %and;
    %or;
    %load/vec4 v000001e0b37ea350_0;
    %parti/s 1, 4, 4;
    %load/vec4 v000001e0b37ea350_0;
    %parti/s 1, 3, 3;
    %and;
    %load/vec4 v000001e0b37ea350_0;
    %parti/s 1, 2, 3;
    %and;
    %load/vec4 v000001e0b37ea2b0_0;
    %parti/s 1, 1, 2;
    %and;
    %or;
    %load/vec4 v000001e0b37ea350_0;
    %parti/s 1, 4, 4;
    %load/vec4 v000001e0b37ea350_0;
    %parti/s 1, 3, 3;
    %and;
    %load/vec4 v000001e0b37ea350_0;
    %parti/s 1, 2, 3;
    %and;
    %load/vec4 v000001e0b37ea350_0;
    %parti/s 1, 1, 2;
    %and;
    %load/vec4 v000001e0b37ea2b0_0;
    %parti/s 1, 0, 2;
    %and;
    %or;
    %load/vec4 v000001e0b37ea350_0;
    %parti/s 1, 4, 4;
    %load/vec4 v000001e0b37ea350_0;
    %parti/s 1, 3, 3;
    %and;
    %load/vec4 v000001e0b37ea350_0;
    %parti/s 1, 2, 3;
    %and;
    %load/vec4 v000001e0b37ea350_0;
    %parti/s 1, 1, 2;
    %and;
    %load/vec4 v000001e0b37ea350_0;
    %parti/s 1, 0, 2;
    %and;
    %load/vec4 v000001e0b37ea5d0_0;
    %parti/s 1, 0, 2;
    %and;
    %or;
    %ix/load 4, 5, 0;
    %flag_set/imm 4, 0;
    %store/vec4 v000001e0b37ea5d0_0, 4, 1;
    %load/vec4 v000001e0b37ea2b0_0;
    %parti/s 1, 5, 4;
    %load/vec4 v000001e0b37ea350_0;
    %parti/s 1, 5, 4;
    %load/vec4 v000001e0b37ea2b0_0;
    %parti/s 1, 4, 4;
    %and;
    %or;
    %load/vec4 v000001e0b37ea350_0;
    %parti/s 1, 5, 4;
    %load/vec4 v000001e0b37ea350_0;
    %parti/s 1, 4, 4;
    %and;
    %load/vec4 v000001e0b37ea2b0_0;
    %parti/s 1, 3, 3;
    %and;
    %or;
    %load/vec4 v000001e0b37ea350_0;
    %parti/s 1, 5, 4;
    %load/vec4 v000001e0b37ea350_0;
    %parti/s 1, 4, 4;
    %and;
    %load/vec4 v000001e0b37ea350_0;
    %parti/s 1, 3, 3;
    %and;
    %load/vec4 v000001e0b37ea2b0_0;
    %parti/s 1, 2, 3;
    %and;
    %or;
    %load/vec4 v000001e0b37ea350_0;
    %parti/s 1, 5, 4;
    %load/vec4 v000001e0b37ea350_0;
    %parti/s 1, 4, 4;
    %and;
    %load/vec4 v000001e0b37ea350_0;
    %parti/s 1, 3, 3;
    %and;
    %load/vec4 v000001e0b37ea350_0;
    %parti/s 1, 2, 3;
    %and;
    %load/vec4 v000001e0b37ea2b0_0;
    %parti/s 1, 1, 2;
    %and;
    %or;
    %load/vec4 v000001e0b37ea350_0;
    %parti/s 1, 5, 4;
    %load/vec4 v000001e0b37ea350_0;
    %parti/s 1, 4, 4;
    %and;
    %load/vec4 v000001e0b37ea350_0;
    %parti/s 1, 3, 3;
    %and;
    %load/vec4 v000001e0b37ea350_0;
    %parti/s 1, 2, 3;
    %and;
    %load/vec4 v000001e0b37ea350_0;
    %parti/s 1, 1, 2;
    %and;
    %load/vec4 v000001e0b37ea2b0_0;
    %parti/s 1, 0, 2;
    %and;
    %or;
    %load/vec4 v000001e0b37ea350_0;
    %parti/s 1, 5, 4;
    %load/vec4 v000001e0b37ea350_0;
    %parti/s 1, 4, 4;
    %and;
    %load/vec4 v000001e0b37ea350_0;
    %parti/s 1, 3, 3;
    %and;
    %load/vec4 v000001e0b37ea350_0;
    %parti/s 1, 2, 3;
    %and;
    %load/vec4 v000001e0b37ea350_0;
    %parti/s 1, 1, 2;
    %and;
    %load/vec4 v000001e0b37ea350_0;
    %parti/s 1, 0, 2;
    %and;
    %load/vec4 v000001e0b37ea5d0_0;
    %parti/s 1, 0, 2;
    %and;
    %or;
    %ix/load 4, 6, 0;
    %flag_set/imm 4, 0;
    %store/vec4 v000001e0b37ea5d0_0, 4, 1;
    %load/vec4 v000001e0b37ea2b0_0;
    %parti/s 1, 6, 4;
    %load/vec4 v000001e0b37ea350_0;
    %parti/s 1, 6, 4;
    %load/vec4 v000001e0b37ea2b0_0;
    %parti/s 1, 5, 4;
    %and;
    %or;
    %load/vec4 v000001e0b37ea350_0;
    %parti/s 1, 6, 4;
    %load/vec4 v000001e0b37ea350_0;
    %parti/s 1, 5, 4;
    %and;
    %load/vec4 v000001e0b37ea2b0_0;
    %parti/s 1, 4, 4;
    %and;
    %or;
    %load/vec4 v000001e0b37ea350_0;
    %parti/s 1, 6, 4;
    %load/vec4 v000001e0b37ea350_0;
    %parti/s 1, 5, 4;
    %and;
    %load/vec4 v000001e0b37ea350_0;
    %parti/s 1, 4, 4;
    %and;
    %load/vec4 v000001e0b37ea2b0_0;
    %parti/s 1, 3, 3;
    %and;
    %or;
    %load/vec4 v000001e0b37ea350_0;
    %parti/s 1, 6, 4;
    %load/vec4 v000001e0b37ea350_0;
    %parti/s 1, 5, 4;
    %and;
    %load/vec4 v000001e0b37ea350_0;
    %parti/s 1, 4, 4;
    %and;
    %load/vec4 v000001e0b37ea350_0;
    %parti/s 1, 3, 3;
    %and;
    %load/vec4 v000001e0b37ea2b0_0;
    %parti/s 1, 2, 3;
    %and;
    %or;
    %load/vec4 v000001e0b37ea350_0;
    %parti/s 1, 6, 4;
    %load/vec4 v000001e0b37ea350_0;
    %parti/s 1, 5, 4;
    %and;
    %load/vec4 v000001e0b37ea350_0;
    %parti/s 1, 4, 4;
    %and;
    %load/vec4 v000001e0b37ea350_0;
    %parti/s 1, 3, 3;
    %and;
    %load/vec4 v000001e0b37ea350_0;
    %parti/s 1, 2, 3;
    %and;
    %load/vec4 v000001e0b37ea2b0_0;
    %parti/s 1, 1, 2;
    %and;
    %or;
    %load/vec4 v000001e0b37ea350_0;
    %parti/s 1, 6, 4;
    %load/vec4 v000001e0b37ea350_0;
    %parti/s 1, 5, 4;
    %and;
    %load/vec4 v000001e0b37ea350_0;
    %parti/s 1, 4, 4;
    %and;
    %load/vec4 v000001e0b37ea350_0;
    %parti/s 1, 3, 3;
    %and;
    %load/vec4 v000001e0b37ea350_0;
    %parti/s 1, 2, 3;
    %and;
    %load/vec4 v000001e0b37ea350_0;
    %parti/s 1, 1, 2;
    %and;
    %load/vec4 v000001e0b37ea2b0_0;
    %parti/s 1, 0, 2;
    %and;
    %or;
    %load/vec4 v000001e0b37ea350_0;
    %parti/s 1, 6, 4;
    %load/vec4 v000001e0b37ea350_0;
    %parti/s 1, 5, 4;
    %and;
    %load/vec4 v000001e0b37ea350_0;
    %parti/s 1, 4, 4;
    %and;
    %load/vec4 v000001e0b37ea350_0;
    %parti/s 1, 3, 3;
    %and;
    %load/vec4 v000001e0b37ea350_0;
    %parti/s 1, 2, 3;
    %and;
    %load/vec4 v000001e0b37ea350_0;
    %parti/s 1, 1, 2;
    %and;
    %load/vec4 v000001e0b37ea350_0;
    %parti/s 1, 0, 2;
    %and;
    %load/vec4 v000001e0b37ea5d0_0;
    %parti/s 1, 0, 2;
    %and;
    %or;
    %ix/load 4, 7, 0;
    %flag_set/imm 4, 0;
    %store/vec4 v000001e0b37ea5d0_0, 4, 1;
    %load/vec4 v000001e0b37ea2b0_0;
    %parti/s 1, 7, 4;
    %load/vec4 v000001e0b37ea350_0;
    %parti/s 1, 7, 4;
    %load/vec4 v000001e0b37ea2b0_0;
    %parti/s 1, 6, 4;
    %and;
    %or;
    %load/vec4 v000001e0b37ea350_0;
    %parti/s 1, 7, 4;
    %load/vec4 v000001e0b37ea350_0;
    %parti/s 1, 6, 4;
    %and;
    %load/vec4 v000001e0b37ea2b0_0;
    %parti/s 1, 5, 4;
    %and;
    %or;
    %load/vec4 v000001e0b37ea350_0;
    %parti/s 1, 7, 4;
    %load/vec4 v000001e0b37ea350_0;
    %parti/s 1, 6, 4;
    %and;
    %load/vec4 v000001e0b37ea350_0;
    %parti/s 1, 5, 4;
    %and;
    %load/vec4 v000001e0b37ea2b0_0;
    %parti/s 1, 4, 4;
    %and;
    %or;
    %load/vec4 v000001e0b37ea350_0;
    %parti/s 1, 7, 4;
    %load/vec4 v000001e0b37ea350_0;
    %parti/s 1, 6, 4;
    %and;
    %load/vec4 v000001e0b37ea350_0;
    %parti/s 1, 5, 4;
    %and;
    %load/vec4 v000001e0b37ea350_0;
    %parti/s 1, 4, 4;
    %and;
    %load/vec4 v000001e0b37ea2b0_0;
    %parti/s 1, 3, 3;
    %and;
    %or;
    %load/vec4 v000001e0b37ea350_0;
    %parti/s 1, 7, 4;
    %load/vec4 v000001e0b37ea350_0;
    %parti/s 1, 6, 4;
    %and;
    %load/vec4 v000001e0b37ea350_0;
    %parti/s 1, 5, 4;
    %and;
    %load/vec4 v000001e0b37ea350_0;
    %parti/s 1, 4, 4;
    %and;
    %load/vec4 v000001e0b37ea350_0;
    %parti/s 1, 3, 3;
    %and;
    %load/vec4 v000001e0b37ea2b0_0;
    %parti/s 1, 2, 3;
    %and;
    %or;
    %load/vec4 v000001e0b37ea350_0;
    %parti/s 1, 7, 4;
    %load/vec4 v000001e0b37ea350_0;
    %parti/s 1, 6, 4;
    %and;
    %load/vec4 v000001e0b37ea350_0;
    %parti/s 1, 5, 4;
    %and;
    %load/vec4 v000001e0b37ea350_0;
    %parti/s 1, 4, 4;
    %and;
    %load/vec4 v000001e0b37ea350_0;
    %parti/s 1, 3, 3;
    %and;
    %load/vec4 v000001e0b37ea350_0;
    %parti/s 1, 2, 3;
    %and;
    %load/vec4 v000001e0b37ea2b0_0;
    %parti/s 1, 1, 2;
    %and;
    %or;
    %load/vec4 v000001e0b37ea350_0;
    %parti/s 1, 7, 4;
    %load/vec4 v000001e0b37ea350_0;
    %parti/s 1, 6, 4;
    %and;
    %load/vec4 v000001e0b37ea350_0;
    %parti/s 1, 5, 4;
    %and;
    %load/vec4 v000001e0b37ea350_0;
    %parti/s 1, 4, 4;
    %and;
    %load/vec4 v000001e0b37ea350_0;
    %parti/s 1, 3, 3;
    %and;
    %load/vec4 v000001e0b37ea350_0;
    %parti/s 1, 2, 3;
    %and;
    %load/vec4 v000001e0b37ea350_0;
    %parti/s 1, 1, 2;
    %and;
    %load/vec4 v000001e0b37ea2b0_0;
    %parti/s 1, 0, 2;
    %and;
    %or;
    %load/vec4 v000001e0b37ea350_0;
    %parti/s 1, 7, 4;
    %load/vec4 v000001e0b37ea350_0;
    %parti/s 1, 6, 4;
    %and;
    %load/vec4 v000001e0b37ea350_0;
    %parti/s 1, 5, 4;
    %and;
    %load/vec4 v000001e0b37ea350_0;
    %parti/s 1, 4, 4;
    %and;
    %load/vec4 v000001e0b37ea350_0;
    %parti/s 1, 3, 3;
    %and;
    %load/vec4 v000001e0b37ea350_0;
    %parti/s 1, 2, 3;
    %and;
    %load/vec4 v000001e0b37ea350_0;
    %parti/s 1, 1, 2;
    %and;
    %load/vec4 v000001e0b37ea350_0;
    %parti/s 1, 0, 2;
    %and;
    %load/vec4 v000001e0b37ea5d0_0;
    %parti/s 1, 0, 2;
    %and;
    %or;
    %ix/load 4, 8, 0;
    %flag_set/imm 4, 0;
    %store/vec4 v000001e0b37ea5d0_0, 4, 1;
    %jmp T_4;
    .thread T_4, $push;
    .scope S_000001e0b3783470;
T_5 ;
    %wait E_000001e0b37f2070;
    %load/vec4 v000001e0b37eb110_0;
    %ix/load 4, 0, 0;
    %flag_set/imm 4, 0;
    %store/vec4 v000001e0b37ea5d0_0, 4, 1;
    %jmp T_5;
    .thread T_5, $push;
    .scope S_000001e0b3783470;
T_6 ;
    %wait E_000001e0b37f23b0;
    %pushi/vec4 0, 0, 32;
    %store/vec4 v000001e0b37e98b0_0, 0, 32;
T_6.0 ;
    %load/vec4 v000001e0b37e98b0_0;
    %cmpi/s 8, 0, 32;
    %jmp/0xz T_6.1, 5;
    %load/vec4 v000001e0b37eafd0_0;
    %load/vec4 v000001e0b37e98b0_0;
    %part/s 1;
    %load/vec4 v000001e0b37e9810_0;
    %load/vec4 v000001e0b37e98b0_0;
    %part/s 1;
    %and;
    %ix/getv/s 4, v000001e0b37e98b0_0;
    %store/vec4 v000001e0b37ea2b0_0, 4, 1;
    %load/vec4 v000001e0b37eafd0_0;
    %load/vec4 v000001e0b37e98b0_0;
    %part/s 1;
    %load/vec4 v000001e0b37e9810_0;
    %load/vec4 v000001e0b37e98b0_0;
    %part/s 1;
    %xor;
    %ix/getv/s 4, v000001e0b37e98b0_0;
    %store/vec4 v000001e0b37ea350_0, 4, 1;
    %load/vec4 v000001e0b37e98b0_0;
    %addi 1, 0, 32;
    %store/vec4 v000001e0b37e98b0_0, 0, 32;
    %jmp T_6.0;
T_6.1 ;
    %jmp T_6;
    .thread T_6, $push;
    .scope S_000001e0b3783470;
T_7 ;
    %wait E_000001e0b37f2a70;
    %pushi/vec4 0, 0, 32;
    %store/vec4 v000001e0b37e98b0_0, 0, 32;
T_7.0 ;
    %load/vec4 v000001e0b37e98b0_0;
    %cmpi/s 8, 0, 32;
    %jmp/0xz T_7.1, 5;
    %load/vec4 v000001e0b37ea350_0;
    %load/vec4 v000001e0b37e98b0_0;
    %part/s 1;
    %load/vec4 v000001e0b37ea5d0_0;
    %load/vec4 v000001e0b37e98b0_0;
    %part/s 1;
    %xor;
    %ix/getv/s 4, v000001e0b37e98b0_0;
    %store/vec4 v000001e0b37ea3f0_0, 4, 1;
    %load/vec4 v000001e0b37e98b0_0;
    %addi 1, 0, 32;
    %store/vec4 v000001e0b37e98b0_0, 0, 32;
    %jmp T_7.0;
T_7.1 ;
    %jmp T_7;
    .thread T_7, $push;
    .scope S_000001e0b3783600;
T_8 ;
    %wait E_000001e0b37f2cf0;
    %load/vec4 v000001e0b37e9a90_0;
    %parti/s 1, 0, 2;
    %load/vec4 v000001e0b37eaa30_0;
    %parti/s 1, 0, 2;
    %load/vec4 v000001e0b37e9ef0_0;
    %parti/s 1, 0, 2;
    %and;
    %or;
    %ix/load 4, 1, 0;
    %flag_set/imm 4, 0;
    %store/vec4 v000001e0b37e9ef0_0, 4, 1;
    %load/vec4 v000001e0b37e9a90_0;
    %parti/s 1, 1, 2;
    %load/vec4 v000001e0b37eaa30_0;
    %parti/s 1, 1, 2;
    %load/vec4 v000001e0b37e9a90_0;
    %parti/s 1, 0, 2;
    %and;
    %or;
    %load/vec4 v000001e0b37eaa30_0;
    %parti/s 1, 1, 2;
    %load/vec4 v000001e0b37eaa30_0;
    %parti/s 1, 0, 2;
    %and;
    %load/vec4 v000001e0b37e9ef0_0;
    %parti/s 1, 0, 2;
    %and;
    %or;
    %ix/load 4, 2, 0;
    %flag_set/imm 4, 0;
    %store/vec4 v000001e0b37e9ef0_0, 4, 1;
    %load/vec4 v000001e0b37e9a90_0;
    %parti/s 1, 2, 3;
    %load/vec4 v000001e0b37eaa30_0;
    %parti/s 1, 2, 3;
    %load/vec4 v000001e0b37e9a90_0;
    %parti/s 1, 1, 2;
    %and;
    %or;
    %load/vec4 v000001e0b37eaa30_0;
    %parti/s 1, 2, 3;
    %load/vec4 v000001e0b37eaa30_0;
    %parti/s 1, 1, 2;
    %and;
    %load/vec4 v000001e0b37e9a90_0;
    %parti/s 1, 0, 2;
    %and;
    %or;
    %load/vec4 v000001e0b37eaa30_0;
    %parti/s 1, 2, 3;
    %load/vec4 v000001e0b37eaa30_0;
    %parti/s 1, 1, 2;
    %and;
    %load/vec4 v000001e0b37eaa30_0;
    %parti/s 1, 0, 2;
    %and;
    %load/vec4 v000001e0b37e9ef0_0;
    %parti/s 1, 0, 2;
    %and;
    %or;
    %ix/load 4, 3, 0;
    %flag_set/imm 4, 0;
    %store/vec4 v000001e0b37e9ef0_0, 4, 1;
    %load/vec4 v000001e0b37e9a90_0;
    %parti/s 1, 3, 3;
    %load/vec4 v000001e0b37eaa30_0;
    %parti/s 1, 3, 3;
    %load/vec4 v000001e0b37e9a90_0;
    %parti/s 1, 2, 3;
    %and;
    %or;
    %load/vec4 v000001e0b37eaa30_0;
    %parti/s 1, 3, 3;
    %load/vec4 v000001e0b37eaa30_0;
    %parti/s 1, 2, 3;
    %and;
    %load/vec4 v000001e0b37e9a90_0;
    %parti/s 1, 1, 2;
    %and;
    %or;
    %load/vec4 v000001e0b37eaa30_0;
    %parti/s 1, 3, 3;
    %load/vec4 v000001e0b37eaa30_0;
    %parti/s 1, 2, 3;
    %and;
    %load/vec4 v000001e0b37eaa30_0;
    %parti/s 1, 1, 2;
    %and;
    %load/vec4 v000001e0b37e9a90_0;
    %parti/s 1, 0, 2;
    %and;
    %or;
    %load/vec4 v000001e0b37eaa30_0;
    %parti/s 1, 3, 3;
    %load/vec4 v000001e0b37eaa30_0;
    %parti/s 1, 2, 3;
    %and;
    %load/vec4 v000001e0b37eaa30_0;
    %parti/s 1, 1, 2;
    %and;
    %load/vec4 v000001e0b37eaa30_0;
    %parti/s 1, 0, 2;
    %and;
    %load/vec4 v000001e0b37e9ef0_0;
    %parti/s 1, 0, 2;
    %and;
    %or;
    %ix/load 4, 4, 0;
    %flag_set/imm 4, 0;
    %store/vec4 v000001e0b37e9ef0_0, 4, 1;
    %load/vec4 v000001e0b37e9a90_0;
    %parti/s 1, 4, 4;
    %load/vec4 v000001e0b37eaa30_0;
    %parti/s 1, 4, 4;
    %load/vec4 v000001e0b37e9a90_0;
    %parti/s 1, 3, 3;
    %and;
    %or;
    %load/vec4 v000001e0b37eaa30_0;
    %parti/s 1, 4, 4;
    %load/vec4 v000001e0b37eaa30_0;
    %parti/s 1, 3, 3;
    %and;
    %load/vec4 v000001e0b37e9a90_0;
    %parti/s 1, 2, 3;
    %and;
    %or;
    %load/vec4 v000001e0b37eaa30_0;
    %parti/s 1, 4, 4;
    %load/vec4 v000001e0b37eaa30_0;
    %parti/s 1, 3, 3;
    %and;
    %load/vec4 v000001e0b37eaa30_0;
    %parti/s 1, 2, 3;
    %and;
    %load/vec4 v000001e0b37e9a90_0;
    %parti/s 1, 1, 2;
    %and;
    %or;
    %load/vec4 v000001e0b37eaa30_0;
    %parti/s 1, 4, 4;
    %load/vec4 v000001e0b37eaa30_0;
    %parti/s 1, 3, 3;
    %and;
    %load/vec4 v000001e0b37eaa30_0;
    %parti/s 1, 2, 3;
    %and;
    %load/vec4 v000001e0b37eaa30_0;
    %parti/s 1, 1, 2;
    %and;
    %load/vec4 v000001e0b37e9a90_0;
    %parti/s 1, 0, 2;
    %and;
    %or;
    %load/vec4 v000001e0b37eaa30_0;
    %parti/s 1, 4, 4;
    %load/vec4 v000001e0b37eaa30_0;
    %parti/s 1, 3, 3;
    %and;
    %load/vec4 v000001e0b37eaa30_0;
    %parti/s 1, 2, 3;
    %and;
    %load/vec4 v000001e0b37eaa30_0;
    %parti/s 1, 1, 2;
    %and;
    %load/vec4 v000001e0b37eaa30_0;
    %parti/s 1, 0, 2;
    %and;
    %load/vec4 v000001e0b37e9ef0_0;
    %parti/s 1, 0, 2;
    %and;
    %or;
    %ix/load 4, 5, 0;
    %flag_set/imm 4, 0;
    %store/vec4 v000001e0b37e9ef0_0, 4, 1;
    %load/vec4 v000001e0b37e9a90_0;
    %parti/s 1, 5, 4;
    %load/vec4 v000001e0b37eaa30_0;
    %parti/s 1, 5, 4;
    %load/vec4 v000001e0b37e9a90_0;
    %parti/s 1, 4, 4;
    %and;
    %or;
    %load/vec4 v000001e0b37eaa30_0;
    %parti/s 1, 5, 4;
    %load/vec4 v000001e0b37eaa30_0;
    %parti/s 1, 4, 4;
    %and;
    %load/vec4 v000001e0b37e9a90_0;
    %parti/s 1, 3, 3;
    %and;
    %or;
    %load/vec4 v000001e0b37eaa30_0;
    %parti/s 1, 5, 4;
    %load/vec4 v000001e0b37eaa30_0;
    %parti/s 1, 4, 4;
    %and;
    %load/vec4 v000001e0b37eaa30_0;
    %parti/s 1, 3, 3;
    %and;
    %load/vec4 v000001e0b37e9a90_0;
    %parti/s 1, 2, 3;
    %and;
    %or;
    %load/vec4 v000001e0b37eaa30_0;
    %parti/s 1, 5, 4;
    %load/vec4 v000001e0b37eaa30_0;
    %parti/s 1, 4, 4;
    %and;
    %load/vec4 v000001e0b37eaa30_0;
    %parti/s 1, 3, 3;
    %and;
    %load/vec4 v000001e0b37eaa30_0;
    %parti/s 1, 2, 3;
    %and;
    %load/vec4 v000001e0b37e9a90_0;
    %parti/s 1, 1, 2;
    %and;
    %or;
    %load/vec4 v000001e0b37eaa30_0;
    %parti/s 1, 5, 4;
    %load/vec4 v000001e0b37eaa30_0;
    %parti/s 1, 4, 4;
    %and;
    %load/vec4 v000001e0b37eaa30_0;
    %parti/s 1, 3, 3;
    %and;
    %load/vec4 v000001e0b37eaa30_0;
    %parti/s 1, 2, 3;
    %and;
    %load/vec4 v000001e0b37eaa30_0;
    %parti/s 1, 1, 2;
    %and;
    %load/vec4 v000001e0b37e9a90_0;
    %parti/s 1, 0, 2;
    %and;
    %or;
    %load/vec4 v000001e0b37eaa30_0;
    %parti/s 1, 5, 4;
    %load/vec4 v000001e0b37eaa30_0;
    %parti/s 1, 4, 4;
    %and;
    %load/vec4 v000001e0b37eaa30_0;
    %parti/s 1, 3, 3;
    %and;
    %load/vec4 v000001e0b37eaa30_0;
    %parti/s 1, 2, 3;
    %and;
    %load/vec4 v000001e0b37eaa30_0;
    %parti/s 1, 1, 2;
    %and;
    %load/vec4 v000001e0b37eaa30_0;
    %parti/s 1, 0, 2;
    %and;
    %load/vec4 v000001e0b37e9ef0_0;
    %parti/s 1, 0, 2;
    %and;
    %or;
    %ix/load 4, 6, 0;
    %flag_set/imm 4, 0;
    %store/vec4 v000001e0b37e9ef0_0, 4, 1;
    %load/vec4 v000001e0b37e9a90_0;
    %parti/s 1, 6, 4;
    %load/vec4 v000001e0b37eaa30_0;
    %parti/s 1, 6, 4;
    %load/vec4 v000001e0b37e9a90_0;
    %parti/s 1, 5, 4;
    %and;
    %or;
    %load/vec4 v000001e0b37eaa30_0;
    %parti/s 1, 6, 4;
    %load/vec4 v000001e0b37eaa30_0;
    %parti/s 1, 5, 4;
    %and;
    %load/vec4 v000001e0b37e9a90_0;
    %parti/s 1, 4, 4;
    %and;
    %or;
    %load/vec4 v000001e0b37eaa30_0;
    %parti/s 1, 6, 4;
    %load/vec4 v000001e0b37eaa30_0;
    %parti/s 1, 5, 4;
    %and;
    %load/vec4 v000001e0b37eaa30_0;
    %parti/s 1, 4, 4;
    %and;
    %load/vec4 v000001e0b37e9a90_0;
    %parti/s 1, 3, 3;
    %and;
    %or;
    %load/vec4 v000001e0b37eaa30_0;
    %parti/s 1, 6, 4;
    %load/vec4 v000001e0b37eaa30_0;
    %parti/s 1, 5, 4;
    %and;
    %load/vec4 v000001e0b37eaa30_0;
    %parti/s 1, 4, 4;
    %and;
    %load/vec4 v000001e0b37eaa30_0;
    %parti/s 1, 3, 3;
    %and;
    %load/vec4 v000001e0b37e9a90_0;
    %parti/s 1, 2, 3;
    %and;
    %or;
    %load/vec4 v000001e0b37eaa30_0;
    %parti/s 1, 6, 4;
    %load/vec4 v000001e0b37eaa30_0;
    %parti/s 1, 5, 4;
    %and;
    %load/vec4 v000001e0b37eaa30_0;
    %parti/s 1, 4, 4;
    %and;
    %load/vec4 v000001e0b37eaa30_0;
    %parti/s 1, 3, 3;
    %and;
    %load/vec4 v000001e0b37eaa30_0;
    %parti/s 1, 2, 3;
    %and;
    %load/vec4 v000001e0b37e9a90_0;
    %parti/s 1, 1, 2;
    %and;
    %or;
    %load/vec4 v000001e0b37eaa30_0;
    %parti/s 1, 6, 4;
    %load/vec4 v000001e0b37eaa30_0;
    %parti/s 1, 5, 4;
    %and;
    %load/vec4 v000001e0b37eaa30_0;
    %parti/s 1, 4, 4;
    %and;
    %load/vec4 v000001e0b37eaa30_0;
    %parti/s 1, 3, 3;
    %and;
    %load/vec4 v000001e0b37eaa30_0;
    %parti/s 1, 2, 3;
    %and;
    %load/vec4 v000001e0b37eaa30_0;
    %parti/s 1, 1, 2;
    %and;
    %load/vec4 v000001e0b37e9a90_0;
    %parti/s 1, 0, 2;
    %and;
    %or;
    %load/vec4 v000001e0b37eaa30_0;
    %parti/s 1, 6, 4;
    %load/vec4 v000001e0b37eaa30_0;
    %parti/s 1, 5, 4;
    %and;
    %load/vec4 v000001e0b37eaa30_0;
    %parti/s 1, 4, 4;
    %and;
    %load/vec4 v000001e0b37eaa30_0;
    %parti/s 1, 3, 3;
    %and;
    %load/vec4 v000001e0b37eaa30_0;
    %parti/s 1, 2, 3;
    %and;
    %load/vec4 v000001e0b37eaa30_0;
    %parti/s 1, 1, 2;
    %and;
    %load/vec4 v000001e0b37eaa30_0;
    %parti/s 1, 0, 2;
    %and;
    %load/vec4 v000001e0b37e9ef0_0;
    %parti/s 1, 0, 2;
    %and;
    %or;
    %ix/load 4, 7, 0;
    %flag_set/imm 4, 0;
    %store/vec4 v000001e0b37e9ef0_0, 4, 1;
    %load/vec4 v000001e0b37e9a90_0;
    %parti/s 1, 7, 4;
    %load/vec4 v000001e0b37eaa30_0;
    %parti/s 1, 7, 4;
    %load/vec4 v000001e0b37e9a90_0;
    %parti/s 1, 6, 4;
    %and;
    %or;
    %load/vec4 v000001e0b37eaa30_0;
    %parti/s 1, 7, 4;
    %load/vec4 v000001e0b37eaa30_0;
    %parti/s 1, 6, 4;
    %and;
    %load/vec4 v000001e0b37e9a90_0;
    %parti/s 1, 5, 4;
    %and;
    %or;
    %load/vec4 v000001e0b37eaa30_0;
    %parti/s 1, 7, 4;
    %load/vec4 v000001e0b37eaa30_0;
    %parti/s 1, 6, 4;
    %and;
    %load/vec4 v000001e0b37eaa30_0;
    %parti/s 1, 5, 4;
    %and;
    %load/vec4 v000001e0b37e9a90_0;
    %parti/s 1, 4, 4;
    %and;
    %or;
    %load/vec4 v000001e0b37eaa30_0;
    %parti/s 1, 7, 4;
    %load/vec4 v000001e0b37eaa30_0;
    %parti/s 1, 6, 4;
    %and;
    %load/vec4 v000001e0b37eaa30_0;
    %parti/s 1, 5, 4;
    %and;
    %load/vec4 v000001e0b37eaa30_0;
    %parti/s 1, 4, 4;
    %and;
    %load/vec4 v000001e0b37e9a90_0;
    %parti/s 1, 3, 3;
    %and;
    %or;
    %load/vec4 v000001e0b37eaa30_0;
    %parti/s 1, 7, 4;
    %load/vec4 v000001e0b37eaa30_0;
    %parti/s 1, 6, 4;
    %and;
    %load/vec4 v000001e0b37eaa30_0;
    %parti/s 1, 5, 4;
    %and;
    %load/vec4 v000001e0b37eaa30_0;
    %parti/s 1, 4, 4;
    %and;
    %load/vec4 v000001e0b37eaa30_0;
    %parti/s 1, 3, 3;
    %and;
    %load/vec4 v000001e0b37e9a90_0;
    %parti/s 1, 2, 3;
    %and;
    %or;
    %load/vec4 v000001e0b37eaa30_0;
    %parti/s 1, 7, 4;
    %load/vec4 v000001e0b37eaa30_0;
    %parti/s 1, 6, 4;
    %and;
    %load/vec4 v000001e0b37eaa30_0;
    %parti/s 1, 5, 4;
    %and;
    %load/vec4 v000001e0b37eaa30_0;
    %parti/s 1, 4, 4;
    %and;
    %load/vec4 v000001e0b37eaa30_0;
    %parti/s 1, 3, 3;
    %and;
    %load/vec4 v000001e0b37eaa30_0;
    %parti/s 1, 2, 3;
    %and;
    %load/vec4 v000001e0b37e9a90_0;
    %parti/s 1, 1, 2;
    %and;
    %or;
    %load/vec4 v000001e0b37eaa30_0;
    %parti/s 1, 7, 4;
    %load/vec4 v000001e0b37eaa30_0;
    %parti/s 1, 6, 4;
    %and;
    %load/vec4 v000001e0b37eaa30_0;
    %parti/s 1, 5, 4;
    %and;
    %load/vec4 v000001e0b37eaa30_0;
    %parti/s 1, 4, 4;
    %and;
    %load/vec4 v000001e0b37eaa30_0;
    %parti/s 1, 3, 3;
    %and;
    %load/vec4 v000001e0b37eaa30_0;
    %parti/s 1, 2, 3;
    %and;
    %load/vec4 v000001e0b37eaa30_0;
    %parti/s 1, 1, 2;
    %and;
    %load/vec4 v000001e0b37e9a90_0;
    %parti/s 1, 0, 2;
    %and;
    %or;
    %load/vec4 v000001e0b37eaa30_0;
    %parti/s 1, 7, 4;
    %load/vec4 v000001e0b37eaa30_0;
    %parti/s 1, 6, 4;
    %and;
    %load/vec4 v000001e0b37eaa30_0;
    %parti/s 1, 5, 4;
    %and;
    %load/vec4 v000001e0b37eaa30_0;
    %parti/s 1, 4, 4;
    %and;
    %load/vec4 v000001e0b37eaa30_0;
    %parti/s 1, 3, 3;
    %and;
    %load/vec4 v000001e0b37eaa30_0;
    %parti/s 1, 2, 3;
    %and;
    %load/vec4 v000001e0b37eaa30_0;
    %parti/s 1, 1, 2;
    %and;
    %load/vec4 v000001e0b37eaa30_0;
    %parti/s 1, 0, 2;
    %and;
    %load/vec4 v000001e0b37e9ef0_0;
    %parti/s 1, 0, 2;
    %and;
    %or;
    %ix/load 4, 8, 0;
    %flag_set/imm 4, 0;
    %store/vec4 v000001e0b37e9ef0_0, 4, 1;
    %jmp T_8;
    .thread T_8, $push;
    .scope S_000001e0b3783600;
T_9 ;
    %wait E_000001e0b37f2330;
    %load/vec4 v000001e0b37e99f0_0;
    %ix/load 4, 0, 0;
    %flag_set/imm 4, 0;
    %store/vec4 v000001e0b37e9ef0_0, 4, 1;
    %jmp T_9;
    .thread T_9, $push;
    .scope S_000001e0b3783600;
T_10 ;
    %wait E_000001e0b37f23b0;
    %pushi/vec4 0, 0, 32;
    %store/vec4 v000001e0b37b0550_0, 0, 32;
T_10.0 ;
    %load/vec4 v000001e0b37b0550_0;
    %cmpi/s 8, 0, 32;
    %jmp/0xz T_10.1, 5;
    %load/vec4 v000001e0b37e9950_0;
    %load/vec4 v000001e0b37b0550_0;
    %part/s 1;
    %load/vec4 v000001e0b37ea670_0;
    %load/vec4 v000001e0b37b0550_0;
    %part/s 1;
    %and;
    %ix/getv/s 4, v000001e0b37b0550_0;
    %store/vec4 v000001e0b37e9a90_0, 4, 1;
    %load/vec4 v000001e0b37e9950_0;
    %load/vec4 v000001e0b37b0550_0;
    %part/s 1;
    %load/vec4 v000001e0b37ea670_0;
    %load/vec4 v000001e0b37b0550_0;
    %part/s 1;
    %xor;
    %ix/getv/s 4, v000001e0b37b0550_0;
    %store/vec4 v000001e0b37eaa30_0, 4, 1;
    %load/vec4 v000001e0b37b0550_0;
    %addi 1, 0, 32;
    %store/vec4 v000001e0b37b0550_0, 0, 32;
    %jmp T_10.0;
T_10.1 ;
    %jmp T_10;
    .thread T_10, $push;
    .scope S_000001e0b3783600;
T_11 ;
    %wait E_000001e0b37f22b0;
    %pushi/vec4 0, 0, 32;
    %store/vec4 v000001e0b37b0550_0, 0, 32;
T_11.0 ;
    %load/vec4 v000001e0b37b0550_0;
    %cmpi/s 8, 0, 32;
    %jmp/0xz T_11.1, 5;
    %load/vec4 v000001e0b37eaa30_0;
    %load/vec4 v000001e0b37b0550_0;
    %part/s 1;
    %load/vec4 v000001e0b37e9ef0_0;
    %load/vec4 v000001e0b37b0550_0;
    %part/s 1;
    %xor;
    %ix/getv/s 4, v000001e0b37b0550_0;
    %store/vec4 v000001e0b37e9bd0_0, 4, 1;
    %load/vec4 v000001e0b37b0550_0;
    %addi 1, 0, 32;
    %store/vec4 v000001e0b37b0550_0, 0, 32;
    %jmp T_11.0;
T_11.1 ;
    %jmp T_11;
    .thread T_11, $push;
    .scope S_000001e0b3781080;
T_12 ;
    %wait E_000001e0b37f26b0;
    %load/vec4 v000001e0b3bbd040_0;
    %nor/r;
    %flag_set/vec4 8;
    %jmp/0xz  T_12.0, 8;
    %pushi/vec4 0, 0, 1;
    %assign/vec4 v000001e0b3bbcbe0_0, 0;
    %pushi/vec4 0, 0, 17;
    %assign/vec4 v000001e0b3bbcdc0_0, 0;
    %pushi/vec4 0, 0, 17;
    %assign/vec4 v000001e0b3bbce60_0, 0;
    %pushi/vec4 0, 0, 1;
    %assign/vec4 v000001e0b3bbdb80_0, 0;
    %jmp T_12.1;
T_12.0 ;
    %load/vec4 v000001e0b3bbda40_0;
    %assign/vec4 v000001e0b3bbcbe0_0, 0;
    %load/vec4 v000001e0b3bbd7c0_0;
    %assign/vec4 v000001e0b3bbcdc0_0, 0;
    %load/vec4 v000001e0b3bbd540_0;
    %assign/vec4 v000001e0b3bbce60_0, 0;
    %load/vec4 v000001e0b3bbc5a0_0;
    %assign/vec4 v000001e0b3bbdb80_0, 0;
T_12.1 ;
    %jmp T_12;
    .thread T_12;
    .scope S_000001e0b3781080;
T_13 ;
    %wait E_000001e0b37f26b0;
    %load/vec4 v000001e0b3bbd040_0;
    %nor/r;
    %flag_set/vec4 8;
    %jmp/0xz  T_13.0, 8;
    %pushi/vec4 0, 0, 1;
    %assign/vec4 v000001e0b3bbd9a0_0, 0;
    %pushi/vec4 0, 0, 32;
    %store/vec4 v000001e0b3bbcb40_0, 0, 32;
T_13.2 ;
    %load/vec4 v000001e0b3bbcb40_0;
    %cmpi/s 3, 0, 32;
    %jmp/0xz T_13.3, 5;
    %pushi/vec4 0, 0, 9;
    %ix/getv/s 3, v000001e0b3bbcb40_0;
    %ix/load 4, 0, 0; Constant delay
    %assign/vec4/a/d v000001e0b3bbdae0, 0, 4;
    %load/vec4 v000001e0b3bbcb40_0;
    %addi 1, 0, 32;
    %store/vec4 v000001e0b3bbcb40_0, 0, 32;
    %jmp T_13.2;
T_13.3 ;
    %pushi/vec4 0, 0, 32;
    %store/vec4 v000001e0b3bbcb40_0, 0, 32;
T_13.4 ;
    %load/vec4 v000001e0b3bbcb40_0;
    %cmpi/s 2, 0, 32;
    %jmp/0xz T_13.5, 5;
    %pushi/vec4 0, 0, 2;
    %ix/getv/s 3, v000001e0b3bbcb40_0;
    %ix/load 4, 0, 0; Constant delay
    %assign/vec4/a/d v000001e0b3bbf4b0, 0, 4;
    %load/vec4 v000001e0b3bbcb40_0;
    %addi 1, 0, 32;
    %store/vec4 v000001e0b3bbcb40_0, 0, 32;
    %jmp T_13.4;
T_13.5 ;
    %jmp T_13.1;
T_13.0 ;
    %load/vec4 v000001e0b3bbdb80_0;
    %assign/vec4 v000001e0b3bbd9a0_0, 0;
    %pushi/vec4 0, 0, 32;
    %store/vec4 v000001e0b3bbcb40_0, 0, 32;
T_13.6 ;
    %load/vec4 v000001e0b3bbcb40_0;
    %cmpi/s 3, 0, 32;
    %jmp/0xz T_13.7, 5;
    %ix/getv/s 4, v000001e0b3bbcb40_0;
    %load/vec4a v000001e0b3bbd180, 4;
    %ix/getv/s 3, v000001e0b3bbcb40_0;
    %ix/load 4, 0, 0; Constant delay
    %assign/vec4/a/d v000001e0b3bbdae0, 0, 4;
    %load/vec4 v000001e0b3bbcb40_0;
    %addi 1, 0, 32;
    %store/vec4 v000001e0b3bbcb40_0, 0, 32;
    %jmp T_13.6;
T_13.7 ;
    %pushi/vec4 0, 0, 32;
    %store/vec4 v000001e0b3bbcb40_0, 0, 32;
T_13.8 ;
    %load/vec4 v000001e0b3bbcb40_0;
    %cmpi/s 2, 0, 32;
    %jmp/0xz T_13.9, 5;
    %ix/getv/s 4, v000001e0b3bbcb40_0;
    %load/vec4a v000001e0b3bbcc80, 4;
    %ix/getv/s 3, v000001e0b3bbcb40_0;
    %ix/load 4, 0, 0; Constant delay
    %assign/vec4/a/d v000001e0b3bbf4b0, 0, 4;
    %load/vec4 v000001e0b3bbcb40_0;
    %addi 1, 0, 32;
    %store/vec4 v000001e0b3bbcb40_0, 0, 32;
    %jmp T_13.8;
T_13.9 ;
T_13.1 ;
    %jmp T_13;
    .thread T_13;
    .scope S_000001e0b3780ef0;
T_14 ;
    %pushi/vec4 0, 0, 32;
    %store/vec4 v000001e0b3bbeb50_0, 0, 32;
    %pushi/vec4 100000, 0, 32;
    %store/vec4 v000001e0b3bbfb90_0, 0, 32;
    %pushi/vec4 0, 0, 32;
    %store/vec4 v000001e0b3bbe650_0, 0, 32;
    %pushi/vec4 0, 0, 32;
    %store/vec4 v000001e0b3bbebf0_0, 0, 32;
    %end;
    .thread T_14;
    .scope S_000001e0b3780ef0;
T_15 ;
    %pushi/vec4 0, 0, 1;
    %store/vec4 v000001e0b3bbe8d0_0, 0, 1;
T_15.0 ;
    %delay 5000, 0;
    %load/vec4 v000001e0b3bbe8d0_0;
    %inv;
    %store/vec4 v000001e0b3bbe8d0_0, 0, 1;
    %jmp T_15.0;
    %end;
    .thread T_15;
    .scope S_000001e0b3780ef0;
T_16 ;
    %pushi/vec4 0, 0, 1;
    %store/vec4 v000001e0b3bbfff0_0, 0, 1;
    %pushi/vec4 2, 0, 32;
T_16.0 %dup/vec4;
    %pushi/vec4 0, 0, 32;
    %cmp/s;
    %jmp/1xz T_16.1, 5;
    %jmp/1 T_16.1, 4;
    %pushi/vec4 1, 0, 32;
    %sub;
    %wait E_000001e0b37f22f0;
    %jmp T_16.0;
T_16.1 ;
    %pop/vec4 1;
    %pushi/vec4 1, 0, 1;
    %store/vec4 v000001e0b3bbfff0_0, 0, 1;
    %end;
    .thread T_16;
    .scope S_000001e0b3780ef0;
T_17 ;
    %vpi_func 2 56 "$fopen" 32, "../py/golden.dat", "r" {0 0 0};
    %store/vec4 v000001e0b3bbf730_0, 0, 32;
    %load/vec4 v000001e0b3bbf730_0;
    %nor/r;
    %flag_set/vec4 8;
    %jmp/0xz  T_17.0, 8;
    %vpi_call 2 58 "$display", "\342\235\214 Error: Cannot open golden_bin.dat" {0 0 0};
    %vpi_call 2 59 "$finish" {0 0 0};
T_17.0 ;
T_17.2 ;
    %vpi_func 2 62 "$feof" 32, v000001e0b3bbf730_0 {0 0 0};
    %nor/r;
    %flag_set/vec4 8;
    %jmp/0xz T_17.3, 8;
    %vpi_func 2 64 "$fscanf" 32, v000001e0b3bbf730_0, "%b %b %b\012", v000001e0b3bbef10_0, v000001e0b3bbf370_0, v000001e0b3bbeab0_0 {0 0 0};
    %store/vec4 v000001e0b3bbfe10_0, 0, 32;
    %load/vec4 v000001e0b3bbfe10_0;
    %cmpi/e 3, 0, 32;
    %jmp/0xz  T_17.4, 4;
    %load/vec4 v000001e0b3bbef10_0;
    %ix/getv/s 4, v000001e0b3bbeb50_0;
    %store/vec4a v000001e0b3bbfeb0, 4, 0;
    %load/vec4 v000001e0b3bbf370_0;
    %ix/getv/s 4, v000001e0b3bbeb50_0;
    %store/vec4a v000001e0b3bbe1f0, 4, 0;
    %load/vec4 v000001e0b3bbeab0_0;
    %pad/u 18;
    %ix/getv/s 4, v000001e0b3bbeb50_0;
    %store/vec4a v000001e0b3bbf9b0, 4, 0;
    %load/vec4 v000001e0b3bbeb50_0;
    %addi 1, 0, 32;
    %store/vec4 v000001e0b3bbeb50_0, 0, 32;
    %jmp T_17.5;
T_17.4 ;
    %vpi_call 2 72 "$display", "\342\232\240\357\270\217  Warning: illegal line at #%0d", v000001e0b3bbeb50_0 {0 0 0};
T_17.5 ;
    %jmp T_17.2;
T_17.3 ;
    %vpi_call 2 75 "$fclose", v000001e0b3bbf730_0 {0 0 0};
    %vpi_call 2 76 "$display", "\342\234\205 Loaded %0d test patterns from golden_bin.dat", v000001e0b3bbeb50_0 {0 0 0};
    %end;
    .thread T_17;
    .scope S_000001e0b3780ef0;
T_18 ;
    %pushi/vec4 0, 0, 1;
    %store/vec4 v000001e0b3bbe3d0_0, 0, 1;
    %pushi/vec4 0, 0, 1;
    %store/vec4 v000001e0b3bbfaf0_0, 0, 1;
    %pushi/vec4 0, 0, 17;
    %store/vec4 v000001e0b3bbfcd0_0, 0, 17;
    %pushi/vec4 0, 0, 17;
    %store/vec4 v000001e0b3bbedd0_0, 0, 17;
T_18.0 ;
    %load/vec4 v000001e0b3bbfff0_0;
    %pad/u 32;
    %pushi/vec4 1, 0, 32;
    %cmp/e;
    %flag_get/vec4 4;
    %cmpi/ne 1, 0, 1;
    %jmp/0xz T_18.1, 6;
    %wait E_000001e0b37f25f0;
    %jmp T_18.0;
T_18.1 ;
    %wait E_000001e0b37f27b0;
    %pushi/vec4 0, 0, 32;
    %store/vec4 v000001e0b3bbf230_0, 0, 32;
T_18.2 ;
    %load/vec4 v000001e0b3bbf230_0;
    %load/vec4 v000001e0b3bbeb50_0;
    %cmp/s;
    %jmp/0xz T_18.3, 5;
    %pushi/vec4 1, 0, 1;
    %assign/vec4 v000001e0b3bbfaf0_0, 0;
    %ix/getv/s 4, v000001e0b3bbf230_0;
    %load/vec4a v000001e0b3bbfeb0, 4;
    %assign/vec4 v000001e0b3bbfcd0_0, 0;
    %ix/getv/s 4, v000001e0b3bbf230_0;
    %load/vec4a v000001e0b3bbe1f0, 4;
    %assign/vec4 v000001e0b3bbedd0_0, 0;
    %wait E_000001e0b37f27b0;
    %load/vec4 v000001e0b3bbf230_0;
    %addi 1, 0, 32;
    %store/vec4 v000001e0b3bbf230_0, 0, 32;
    %jmp T_18.2;
T_18.3 ;
    %pushi/vec4 0, 0, 1;
    %assign/vec4 v000001e0b3bbfaf0_0, 0;
    %pushi/vec4 0, 0, 17;
    %assign/vec4 v000001e0b3bbfcd0_0, 0;
    %pushi/vec4 0, 0, 17;
    %assign/vec4 v000001e0b3bbedd0_0, 0;
    %end;
    .thread T_18;
    .scope S_000001e0b3780ef0;
T_19 ;
T_19.0 ;
    %load/vec4 v000001e0b3bbfb90_0;
    %cmpi/s 0, 0, 32;
    %flag_or 5, 4; GT is !LE
    %flag_inv 5;
    %jmp/0xz T_19.1, 5;
    %wait E_000001e0b37f22f0;
    %load/vec4 v000001e0b3bbfb90_0;
    %subi 1, 0, 32;
    %store/vec4 v000001e0b3bbfb90_0, 0, 32;
    %jmp T_19.0;
T_19.1 ;
    %vpi_call 2 108 "$display", $time, " Simulation Hang ...." {0 0 0};
    %vpi_call 2 109 "$finish" {0 0 0};
    %end;
    .thread T_19;
    .scope S_000001e0b3780ef0;
T_20 ;
T_20.0 ;
    %load/vec4 v000001e0b3bbfff0_0;
    %pad/u 32;
    %pushi/vec4 1, 0, 32;
    %cmp/e;
    %flag_get/vec4 4;
    %cmpi/ne 1, 0, 1;
    %jmp/0xz T_20.1, 6;
    %wait E_000001e0b37f25f0;
    %jmp T_20.0;
T_20.1 ;
    %wait E_000001e0b37f22f0;
T_20.2 ;
    %load/vec4 v000001e0b3bbe650_0;
    %load/vec4 v000001e0b3bbeb50_0;
    %cmp/s;
    %jmp/0xz T_20.3, 5;
    %wait E_000001e0b37f22f0;
    %load/vec4 v000001e0b3bbe150_0;
    %flag_set/vec4 8;
    %jmp/0xz  T_20.4, 8;
    %load/vec4 v000001e0b3bbfd70_0;
    %pushi/vec4 131071, 0, 18;
    %and;
    %ix/getv/s 4, v000001e0b3bbe650_0;
    %load/vec4a v000001e0b3bbf9b0, 4;
    %pushi/vec4 131071, 0, 18;
    %and;
    %cmp/ne;
    %jmp/0xz  T_20.6, 6;
    %load/vec4 v000001e0b3bbe650_0;
    %addi 1, 0, 32;
    %vpi_call 2 125 "$display", "\342\235\214 [Mismatch] Pattern %0d:", S<0,vec4,s32> {1 0 0};
    %vpi_call 2 126 "$display", "result   = %h", v000001e0b3bbfd70_0 {0 0 0};
    %vpi_call 2 127 "$display", "expected = %h", &A<v000001e0b3bbf9b0, v000001e0b3bbe650_0 > {0 0 0};
    %load/vec4 v000001e0b3bbebf0_0;
    %addi 1, 0, 32;
    %store/vec4 v000001e0b3bbebf0_0, 0, 32;
    %jmp T_20.7;
T_20.6 ;
    %load/vec4 v000001e0b3bbfd70_0;
    %parti/s 17, 0, 2;
    %pad/s 32;
    %store/vec4 v000001e0b3bbf5f0_0, 0, 32;
    %load/vec4 v000001e0b3bbe650_0;
    %addi 1, 0, 32;
    %vpi_call 2 132 "$display", "\342\234\205 [Match] Pattern %0d: result = %h)(%0d)", S<0,vec4,s32>, v000001e0b3bbfd70_0, v000001e0b3bbf5f0_0 {1 0 0};
T_20.7 ;
    %load/vec4 v000001e0b3bbe650_0;
    %addi 1, 0, 32;
    %store/vec4 v000001e0b3bbe650_0, 0, 32;
T_20.4 ;
    %jmp T_20.2;
T_20.3 ;
    %vpi_call 2 138 "$display", "\360\237\216\257 Test completed: %0d errors out of %0d patterns", v000001e0b3bbebf0_0, v000001e0b3bbeb50_0 {0 0 0};
    %load/vec4 v000001e0b3bbebf0_0;
    %cmpi/e 0, 0, 32;
    %jmp/0xz  T_20.8, 4;
    %vpi_call 2 140 "$display", "\360\237\216\211 ALL PASS!" {0 0 0};
    %jmp T_20.9;
T_20.8 ;
    %vpi_call 2 142 "$display", "\342\232\240\357\270\217  Some mismatches found. Please check your design." {0 0 0};
T_20.9 ;
    %pushi/vec4 10, 0, 32;
T_20.10 %dup/vec4;
    %pushi/vec4 0, 0, 32;
    %cmp/s;
    %jmp/1xz T_20.11, 5;
    %jmp/1 T_20.11, 4;
    %pushi/vec4 1, 0, 32;
    %sub;
    %wait E_000001e0b37f22f0;
    %jmp T_20.10;
T_20.11 ;
    %pop/vec4 1;
    %vpi_call 2 144 "$finish" {0 0 0};
    %end;
    .thread T_20;
    .scope S_000001e0b3780ef0;
T_21 ;
    %vpi_call 2 149 "$dumpfile", "CLA17.vcd" {0 0 0};
    %vpi_call 2 150 "$dumpvars", 32'sb00000000000000000000000000000000, S_000001e0b3780ef0 {0 0 0};
    %end;
    .thread T_21;
# The file index is used to find the file name in the following table.
:file_names 5;
    "N/A";
    "<interactive>";
    "CLA17_tb.v";
    "./CLA17.v";
    "./CLA8.v";
