#! /c/Source/iverilog-install/bin/vvp
:ivl_version "12.0 (devel)" "(s20150603-1110-g18392a46)";
:ivl_delay_selection "TYPICAL";
:vpi_time_precision + 0;
:vpi_module "C:\iverilog\lib\ivl\system.vpi";
:vpi_module "C:\iverilog\lib\ivl\vhdl_sys.vpi";
:vpi_module "C:\iverilog\lib\ivl\vhdl_textio.vpi";
:vpi_module "C:\iverilog\lib\ivl\v2005_math.vpi";
:vpi_module "C:\iverilog\lib\ivl\va_math.vpi";
S_000002408de22770 .scope module, "CLA_8" "CLA_8" 2 1;
 .timescale 0 0;
    .port_info 0 /INPUT 1 "Cin";
    .port_info 1 /INPUT 8 "A";
    .port_info 2 /INPUT 8 "B";
    .port_info 3 /OUTPUT 9 "result";
o000002408de74bc8 .functor BUFZ 8, C4<zzzzzzzz>; HiZ drive
v000002408de22e20_0 .net "A", 7 0, o000002408de74bc8;  0 drivers
o000002408de74bf8 .functor BUFZ 8, C4<zzzzzzzz>; HiZ drive
v000002408de231b0_0 .net "B", 7 0, o000002408de74bf8;  0 drivers
v000002408de22900_0 .var "C", 8 0;
o000002408de74c58 .functor BUFZ 1, C4<z>; HiZ drive
v000002408de229a0_0 .net "Cin", 0 0, o000002408de74c58;  0 drivers
v000002408de22a40_0 .var "G", 7 0;
v000002408de22ae0_0 .var "P", 7 0;
v000002408de22b80_0 .var "S", 7 0;
v000002408decd0b0_0 .net *"_ivl_1", 0 0, L_000002408decd290;  1 drivers
v000002408decd150_0 .var/i "i", 31 0;
v000002408decd1f0_0 .net "result", 8 0, L_000002408decdec0;  1 drivers
E_000002408de6e8d0 .event anyedge, v000002408de22ae0_0, v000002408de22900_0;
E_000002408de6f450 .event anyedge, v000002408de22e20_0, v000002408de231b0_0;
E_000002408de6ea50 .event anyedge, v000002408de229a0_0;
E_000002408de6ea10 .event anyedge, v000002408de22a40_0, v000002408de22ae0_0, v000002408de22900_0;
L_000002408decd290 .part v000002408de22900_0, 8, 1;
L_000002408decdec0 .concat [ 8 1 0 0], v000002408de22b80_0, L_000002408decd290;
    .scope S_000002408de22770;
T_0 ;
    %wait E_000002408de6ea10;
    %load/vec4 v000002408de22a40_0;
    %parti/s 1, 0, 2;
    %load/vec4 v000002408de22ae0_0;
    %parti/s 1, 0, 2;
    %load/vec4 v000002408de22900_0;
    %parti/s 1, 0, 2;
    %and;
    %or;
    %ix/load 4, 1, 0;
    %flag_set/imm 4, 0;
    %store/vec4 v000002408de22900_0, 4, 1;
    %load/vec4 v000002408de22a40_0;
    %parti/s 1, 1, 2;
    %load/vec4 v000002408de22ae0_0;
    %parti/s 1, 1, 2;
    %load/vec4 v000002408de22a40_0;
    %parti/s 1, 0, 2;
    %and;
    %or;
    %load/vec4 v000002408de22ae0_0;
    %parti/s 1, 1, 2;
    %load/vec4 v000002408de22ae0_0;
    %parti/s 1, 0, 2;
    %and;
    %load/vec4 v000002408de22900_0;
    %parti/s 1, 0, 2;
    %and;
    %or;
    %ix/load 4, 2, 0;
    %flag_set/imm 4, 0;
    %store/vec4 v000002408de22900_0, 4, 1;
    %load/vec4 v000002408de22a40_0;
    %parti/s 1, 2, 3;
    %load/vec4 v000002408de22ae0_0;
    %parti/s 1, 2, 3;
    %load/vec4 v000002408de22a40_0;
    %parti/s 1, 1, 2;
    %and;
    %or;
    %load/vec4 v000002408de22ae0_0;
    %parti/s 1, 2, 3;
    %load/vec4 v000002408de22ae0_0;
    %parti/s 1, 1, 2;
    %and;
    %load/vec4 v000002408de22a40_0;
    %parti/s 1, 0, 2;
    %and;
    %or;
    %load/vec4 v000002408de22ae0_0;
    %parti/s 1, 2, 3;
    %load/vec4 v000002408de22ae0_0;
    %parti/s 1, 1, 2;
    %and;
    %load/vec4 v000002408de22ae0_0;
    %parti/s 1, 0, 2;
    %and;
    %load/vec4 v000002408de22900_0;
    %parti/s 1, 0, 2;
    %and;
    %or;
    %ix/load 4, 3, 0;
    %flag_set/imm 4, 0;
    %store/vec4 v000002408de22900_0, 4, 1;
    %load/vec4 v000002408de22a40_0;
    %parti/s 1, 3, 3;
    %load/vec4 v000002408de22ae0_0;
    %parti/s 1, 3, 3;
    %load/vec4 v000002408de22a40_0;
    %parti/s 1, 2, 3;
    %and;
    %or;
    %load/vec4 v000002408de22ae0_0;
    %parti/s 1, 3, 3;
    %load/vec4 v000002408de22ae0_0;
    %parti/s 1, 2, 3;
    %and;
    %load/vec4 v000002408de22a40_0;
    %parti/s 1, 1, 2;
    %and;
    %or;
    %load/vec4 v000002408de22ae0_0;
    %parti/s 1, 3, 3;
    %load/vec4 v000002408de22ae0_0;
    %parti/s 1, 2, 3;
    %and;
    %load/vec4 v000002408de22ae0_0;
    %parti/s 1, 1, 2;
    %and;
    %load/vec4 v000002408de22a40_0;
    %parti/s 1, 0, 2;
    %and;
    %or;
    %load/vec4 v000002408de22ae0_0;
    %parti/s 1, 3, 3;
    %load/vec4 v000002408de22ae0_0;
    %parti/s 1, 2, 3;
    %and;
    %load/vec4 v000002408de22ae0_0;
    %parti/s 1, 1, 2;
    %and;
    %load/vec4 v000002408de22ae0_0;
    %parti/s 1, 0, 2;
    %and;
    %load/vec4 v000002408de22900_0;
    %parti/s 1, 0, 2;
    %and;
    %or;
    %ix/load 4, 4, 0;
    %flag_set/imm 4, 0;
    %store/vec4 v000002408de22900_0, 4, 1;
    %load/vec4 v000002408de22a40_0;
    %parti/s 1, 4, 4;
    %load/vec4 v000002408de22ae0_0;
    %parti/s 1, 4, 4;
    %load/vec4 v000002408de22a40_0;
    %parti/s 1, 3, 3;
    %and;
    %or;
    %load/vec4 v000002408de22ae0_0;
    %parti/s 1, 4, 4;
    %load/vec4 v000002408de22ae0_0;
    %parti/s 1, 3, 3;
    %and;
    %load/vec4 v000002408de22a40_0;
    %parti/s 1, 2, 3;
    %and;
    %or;
    %load/vec4 v000002408de22ae0_0;
    %parti/s 1, 4, 4;
    %load/vec4 v000002408de22ae0_0;
    %parti/s 1, 3, 3;
    %and;
    %load/vec4 v000002408de22ae0_0;
    %parti/s 1, 2, 3;
    %and;
    %load/vec4 v000002408de22a40_0;
    %parti/s 1, 1, 2;
    %and;
    %or;
    %load/vec4 v000002408de22ae0_0;
    %parti/s 1, 4, 4;
    %load/vec4 v000002408de22ae0_0;
    %parti/s 1, 3, 3;
    %and;
    %load/vec4 v000002408de22ae0_0;
    %parti/s 1, 2, 3;
    %and;
    %load/vec4 v000002408de22ae0_0;
    %parti/s 1, 1, 2;
    %and;
    %load/vec4 v000002408de22a40_0;
    %parti/s 1, 0, 2;
    %and;
    %or;
    %load/vec4 v000002408de22ae0_0;
    %parti/s 1, 4, 4;
    %load/vec4 v000002408de22ae0_0;
    %parti/s 1, 3, 3;
    %and;
    %load/vec4 v000002408de22ae0_0;
    %parti/s 1, 2, 3;
    %and;
    %load/vec4 v000002408de22ae0_0;
    %parti/s 1, 1, 2;
    %and;
    %load/vec4 v000002408de22ae0_0;
    %parti/s 1, 0, 2;
    %and;
    %load/vec4 v000002408de22900_0;
    %parti/s 1, 0, 2;
    %and;
    %or;
    %ix/load 4, 5, 0;
    %flag_set/imm 4, 0;
    %store/vec4 v000002408de22900_0, 4, 1;
    %load/vec4 v000002408de22a40_0;
    %parti/s 1, 5, 4;
    %load/vec4 v000002408de22ae0_0;
    %parti/s 1, 5, 4;
    %load/vec4 v000002408de22a40_0;
    %parti/s 1, 4, 4;
    %and;
    %or;
    %load/vec4 v000002408de22ae0_0;
    %parti/s 1, 5, 4;
    %load/vec4 v000002408de22ae0_0;
    %parti/s 1, 4, 4;
    %and;
    %load/vec4 v000002408de22a40_0;
    %parti/s 1, 3, 3;
    %and;
    %or;
    %load/vec4 v000002408de22ae0_0;
    %parti/s 1, 5, 4;
    %load/vec4 v000002408de22ae0_0;
    %parti/s 1, 4, 4;
    %and;
    %load/vec4 v000002408de22ae0_0;
    %parti/s 1, 3, 3;
    %and;
    %load/vec4 v000002408de22a40_0;
    %parti/s 1, 2, 3;
    %and;
    %or;
    %load/vec4 v000002408de22ae0_0;
    %parti/s 1, 5, 4;
    %load/vec4 v000002408de22ae0_0;
    %parti/s 1, 4, 4;
    %and;
    %load/vec4 v000002408de22ae0_0;
    %parti/s 1, 3, 3;
    %and;
    %load/vec4 v000002408de22ae0_0;
    %parti/s 1, 2, 3;
    %and;
    %load/vec4 v000002408de22a40_0;
    %parti/s 1, 1, 2;
    %and;
    %or;
    %load/vec4 v000002408de22ae0_0;
    %parti/s 1, 5, 4;
    %load/vec4 v000002408de22ae0_0;
    %parti/s 1, 4, 4;
    %and;
    %load/vec4 v000002408de22ae0_0;
    %parti/s 1, 3, 3;
    %and;
    %load/vec4 v000002408de22ae0_0;
    %parti/s 1, 2, 3;
    %and;
    %load/vec4 v000002408de22ae0_0;
    %parti/s 1, 1, 2;
    %and;
    %load/vec4 v000002408de22a40_0;
    %parti/s 1, 0, 2;
    %and;
    %or;
    %load/vec4 v000002408de22ae0_0;
    %parti/s 1, 5, 4;
    %load/vec4 v000002408de22ae0_0;
    %parti/s 1, 4, 4;
    %and;
    %load/vec4 v000002408de22ae0_0;
    %parti/s 1, 3, 3;
    %and;
    %load/vec4 v000002408de22ae0_0;
    %parti/s 1, 2, 3;
    %and;
    %load/vec4 v000002408de22ae0_0;
    %parti/s 1, 1, 2;
    %and;
    %load/vec4 v000002408de22ae0_0;
    %parti/s 1, 0, 2;
    %and;
    %load/vec4 v000002408de22900_0;
    %parti/s 1, 0, 2;
    %and;
    %or;
    %ix/load 4, 6, 0;
    %flag_set/imm 4, 0;
    %store/vec4 v000002408de22900_0, 4, 1;
    %load/vec4 v000002408de22a40_0;
    %parti/s 1, 6, 4;
    %load/vec4 v000002408de22ae0_0;
    %parti/s 1, 6, 4;
    %load/vec4 v000002408de22a40_0;
    %parti/s 1, 5, 4;
    %and;
    %or;
    %load/vec4 v000002408de22ae0_0;
    %parti/s 1, 6, 4;
    %load/vec4 v000002408de22ae0_0;
    %parti/s 1, 5, 4;
    %and;
    %load/vec4 v000002408de22a40_0;
    %parti/s 1, 4, 4;
    %and;
    %or;
    %load/vec4 v000002408de22ae0_0;
    %parti/s 1, 6, 4;
    %load/vec4 v000002408de22ae0_0;
    %parti/s 1, 5, 4;
    %and;
    %load/vec4 v000002408de22ae0_0;
    %parti/s 1, 4, 4;
    %and;
    %load/vec4 v000002408de22a40_0;
    %parti/s 1, 3, 3;
    %and;
    %or;
    %load/vec4 v000002408de22ae0_0;
    %parti/s 1, 6, 4;
    %load/vec4 v000002408de22ae0_0;
    %parti/s 1, 5, 4;
    %and;
    %load/vec4 v000002408de22ae0_0;
    %parti/s 1, 4, 4;
    %and;
    %load/vec4 v000002408de22ae0_0;
    %parti/s 1, 3, 3;
    %and;
    %load/vec4 v000002408de22a40_0;
    %parti/s 1, 2, 3;
    %and;
    %or;
    %load/vec4 v000002408de22ae0_0;
    %parti/s 1, 6, 4;
    %load/vec4 v000002408de22ae0_0;
    %parti/s 1, 5, 4;
    %and;
    %load/vec4 v000002408de22ae0_0;
    %parti/s 1, 4, 4;
    %and;
    %load/vec4 v000002408de22ae0_0;
    %parti/s 1, 3, 3;
    %and;
    %load/vec4 v000002408de22ae0_0;
    %parti/s 1, 2, 3;
    %and;
    %load/vec4 v000002408de22a40_0;
    %parti/s 1, 1, 2;
    %and;
    %or;
    %load/vec4 v000002408de22ae0_0;
    %parti/s 1, 6, 4;
    %load/vec4 v000002408de22ae0_0;
    %parti/s 1, 5, 4;
    %and;
    %load/vec4 v000002408de22ae0_0;
    %parti/s 1, 4, 4;
    %and;
    %load/vec4 v000002408de22ae0_0;
    %parti/s 1, 3, 3;
    %and;
    %load/vec4 v000002408de22ae0_0;
    %parti/s 1, 2, 3;
    %and;
    %load/vec4 v000002408de22ae0_0;
    %parti/s 1, 1, 2;
    %and;
    %load/vec4 v000002408de22a40_0;
    %parti/s 1, 0, 2;
    %and;
    %or;
    %load/vec4 v000002408de22ae0_0;
    %parti/s 1, 6, 4;
    %load/vec4 v000002408de22ae0_0;
    %parti/s 1, 5, 4;
    %and;
    %load/vec4 v000002408de22ae0_0;
    %parti/s 1, 4, 4;
    %and;
    %load/vec4 v000002408de22ae0_0;
    %parti/s 1, 3, 3;
    %and;
    %load/vec4 v000002408de22ae0_0;
    %parti/s 1, 2, 3;
    %and;
    %load/vec4 v000002408de22ae0_0;
    %parti/s 1, 1, 2;
    %and;
    %load/vec4 v000002408de22ae0_0;
    %parti/s 1, 0, 2;
    %and;
    %load/vec4 v000002408de22900_0;
    %parti/s 1, 0, 2;
    %and;
    %or;
    %ix/load 4, 7, 0;
    %flag_set/imm 4, 0;
    %store/vec4 v000002408de22900_0, 4, 1;
    %load/vec4 v000002408de22a40_0;
    %parti/s 1, 7, 4;
    %load/vec4 v000002408de22ae0_0;
    %parti/s 1, 7, 4;
    %load/vec4 v000002408de22a40_0;
    %parti/s 1, 6, 4;
    %and;
    %or;
    %load/vec4 v000002408de22ae0_0;
    %parti/s 1, 7, 4;
    %load/vec4 v000002408de22ae0_0;
    %parti/s 1, 6, 4;
    %and;
    %load/vec4 v000002408de22a40_0;
    %parti/s 1, 5, 4;
    %and;
    %or;
    %load/vec4 v000002408de22ae0_0;
    %parti/s 1, 7, 4;
    %load/vec4 v000002408de22ae0_0;
    %parti/s 1, 6, 4;
    %and;
    %load/vec4 v000002408de22ae0_0;
    %parti/s 1, 5, 4;
    %and;
    %load/vec4 v000002408de22a40_0;
    %parti/s 1, 4, 4;
    %and;
    %or;
    %load/vec4 v000002408de22ae0_0;
    %parti/s 1, 7, 4;
    %load/vec4 v000002408de22ae0_0;
    %parti/s 1, 6, 4;
    %and;
    %load/vec4 v000002408de22ae0_0;
    %parti/s 1, 5, 4;
    %and;
    %load/vec4 v000002408de22ae0_0;
    %parti/s 1, 4, 4;
    %and;
    %load/vec4 v000002408de22a40_0;
    %parti/s 1, 3, 3;
    %and;
    %or;
    %load/vec4 v000002408de22ae0_0;
    %parti/s 1, 7, 4;
    %load/vec4 v000002408de22ae0_0;
    %parti/s 1, 6, 4;
    %and;
    %load/vec4 v000002408de22ae0_0;
    %parti/s 1, 5, 4;
    %and;
    %load/vec4 v000002408de22ae0_0;
    %parti/s 1, 4, 4;
    %and;
    %load/vec4 v000002408de22ae0_0;
    %parti/s 1, 3, 3;
    %and;
    %load/vec4 v000002408de22a40_0;
    %parti/s 1, 2, 3;
    %and;
    %or;
    %load/vec4 v000002408de22ae0_0;
    %parti/s 1, 7, 4;
    %load/vec4 v000002408de22ae0_0;
    %parti/s 1, 6, 4;
    %and;
    %load/vec4 v000002408de22ae0_0;
    %parti/s 1, 5, 4;
    %and;
    %load/vec4 v000002408de22ae0_0;
    %parti/s 1, 4, 4;
    %and;
    %load/vec4 v000002408de22ae0_0;
    %parti/s 1, 3, 3;
    %and;
    %load/vec4 v000002408de22ae0_0;
    %parti/s 1, 2, 3;
    %and;
    %load/vec4 v000002408de22a40_0;
    %parti/s 1, 1, 2;
    %and;
    %or;
    %load/vec4 v000002408de22ae0_0;
    %parti/s 1, 7, 4;
    %load/vec4 v000002408de22ae0_0;
    %parti/s 1, 6, 4;
    %and;
    %load/vec4 v000002408de22ae0_0;
    %parti/s 1, 5, 4;
    %and;
    %load/vec4 v000002408de22ae0_0;
    %parti/s 1, 4, 4;
    %and;
    %load/vec4 v000002408de22ae0_0;
    %parti/s 1, 3, 3;
    %and;
    %load/vec4 v000002408de22ae0_0;
    %parti/s 1, 2, 3;
    %and;
    %load/vec4 v000002408de22ae0_0;
    %parti/s 1, 1, 2;
    %and;
    %load/vec4 v000002408de22a40_0;
    %parti/s 1, 0, 2;
    %and;
    %or;
    %load/vec4 v000002408de22ae0_0;
    %parti/s 1, 7, 4;
    %load/vec4 v000002408de22ae0_0;
    %parti/s 1, 6, 4;
    %and;
    %load/vec4 v000002408de22ae0_0;
    %parti/s 1, 5, 4;
    %and;
    %load/vec4 v000002408de22ae0_0;
    %parti/s 1, 4, 4;
    %and;
    %load/vec4 v000002408de22ae0_0;
    %parti/s 1, 3, 3;
    %and;
    %load/vec4 v000002408de22ae0_0;
    %parti/s 1, 2, 3;
    %and;
    %load/vec4 v000002408de22ae0_0;
    %parti/s 1, 1, 2;
    %and;
    %load/vec4 v000002408de22ae0_0;
    %parti/s 1, 0, 2;
    %and;
    %load/vec4 v000002408de22900_0;
    %parti/s 1, 0, 2;
    %and;
    %or;
    %ix/load 4, 8, 0;
    %flag_set/imm 4, 0;
    %store/vec4 v000002408de22900_0, 4, 1;
    %jmp T_0;
    .thread T_0, $push;
    .scope S_000002408de22770;
T_1 ;
    %wait E_000002408de6ea50;
    %load/vec4 v000002408de229a0_0;
    %ix/load 4, 0, 0;
    %flag_set/imm 4, 0;
    %store/vec4 v000002408de22900_0, 4, 1;
    %jmp T_1;
    .thread T_1, $push;
    .scope S_000002408de22770;
T_2 ;
    %wait E_000002408de6f450;
    %pushi/vec4 0, 0, 32;
    %store/vec4 v000002408decd150_0, 0, 32;
T_2.0 ;
    %load/vec4 v000002408decd150_0;
    %cmpi/s 8, 0, 32;
    %jmp/0xz T_2.1, 5;
    %load/vec4 v000002408de22e20_0;
    %load/vec4 v000002408decd150_0;
    %part/s 1;
    %load/vec4 v000002408de231b0_0;
    %load/vec4 v000002408decd150_0;
    %part/s 1;
    %and;
    %ix/getv/s 4, v000002408decd150_0;
    %store/vec4 v000002408de22a40_0, 4, 1;
    %load/vec4 v000002408de22e20_0;
    %load/vec4 v000002408decd150_0;
    %part/s 1;
    %load/vec4 v000002408de231b0_0;
    %load/vec4 v000002408decd150_0;
    %part/s 1;
    %xor;
    %ix/getv/s 4, v000002408decd150_0;
    %store/vec4 v000002408de22ae0_0, 4, 1;
    %load/vec4 v000002408decd150_0;
    %addi 1, 0, 32;
    %store/vec4 v000002408decd150_0, 0, 32;
    %jmp T_2.0;
T_2.1 ;
    %jmp T_2;
    .thread T_2, $push;
    .scope S_000002408de22770;
T_3 ;
    %wait E_000002408de6e8d0;
    %pushi/vec4 0, 0, 32;
    %store/vec4 v000002408decd150_0, 0, 32;
T_3.0 ;
    %load/vec4 v000002408decd150_0;
    %cmpi/s 8, 0, 32;
    %jmp/0xz T_3.1, 5;
    %load/vec4 v000002408de22ae0_0;
    %load/vec4 v000002408decd150_0;
    %part/s 1;
    %load/vec4 v000002408de22900_0;
    %load/vec4 v000002408decd150_0;
    %part/s 1;
    %xor;
    %ix/getv/s 4, v000002408decd150_0;
    %store/vec4 v000002408de22b80_0, 4, 1;
    %load/vec4 v000002408decd150_0;
    %addi 1, 0, 32;
    %store/vec4 v000002408decd150_0, 0, 32;
    %jmp T_3.0;
T_3.1 ;
    %jmp T_3;
    .thread T_3, $push;
# The file index is used to find the file name in the following table.
:file_names 3;
    "N/A";
    "<interactive>";
    "CLA8.v";
